Cargando paquete requerido: foreach
Cargando paquete requerido: iterators
Cargando paquete requerido: parallel
Cargando paquete requerido: R.oo
Cargando paquete requerido: R.methodsS3
R.methodsS3 v1.8.2 (2022-06-13 22:00:14 UTC) successfully loaded. See ?R.methodsS3 for help.
R.oo v1.27.0 (2024-11-01 18:00:02 UTC) successfully loaded. See ?R.oo for help.

Adjuntando el paquete: ‘R.oo’

The following object is masked from ‘package:R.methodsS3’:

    throw

The following objects are masked from ‘package:methods’:

    getClasses, getMethods

The following objects are masked from ‘package:base’:

    attach, detach, load, save

R.utils v2.12.3 (2023-11-18 01:00:02 UTC) successfully loaded. See ?R.utils for help.

Adjuntando el paquete: ‘R.utils’

The following object is masked from ‘package:gtools’:

    capture

The following object is masked from ‘package:utils’:

    timestamp

The following objects are masked from ‘package:base’:

    cat, commandArgs, getOption, isOpen, nullfile, parse, use, warnings


Adjuntando el paquete: ‘magrittr’

The following object is masked from ‘package:R.utils’:

    extract

The following object is masked from ‘package:R.oo’:

    equals

── Attaching core tidyverse packages ──────────────────────── tidyverse 2.0.0 ──
✔ dplyr     1.1.4     ✔ readr     2.1.5
✔ forcats   1.0.0     ✔ stringr   1.5.1
✔ ggplot2   3.5.1     ✔ tibble    3.2.1
✔ lubridate 1.9.3     ✔ tidyr     1.3.1
✔ purrr     1.0.2     
── Conflicts ────────────────────────────────────────── tidyverse_conflicts() ──
✖ purrr::accumulate() masks foreach::accumulate()
✖ magrittr::equals()  masks R.oo::equals()
✖ tidyr::extract()    masks magrittr::extract(), R.utils::extract()
✖ dplyr::filter()     masks stats::filter()
✖ dplyr::lag()        masks stats::lag()
✖ purrr::set_names()  masks magrittr::set_names()
✖ purrr::when()       masks foreach::when()
ℹ Use the conflicted package (<http://conflicted.r-lib.org/>) to force all conflicts to become errors
[1] "/home/user/MARTA/LABO/PULPO/PULPO_synthetic/results/DATA/Patients//Syntheticpatient1/OGMdata/"
Warning: File with “Rare_Variant_Analysis” was not found for the patient Syntheticpatient1. Using file:smap_sintetico_01.smap
[1] "/home/user/MARTA/LABO/PULPO/PULPO_synthetic/results/DATA/Patients//Syntheticpatient10/OGMdata/"
Warning: File with “Rare_Variant_Analysis” was not found for the patient Syntheticpatient10. Using file:smap_sintetico_10.smap
[1] "/home/user/MARTA/LABO/PULPO/PULPO_synthetic/results/DATA/Patients//Syntheticpatient2/OGMdata/"
Warning: File with “Rare_Variant_Analysis” was not found for the patient Syntheticpatient2. Using file:smap_sintetico_02.smap
[1] "/home/user/MARTA/LABO/PULPO/PULPO_synthetic/results/DATA/Patients//Syntheticpatient3/OGMdata/"
Warning: File with “Rare_Variant_Analysis” was not found for the patient Syntheticpatient3. Using file:smap_sintetico_03.smap
[1] "/home/user/MARTA/LABO/PULPO/PULPO_synthetic/results/DATA/Patients//Syntheticpatient4/OGMdata/"
Warning: File with “Rare_Variant_Analysis” was not found for the patient Syntheticpatient4. Using file:smap_sintetico_04.smap
[1] "/home/user/MARTA/LABO/PULPO/PULPO_synthetic/results/DATA/Patients//Syntheticpatient5/OGMdata/"
Warning: File with “Rare_Variant_Analysis” was not found for the patient Syntheticpatient5. Using file:smap_sintetico_05.smap
[1] "/home/user/MARTA/LABO/PULPO/PULPO_synthetic/results/DATA/Patients//Syntheticpatient6/OGMdata/"
Warning: File with “Rare_Variant_Analysis” was not found for the patient Syntheticpatient6. Using file:smap_sintetico_06.smap
[1] "/home/user/MARTA/LABO/PULPO/PULPO_synthetic/results/DATA/Patients//Syntheticpatient7/OGMdata/"
Warning: File with “Rare_Variant_Analysis” was not found for the patient Syntheticpatient7. Using file:smap_sintetico_07.smap
[1] "/home/user/MARTA/LABO/PULPO/PULPO_synthetic/results/DATA/Patients//Syntheticpatient8/OGMdata/"
Warning: File with “Rare_Variant_Analysis” was not found for the patient Syntheticpatient8. Using file:smap_sintetico_08.smap
[1] "/home/user/MARTA/LABO/PULPO/PULPO_synthetic/results/DATA/Patients//Syntheticpatient9/OGMdata/"
Warning: File with “Rare_Variant_Analysis” was not found for the patient Syntheticpatient9. Using file:smap_sintetico_09.smap
