Building DAG of jobs...
Using shell: /usr/bin/bash
Provided cores: 4
Rules claiming more threads will be scaled down.
Job stats:
job                        count
-----------------------  -------
bionanotosigprofilercnv        1
total                          1

Select jobs to execute...

[Thu Jun 12 16:00:15 2025]
rule bionanotosigprofilercnv:
    input: /home/user/MARTA/LABO/PULPO/PULPO_synthetic/results/CNVs/Patients/Syntheticpatient/Check/check_cnvs_done.txt
    output: /home/user/MARTA/LABO/PULPO/PULPO_synthetic/results/CNVs/Patients/Syntheticpatient/SigProfiler/data/SigProfilerCNVdf.tsv
    log: /home/user/MARTA/LABO/PULPO/PULPO_synthetic/logs/CNVs/Patients/Syntheticpatient/SigProfiler/bionanotosigprofilercnv.log
    jobid: 10
    reason: Missing output files: /home/user/MARTA/LABO/PULPO/PULPO_synthetic/results/CNVs/Patients/Syntheticpatient/SigProfiler/data/SigProfilerCNVdf.tsv
    wildcards: anonymised=Syntheticpatient
    resources: tmpdir=/tmp

[Thu Jun 12 16:00:16 2025]
Error in rule bionanotosigprofilercnv:
    jobid: 10
    input: /home/user/MARTA/LABO/PULPO/PULPO_synthetic/results/CNVs/Patients/Syntheticpatient/Check/check_cnvs_done.txt
    output: /home/user/MARTA/LABO/PULPO/PULPO_synthetic/results/CNVs/Patients/Syntheticpatient/SigProfiler/data/SigProfilerCNVdf.tsv
    log: /home/user/MARTA/LABO/PULPO/PULPO_synthetic/logs/CNVs/Patients/Syntheticpatient/SigProfiler/bionanotosigprofilercnv.log (check log file(s) for error details)
    shell:
        
        Rscript /home/user/MARTA/LABO/PULPO/PULPO-main/scripts/9_CNVTOFORMAT.R /home/user/MARTA/LABO/PULPO/PULPO_synthetic/results/DATA/Patients/Syntheticpatient/OGMdata/ /home/user/MARTA/LABO/PULPO/PULPO_synthetic/results/CNVs/Patients/Syntheticpatient/SigProfiler/data/SigProfilerCNVdf.tsv Syntheticpatient #&> /home/user/MARTA/LABO/PULPO/PULPO_synthetic/logs/CNVs/Patients/Syntheticpatient/SigProfiler/bionanotosigprofilercnv.log
        
        (one of the commands exited with non-zero exit code; note that snakemake uses bash strict mode!)

Shutting down, this might take some time.
Exiting because a job execution failed. Look above for error message
Complete log: .snakemake/log/2025-06-12T160011.918080.snakemake.log
