Building DAG of jobs...
Using shell: /usr/bin/bash
Provided cores: 4
Rules claiming more threads will be scaled down.
Job stats:
job                               count
------------------------------  -------
all                                   1
bedpetosigprofiler                    1
bionanotosigprofilercnv               1
check_cnvs                            1
formatbedpe                           1
mergepatientcnvs                      1
mergepatients                         1
sigprofilerextractor                  1
sigprofilerextractorcnv               1
sigprofilerextractorcnvscohort        1
sigprofilerextractorcohort            1
sigprofilermatrixgenerator            1
sigprofilermatrixgeneratorcnv         1
total                                13

Select jobs to execute...

[Thu Jun 12 15:49:17 2025]
rule formatbedpe:
    input: /home/user/MARTA/LABO/PULPO/PULPO_synthetic/results/SVs/Patients/Syntheticpatient/Check/check_svs_done.txt
    output: /home/user/MARTA/LABO/PULPO/PULPO_synthetic/results/SVs/Patients/Syntheticpatient/ProcessData/Syntheticpatient.bedpe
    log: /home/user/MARTA/LABO/PULPO/PULPO_synthetic/logs/SVs/Patients/Syntheticpatient/formatbedpe/formatbedpe.log
    jobid: 3
    reason: Missing output files: /home/user/MARTA/LABO/PULPO/PULPO_synthetic/results/SVs/Patients/Syntheticpatient/ProcessData/Syntheticpatient.bedpe
    wildcards: anonymised=Syntheticpatient
    resources: tmpdir=/tmp


[Thu Jun 12 15:49:18 2025]
rule check_cnvs:
    input: /home/user/MARTA/LABO/PULPO/PULPO_synthetic/logs/DATA/descompressOGM/succesfulldescompresion.txt, /home/user/MARTA/LABO/PULPO/PULPO_synthetic/results/DATA/Patients/Syntheticpatient/OGMdata
    output: /home/user/MARTA/LABO/PULPO/PULPO_synthetic/results/CNVs/Patients/Syntheticpatient/Check/check_cnvs_done.txt
    jobid: 9
    reason: Missing output files: /home/user/MARTA/LABO/PULPO/PULPO_synthetic/results/CNVs/Patients/Syntheticpatient/Check/check_cnvs_done.txt
    wildcards: anonymised=Syntheticpatient
    resources: tmpdir=/tmp

[Thu Jun 12 15:49:18 2025]
Finished job 9.
1 of 13 steps (8%) done
Select jobs to execute...

[Thu Jun 12 15:49:18 2025]
rule bionanotosigprofilercnv:
    input: /home/user/MARTA/LABO/PULPO/PULPO_synthetic/results/CNVs/Patients/Syntheticpatient/Check/check_cnvs_done.txt
    output: /home/user/MARTA/LABO/PULPO/PULPO_synthetic/results/CNVs/Patients/Syntheticpatient/SigProfiler/data/SigProfilerCNVdf.tsv
    log: /home/user/MARTA/LABO/PULPO/PULPO_synthetic/logs/CNVs/Patients/Syntheticpatient/SigProfiler/bionanotosigprofilercnv.log
    jobid: 10
    reason: Missing output files: /home/user/MARTA/LABO/PULPO/PULPO_synthetic/results/CNVs/Patients/Syntheticpatient/SigProfiler/data/SigProfilerCNVdf.tsv; Input files updated by another job: /home/user/MARTA/LABO/PULPO/PULPO_synthetic/results/CNVs/Patients/Syntheticpatient/Check/check_cnvs_done.txt
    wildcards: anonymised=Syntheticpatient
    resources: tmpdir=/tmp

[Thu Jun 12 15:49:19 2025]
Error in rule bionanotosigprofilercnv:
    jobid: 10
    input: /home/user/MARTA/LABO/PULPO/PULPO_synthetic/results/CNVs/Patients/Syntheticpatient/Check/check_cnvs_done.txt
    output: /home/user/MARTA/LABO/PULPO/PULPO_synthetic/results/CNVs/Patients/Syntheticpatient/SigProfiler/data/SigProfilerCNVdf.tsv
    log: /home/user/MARTA/LABO/PULPO/PULPO_synthetic/logs/CNVs/Patients/Syntheticpatient/SigProfiler/bionanotosigprofilercnv.log (check log file(s) for error details)
    shell:
        
        Rscript /home/user/MARTA/LABO/PULPO/PULPO-main/scripts/9.CNVTOFORMAT.R /home/user/MARTA/LABO/PULPO/PULPO_synthetic/results/DATA/Patients/Syntheticpatient/OGMdata/ /home/user/MARTA/LABO/PULPO/PULPO_synthetic/results/CNVs/Patients/Syntheticpatient/SigProfiler/data/SigProfilerCNVdf.tsv Syntheticpatient #&> /home/user/MARTA/LABO/PULPO/PULPO_synthetic/logs/CNVs/Patients/Syntheticpatient/SigProfiler/bionanotosigprofilercnv.log
        
        (one of the commands exited with non-zero exit code; note that snakemake uses bash strict mode!)

[Thu Jun 12 15:49:20 2025]
Finished job 3.
2 of 13 steps (15%) done
Shutting down, this might take some time.
Exiting because a job execution failed. Look above for error message
Complete log: .snakemake/log/2025-06-12T154914.171134.snakemake.log
