Building DAG of jobs...
Using shell: /usr/bin/bash
Provided cores: 4
Rules claiming more threads will be scaled down.
Job stats:
job                           count
--------------------------  -------
bedpetosigprofiler                2
sigprofilermatrixgenerator       10
total                            12

Select jobs to execute...

[Fri Jun 13 11:59:58 2025]
rule sigprofilermatrixgenerator:
    input: /home/user/MARTA/LABO/PULPO/PULPO_synthetic/results/SVs/Patients/Syntheticpatient10/SigProfiler/data/SigProfilerSVdf.bedpe
    output: /home/user/MARTA/LABO/PULPO/PULPO_synthetic/results/SVs/Patients/Syntheticpatient10/SigProfiler/results/MatrixGenerator, /home/user/MARTA/LABO/PULPO/PULPO_synthetic/results/SVs/Patients/Syntheticpatient10/SigProfiler/results/MatrixGenerator/Syntheticpatient10.SV32.matrix.tsv
    log: /home/user/MARTA/LABO/PULPO/PULPO_synthetic/logs/SVs/Patients/Syntheticpatient10/SigProfiler/sigprofilermatrix.log
    jobid: 41
    reason: Missing output files: /home/user/MARTA/LABO/PULPO/PULPO_synthetic/results/SVs/Patients/Syntheticpatient10/SigProfiler/results/MatrixGenerator, /home/user/MARTA/LABO/PULPO/PULPO_synthetic/results/SVs/Patients/Syntheticpatient10/SigProfiler/results/MatrixGenerator/Syntheticpatient10.SV32.matrix.tsv
    wildcards: anonymised=Syntheticpatient10
    resources: tmpdir=/tmp


[Fri Jun 13 11:59:59 2025]
rule sigprofilermatrixgenerator:
    input: /home/user/MARTA/LABO/PULPO/PULPO_synthetic/results/SVs/Patients/Syntheticpatient1/SigProfiler/data/SigProfilerSVdf.bedpe
    output: /home/user/MARTA/LABO/PULPO/PULPO_synthetic/results/SVs/Patients/Syntheticpatient1/SigProfiler/results/MatrixGenerator, /home/user/MARTA/LABO/PULPO/PULPO_synthetic/results/SVs/Patients/Syntheticpatient1/SigProfiler/results/MatrixGenerator/Syntheticpatient1.SV32.matrix.tsv
    log: /home/user/MARTA/LABO/PULPO/PULPO_synthetic/logs/SVs/Patients/Syntheticpatient1/SigProfiler/sigprofilermatrix.log
    jobid: 32
    reason: Missing output files: /home/user/MARTA/LABO/PULPO/PULPO_synthetic/results/SVs/Patients/Syntheticpatient1/SigProfiler/results/MatrixGenerator/Syntheticpatient1.SV32.matrix.tsv, /home/user/MARTA/LABO/PULPO/PULPO_synthetic/results/SVs/Patients/Syntheticpatient1/SigProfiler/results/MatrixGenerator
    wildcards: anonymised=Syntheticpatient1
    resources: tmpdir=/tmp


[Fri Jun 13 11:59:59 2025]
rule sigprofilermatrixgenerator:
    input: /home/user/MARTA/LABO/PULPO/PULPO_synthetic/results/SVs/Patients/Syntheticpatient6/SigProfiler/data/SigProfilerSVdf.bedpe
    output: /home/user/MARTA/LABO/PULPO/PULPO_synthetic/results/SVs/Patients/Syntheticpatient6/SigProfiler/results/MatrixGenerator, /home/user/MARTA/LABO/PULPO/PULPO_synthetic/results/SVs/Patients/Syntheticpatient6/SigProfiler/results/MatrixGenerator/Syntheticpatient6.SV32.matrix.tsv
    log: /home/user/MARTA/LABO/PULPO/PULPO_synthetic/logs/SVs/Patients/Syntheticpatient6/SigProfiler/sigprofilermatrix.log
    jobid: 37
    reason: Missing output files: /home/user/MARTA/LABO/PULPO/PULPO_synthetic/results/SVs/Patients/Syntheticpatient6/SigProfiler/results/MatrixGenerator, /home/user/MARTA/LABO/PULPO/PULPO_synthetic/results/SVs/Patients/Syntheticpatient6/SigProfiler/results/MatrixGenerator/Syntheticpatient6.SV32.matrix.tsv
    wildcards: anonymised=Syntheticpatient6
    resources: tmpdir=/tmp


[Fri Jun 13 11:59:59 2025]
rule sigprofilermatrixgenerator:
    input: /home/user/MARTA/LABO/PULPO/PULPO_synthetic/results/SVs/Patients/Syntheticpatient3/SigProfiler/data/SigProfilerSVdf.bedpe
    output: /home/user/MARTA/LABO/PULPO/PULPO_synthetic/results/SVs/Patients/Syntheticpatient3/SigProfiler/results/MatrixGenerator, /home/user/MARTA/LABO/PULPO/PULPO_synthetic/results/SVs/Patients/Syntheticpatient3/SigProfiler/results/MatrixGenerator/Syntheticpatient3.SV32.matrix.tsv
    log: /home/user/MARTA/LABO/PULPO/PULPO_synthetic/logs/SVs/Patients/Syntheticpatient3/SigProfiler/sigprofilermatrix.log
    jobid: 34
    reason: Missing output files: /home/user/MARTA/LABO/PULPO/PULPO_synthetic/results/SVs/Patients/Syntheticpatient3/SigProfiler/results/MatrixGenerator, /home/user/MARTA/LABO/PULPO/PULPO_synthetic/results/SVs/Patients/Syntheticpatient3/SigProfiler/results/MatrixGenerator/Syntheticpatient3.SV32.matrix.tsv
    wildcards: anonymised=Syntheticpatient3
    resources: tmpdir=/tmp

Waiting at most 5 seconds for missing files.
MissingOutputException in rule sigprofilermatrixgenerator in file /home/user/MARTA/LABO/PULPO/PULPO_synthetic/rules/2.1_Individualanalysis_SVs.smk, line 1:
Job 41  completed successfully, but some output files are missing. Missing files after 5 seconds. This might be due to filesystem latency. If that is the case, consider to increase the wait time with --latency-wait:
/home/user/MARTA/LABO/PULPO/PULPO_synthetic/results/SVs/Patients/Syntheticpatient10/SigProfiler/results/MatrixGenerator/Syntheticpatient10.SV32.matrix.tsv
Removing output files of failed job sigprofilermatrixgenerator since they might be corrupted:
/home/user/MARTA/LABO/PULPO/PULPO_synthetic/results/SVs/Patients/Syntheticpatient10/SigProfiler/results/MatrixGenerator
Waiting at most 5 seconds for missing files.
MissingOutputException in rule sigprofilermatrixgenerator in file /home/user/MARTA/LABO/PULPO/PULPO_synthetic/rules/2.1_Individualanalysis_SVs.smk, line 1:
Job 34  completed successfully, but some output files are missing. Missing files after 5 seconds. This might be due to filesystem latency. If that is the case, consider to increase the wait time with --latency-wait:
/home/user/MARTA/LABO/PULPO/PULPO_synthetic/results/SVs/Patients/Syntheticpatient3/SigProfiler/results/MatrixGenerator/Syntheticpatient3.SV32.matrix.tsv
Removing output files of failed job sigprofilermatrixgenerator since they might be corrupted:
/home/user/MARTA/LABO/PULPO/PULPO_synthetic/results/SVs/Patients/Syntheticpatient3/SigProfiler/results/MatrixGenerator
Waiting at most 5 seconds for missing files.
MissingOutputException in rule sigprofilermatrixgenerator in file /home/user/MARTA/LABO/PULPO/PULPO_synthetic/rules/2.1_Individualanalysis_SVs.smk, line 1:
Job 32  completed successfully, but some output files are missing. Missing files after 5 seconds. This might be due to filesystem latency. If that is the case, consider to increase the wait time with --latency-wait:
/home/user/MARTA/LABO/PULPO/PULPO_synthetic/results/SVs/Patients/Syntheticpatient1/SigProfiler/results/MatrixGenerator/Syntheticpatient1.SV32.matrix.tsv
Removing output files of failed job sigprofilermatrixgenerator since they might be corrupted:
/home/user/MARTA/LABO/PULPO/PULPO_synthetic/results/SVs/Patients/Syntheticpatient1/SigProfiler/results/MatrixGenerator
Waiting at most 5 seconds for missing files.
MissingOutputException in rule sigprofilermatrixgenerator in file /home/user/MARTA/LABO/PULPO/PULPO_synthetic/rules/2.1_Individualanalysis_SVs.smk, line 1:
Job 37  completed successfully, but some output files are missing. Missing files after 5 seconds. This might be due to filesystem latency. If that is the case, consider to increase the wait time with --latency-wait:
/home/user/MARTA/LABO/PULPO/PULPO_synthetic/results/SVs/Patients/Syntheticpatient6/SigProfiler/results/MatrixGenerator/Syntheticpatient6.SV32.matrix.tsv
Removing output files of failed job sigprofilermatrixgenerator since they might be corrupted:
/home/user/MARTA/LABO/PULPO/PULPO_synthetic/results/SVs/Patients/Syntheticpatient6/SigProfiler/results/MatrixGenerator
Shutting down, this might take some time.
Exiting because a job execution failed. Look above for error message
Complete log: .snakemake/log/2025-06-13T115954.761349.snakemake.log
