Building DAG of jobs...
Using shell: /usr/bin/bash
Provided cores: 4
Rules claiming more threads will be scaled down.
Job stats:
job                               count
------------------------------  -------
all                                   1
bedpetosigprofiler                    1
bionanotosigprofilercnv               1
check_cnvs                            1
check_svs                             1
descompressOGM                        1
formatbedpe                           1
mergepatientcnvs                      1
mergepatients                         1
sigprofilerextractor                  1
sigprofilerextractorcnv               1
sigprofilerextractorcnvscohort        1
sigprofilerextractorcohort            1
sigprofilermatrixgenerator            1
sigprofilermatrixgeneratorcnv         1
total                                15

Select jobs to execute...

[Thu Jun 12 13:37:45 2025]
rule descompressOGM:
    input: /home/user/MARTA/LABO/PULPO/PULPO_synthetic/Data, /home/user/MARTA/LABO/PULPO/PULPO_synthetic, /home/user/MARTA/LABO/PULPO/PULPO_synthetic/config/samples.tsv
    output: /home/user/MARTA/LABO/PULPO/PULPO_synthetic/logs/DATA/descompressOGM/succesfulldescompresion.txt, /home/user/MARTA/LABO/PULPO/PULPO_synthetic/results/DATA/Patients/Syntheticpatient/OGMdata
    log: /home/user/MARTA/LABO/PULPO/PULPO_synthetic/logs/DATA/descompressOGM/descompress.log
    jobid: 1
    reason: Missing output files: /home/user/MARTA/LABO/PULPO/PULPO_synthetic/results/DATA/Patients/Syntheticpatient/OGMdata, /home/user/MARTA/LABO/PULPO/PULPO_synthetic/logs/DATA/descompressOGM/succesfulldescompresion.txt
    resources: tmpdir=/tmp

Waiting at most 5 seconds for missing files.
MissingOutputException in rule descompressOGM in file /home/user/MARTA/LABO/PULPO/PULPO_synthetic/Snakefile, line 403:
Job 1  completed successfully, but some output files are missing. Missing files after 5 seconds. This might be due to filesystem latency. If that is the case, consider to increase the wait time with --latency-wait:
/home/user/MARTA/LABO/PULPO/PULPO_synthetic/results/DATA/Patients/Syntheticpatient/OGMdata
Removing output files of failed job descompressOGM since they might be corrupted:
/home/user/MARTA/LABO/PULPO/PULPO_synthetic/logs/DATA/descompressOGM/succesfulldescompresion.txt
Shutting down, this might take some time.
Exiting because a job execution failed. Look above for error message
Complete log: .snakemake/log/2025-06-12T133741.339293.snakemake.log
