Building DAG of jobs...
Using shell: /usr/bin/bash
Provided cores: 4
Rules claiming more threads will be scaled down.
Job stats:
job                 count
----------------  -------
check_svs               1
prepare_ogm_data        1
total                   2

Select jobs to execute...

[Thu Jun 12 15:48:13 2025]
rule prepare_ogm_data:
    output: /home/user/MARTA/LABO/PULPO/PULPO_synthetic/logs/DATA/descompressOGM/succesfulldescompresion.txt, /home/user/MARTA/LABO/PULPO/PULPO_synthetic/results/DATA/Patients/Syntheticpatient/OGMdata
    jobid: 1
    reason: Missing output files: /home/user/MARTA/LABO/PULPO/PULPO_synthetic/results/DATA/Patients/Syntheticpatient/OGMdata, /home/user/MARTA/LABO/PULPO/PULPO_synthetic/logs/DATA/descompressOGM/succesfulldescompresion.txt
    resources: tmpdir=/tmp

[Thu Jun 12 15:48:15 2025]
Finished job 1.
1 of 15 steps (7%) done
Select jobs to execute...

[Thu Jun 12 15:48:15 2025]
rule check_svs:
    input: /home/user/MARTA/LABO/PULPO/PULPO_synthetic/logs/DATA/descompressOGM/succesfulldescompresion.txt, /home/user/MARTA/LABO/PULPO/PULPO_synthetic/results/DATA/Patients/Syntheticpatient/OGMdata
    output: /home/user/MARTA/LABO/PULPO/PULPO_synthetic/results/SVs/Patients/Syntheticpatient/Check/check_svs_done.txt
    jobid: 2
    reason: Missing output files: /home/user/MARTA/LABO/PULPO/PULPO_synthetic/results/SVs/Patients/Syntheticpatient/Check/check_svs_done.txt; Input files updated by another job: /home/user/MARTA/LABO/PULPO/PULPO_synthetic/results/DATA/Patients/Syntheticpatient/OGMdata, /home/user/MARTA/LABO/PULPO/PULPO_synthetic/logs/DATA/descompressOGM/succesfulldescompresion.txt
    wildcards: anonymised=Syntheticpatient
    resources: tmpdir=/tmp

[Thu Jun 12 15:48:15 2025]
Finished job 2.
2 of 15 steps (13%) done
Complete log: .snakemake/log/2025-06-12T154809.834592.snakemake.log
