Building DAG of jobs...
Using shell: /usr/bin/bash
Provided cores: 4
Rules claiming more threads will be scaled down.
Job stats:
job          count
---------  -------
check_svs        1
total            1

Select jobs to execute...

[Thu Jun 12 15:10:16 2025]
rule check_svs:
    input: /home/user/MARTA/LABO/PULPO/PULPO_synthetic/logs/DATA/descompressOGM/succesfulldescompresion.txt, /home/user/MARTA/LABO/PULPO/PULPO_synthetic/results/DATA/Patients/Syntheticpatient/OGMdata
    output: /home/user/MARTA/LABO/PULPO/PULPO_synthetic/results/SVs/Patients/Syntheticpatient/Check/check_svs_done.txt
    jobid: 2
    reason: Missing output files: /home/user/MARTA/LABO/PULPO/PULPO_synthetic/results/SVs/Patients/Syntheticpatient/Check/check_svs_done.txt
    wildcards: anonymised=Syntheticpatient
    resources: tmpdir=/tmp

[Thu Jun 12 15:10:17 2025]
Error in rule check_svs:
    jobid: 2
    input: /home/user/MARTA/LABO/PULPO/PULPO_synthetic/logs/DATA/descompressOGM/succesfulldescompresion.txt, /home/user/MARTA/LABO/PULPO/PULPO_synthetic/results/DATA/Patients/Syntheticpatient/OGMdata
    output: /home/user/MARTA/LABO/PULPO/PULPO_synthetic/results/SVs/Patients/Syntheticpatient/Check/check_svs_done.txt
    shell:
        
        mkdir -p /home/user/MARTA/LABO/PULPO/PULPO_synthetic/results/SVs/Checkpoints
        echo "Processing sample Syntheticpatient..." >> /home/user/MARTA/LABO/PULPO/PULPO_synthetic/results/SVs/Checkpoints/check_svs_all.txt
        if ! Rscript /home/user/MARTA/LABO/PULPO/PULPO-main/scripts/CheckfilesSV.R Syntheticpatient /home/user/MARTA/LABO/PULPO/PULPO_synthetic/results/DATA/Patients/Syntheticpatient/OGMdata/ >> /home/user/MARTA/LABO/PULPO/PULPO_synthetic/results/SVs/Checkpoints/check_svs_all.txt 2>&1; then
            echo "Sample Syntheticpatient failed. See /home/user/MARTA/LABO/PULPO/PULPO_synthetic/results/DATA/Patients/Syntheticpatient/OGMdata//check_svs_error.txt" >> /home/user/MARTA/LABO/PULPO/PULPO_synthetic/results/SVs/Checkpoints/check_svs_all.txt
            exit 1
        fi
        echo "Finished processing sample Syntheticpatient" >> /home/user/MARTA/LABO/PULPO/PULPO_synthetic/results/SVs/Checkpoints/check_svs_all.txt
        touch /home/user/MARTA/LABO/PULPO/PULPO_synthetic/results/SVs/Patients/Syntheticpatient/Check/check_svs_done.txt
        
        (one of the commands exited with non-zero exit code; note that snakemake uses bash strict mode!)

Shutting down, this might take some time.
Exiting because a job execution failed. Look above for error message
Complete log: .snakemake/log/2025-06-12T151013.051992.snakemake.log
