Building DAG of jobs...
Using shell: /usr/bin/bash
Provided cores: 4
Rules claiming more threads will be scaled down.
Job stats:
job                           count
--------------------------  -------
bedpetosigprofiler                8
check_svs                         2
formatbedpe                       2
sigprofilermatrixgenerator        9
total                            21

Select jobs to execute...

[Fri Jun 13 12:39:57 2025]
rule check_svs:
    input: /home/user/MARTA/LABO/PULPO/PULPO_synthetic/logs/DATA/descompressOGM/succesfulldescompresion.txt, /home/user/MARTA/LABO/PULPO/PULPO_synthetic/results/DATA/Patients/Syntheticpatient5/OGMdata
    output: /home/user/MARTA/LABO/PULPO/PULPO_synthetic/results/SVs/Patients/Syntheticpatient5/Check/check_svs_done.txt
    jobid: 6
    reason: Missing output files: /home/user/MARTA/LABO/PULPO/PULPO_synthetic/results/SVs/Patients/Syntheticpatient5/Check/check_svs_done.txt
    wildcards: anonymised=Syntheticpatient5
    resources: tmpdir=/tmp


[Fri Jun 13 12:39:58 2025]
rule bedpetosigprofiler:
    input: /home/user/MARTA/LABO/PULPO/PULPO_synthetic/results/SVs/Patients/Syntheticpatient1/ProcessData/Syntheticpatient1.bedpe
    output: /home/user/MARTA/LABO/PULPO/PULPO_synthetic/results/SVs/Patients/Syntheticpatient1/SigProfiler/data/SigProfilerSVdf.bedpe
    log: /home/user/MARTA/LABO/PULPO/PULPO_synthetic/logs/SVs/Patients/Syntheticpatient1/SigProfiler/bedpetosigprofilermatrix.log
    jobid: 22
    reason: Missing output files: /home/user/MARTA/LABO/PULPO/PULPO_synthetic/results/SVs/Patients/Syntheticpatient1/SigProfiler/data/SigProfilerSVdf.bedpe
    wildcards: anonymised=Syntheticpatient1
    resources: tmpdir=/tmp


[Fri Jun 13 12:39:58 2025]
rule bedpetosigprofiler:
    input: /home/user/MARTA/LABO/PULPO/PULPO_synthetic/results/SVs/Patients/Syntheticpatient2/ProcessData/Syntheticpatient2.bedpe
    output: /home/user/MARTA/LABO/PULPO/PULPO_synthetic/results/SVs/Patients/Syntheticpatient2/SigProfiler/data/SigProfilerSVdf.bedpe
    log: /home/user/MARTA/LABO/PULPO/PULPO_synthetic/logs/SVs/Patients/Syntheticpatient2/SigProfiler/bedpetosigprofilermatrix.log
    jobid: 23
    reason: Missing output files: /home/user/MARTA/LABO/PULPO/PULPO_synthetic/results/SVs/Patients/Syntheticpatient2/SigProfiler/data/SigProfilerSVdf.bedpe
    wildcards: anonymised=Syntheticpatient2
    resources: tmpdir=/tmp


[Fri Jun 13 12:39:58 2025]
rule bedpetosigprofiler:
    input: /home/user/MARTA/LABO/PULPO/PULPO_synthetic/results/SVs/Patients/Syntheticpatient3/ProcessData/Syntheticpatient3.bedpe
    output: /home/user/MARTA/LABO/PULPO/PULPO_synthetic/results/SVs/Patients/Syntheticpatient3/SigProfiler/data/SigProfilerSVdf.bedpe
    log: /home/user/MARTA/LABO/PULPO/PULPO_synthetic/logs/SVs/Patients/Syntheticpatient3/SigProfiler/bedpetosigprofilermatrix.log
    jobid: 24
    reason: Missing output files: /home/user/MARTA/LABO/PULPO/PULPO_synthetic/results/SVs/Patients/Syntheticpatient3/SigProfiler/data/SigProfilerSVdf.bedpe
    wildcards: anonymised=Syntheticpatient3
    resources: tmpdir=/tmp

[Fri Jun 13 12:39:58 2025]
Finished job 6.
1 of 62 steps (2%) done
Select jobs to execute...

[Fri Jun 13 12:39:58 2025]
rule formatbedpe:
    input: /home/user/MARTA/LABO/PULPO/PULPO_synthetic/results/SVs/Patients/Syntheticpatient5/Check/check_svs_done.txt
    output: /home/user/MARTA/LABO/PULPO/PULPO_synthetic/results/SVs/Patients/Syntheticpatient5/ProcessData/Syntheticpatient5.bedpe
    log: /home/user/MARTA/LABO/PULPO/PULPO_synthetic/logs/SVs/Patients/Syntheticpatient5/formatbedpe/formatbedpe.log
    jobid: 16
    reason: Input files updated by another job: /home/user/MARTA/LABO/PULPO/PULPO_synthetic/results/SVs/Patients/Syntheticpatient5/Check/check_svs_done.txt
    wildcards: anonymised=Syntheticpatient5
    resources: tmpdir=/tmp

[Fri Jun 13 12:39:59 2025]
Finished job 16.
2 of 62 steps (3%) done
Select jobs to execute...

[Fri Jun 13 12:39:59 2025]
rule bedpetosigprofiler:
    input: /home/user/MARTA/LABO/PULPO/PULPO_synthetic/results/SVs/Patients/Syntheticpatient10/ProcessData/Syntheticpatient10.bedpe
    output: /home/user/MARTA/LABO/PULPO/PULPO_synthetic/results/SVs/Patients/Syntheticpatient10/SigProfiler/data/SigProfilerSVdf.bedpe
    log: /home/user/MARTA/LABO/PULPO/PULPO_synthetic/logs/SVs/Patients/Syntheticpatient10/SigProfiler/bedpetosigprofilermatrix.log
    jobid: 31
    reason: Missing output files: /home/user/MARTA/LABO/PULPO/PULPO_synthetic/results/SVs/Patients/Syntheticpatient10/SigProfiler/data/SigProfilerSVdf.bedpe
    wildcards: anonymised=Syntheticpatient10
    resources: tmpdir=/tmp

[Fri Jun 13 12:40:00 2025]
Finished job 22.
3 of 62 steps (5%) done
Select jobs to execute...

[Fri Jun 13 12:40:00 2025]
rule bedpetosigprofiler:
    input: /home/user/MARTA/LABO/PULPO/PULPO_synthetic/results/SVs/Patients/Syntheticpatient8/ProcessData/Syntheticpatient8.bedpe
    output: /home/user/MARTA/LABO/PULPO/PULPO_synthetic/results/SVs/Patients/Syntheticpatient8/SigProfiler/data/SigProfilerSVdf.bedpe
    log: /home/user/MARTA/LABO/PULPO/PULPO_synthetic/logs/SVs/Patients/Syntheticpatient8/SigProfiler/bedpetosigprofilermatrix.log
    jobid: 29
    reason: Missing output files: /home/user/MARTA/LABO/PULPO/PULPO_synthetic/results/SVs/Patients/Syntheticpatient8/SigProfiler/data/SigProfilerSVdf.bedpe
    wildcards: anonymised=Syntheticpatient8
    resources: tmpdir=/tmp

[Fri Jun 13 12:40:00 2025]
Finished job 24.
4 of 62 steps (6%) done
Select jobs to execute...

[Fri Jun 13 12:40:00 2025]
rule sigprofilermatrixgenerator:
    input: /home/user/MARTA/LABO/PULPO/PULPO_synthetic/results/SVs/Patients/Syntheticpatient9/SigProfiler/data/SigProfilerSVdf.bedpe
    output: /home/user/MARTA/LABO/PULPO/PULPO_synthetic/results/SVs/Patients/Syntheticpatient9/SigProfiler/results/MatrixGenerator, /home/user/MARTA/LABO/PULPO/PULPO_synthetic/results/SVs/Patients/Syntheticpatient9/SigProfiler/results/MatrixGenerator/Syntheticpatient9.SV32.matrix.tsv
    log: /home/user/MARTA/LABO/PULPO/PULPO_synthetic/logs/SVs/Patients/Syntheticpatient9/SigProfiler/sigprofilermatrix.log
    jobid: 40
    reason: Missing output files: /home/user/MARTA/LABO/PULPO/PULPO_synthetic/results/SVs/Patients/Syntheticpatient9/SigProfiler/results/MatrixGenerator, /home/user/MARTA/LABO/PULPO/PULPO_synthetic/results/SVs/Patients/Syntheticpatient9/SigProfiler/results/MatrixGenerator/Syntheticpatient9.SV32.matrix.tsv, /home/user/MARTA/LABO/PULPO/PULPO_synthetic/logs/SVs/Patients/Syntheticpatient9/SigProfiler/sigprofilermatrix.log
    wildcards: anonymised=Syntheticpatient9
    resources: tmpdir=/tmp

[Fri Jun 13 12:40:00 2025]
Finished job 23.
5 of 62 steps (8%) done
Select jobs to execute...

[Fri Jun 13 12:40:00 2025]
rule sigprofilermatrixgenerator:
    input: /home/user/MARTA/LABO/PULPO/PULPO_synthetic/results/SVs/Patients/Syntheticpatient2/SigProfiler/data/SigProfilerSVdf.bedpe
    output: /home/user/MARTA/LABO/PULPO/PULPO_synthetic/results/SVs/Patients/Syntheticpatient2/SigProfiler/results/MatrixGenerator, /home/user/MARTA/LABO/PULPO/PULPO_synthetic/results/SVs/Patients/Syntheticpatient2/SigProfiler/results/MatrixGenerator/Syntheticpatient2.SV32.matrix.tsv
    log: /home/user/MARTA/LABO/PULPO/PULPO_synthetic/logs/SVs/Patients/Syntheticpatient2/SigProfiler/sigprofilermatrix.log
    jobid: 33
    reason: Missing output files: /home/user/MARTA/LABO/PULPO/PULPO_synthetic/logs/SVs/Patients/Syntheticpatient2/SigProfiler/sigprofilermatrix.log, /home/user/MARTA/LABO/PULPO/PULPO_synthetic/results/SVs/Patients/Syntheticpatient2/SigProfiler/results/MatrixGenerator, /home/user/MARTA/LABO/PULPO/PULPO_synthetic/results/SVs/Patients/Syntheticpatient2/SigProfiler/results/MatrixGenerator/Syntheticpatient2.SV32.matrix.tsv; Input files updated by another job: /home/user/MARTA/LABO/PULPO/PULPO_synthetic/results/SVs/Patients/Syntheticpatient2/SigProfiler/data/SigProfilerSVdf.bedpe
    wildcards: anonymised=Syntheticpatient2
    resources: tmpdir=/tmp

[Fri Jun 13 12:40:01 2025]
Finished job 31.
6 of 62 steps (10%) done
Select jobs to execute...

[Fri Jun 13 12:40:01 2025]
rule bedpetosigprofiler:
    input: /home/user/MARTA/LABO/PULPO/PULPO_synthetic/results/SVs/Patients/Syntheticpatient4/ProcessData/Syntheticpatient4.bedpe
    output: /home/user/MARTA/LABO/PULPO/PULPO_synthetic/results/SVs/Patients/Syntheticpatient4/SigProfiler/data/SigProfilerSVdf.bedpe
    log: /home/user/MARTA/LABO/PULPO/PULPO_synthetic/logs/SVs/Patients/Syntheticpatient4/SigProfiler/bedpetosigprofilermatrix.log
    jobid: 25
    reason: Missing output files: /home/user/MARTA/LABO/PULPO/PULPO_synthetic/results/SVs/Patients/Syntheticpatient4/SigProfiler/data/SigProfilerSVdf.bedpe
    wildcards: anonymised=Syntheticpatient4
    resources: tmpdir=/tmp

[Fri Jun 13 12:40:02 2025]
Finished job 29.
7 of 62 steps (11%) done
Select jobs to execute...

[Fri Jun 13 12:40:02 2025]
rule check_svs:
    input: /home/user/MARTA/LABO/PULPO/PULPO_synthetic/logs/DATA/descompressOGM/succesfulldescompresion.txt, /home/user/MARTA/LABO/PULPO/PULPO_synthetic/results/DATA/Patients/Syntheticpatient7/OGMdata
    output: /home/user/MARTA/LABO/PULPO/PULPO_synthetic/results/SVs/Patients/Syntheticpatient7/Check/check_svs_done.txt
    jobid: 8
    reason: Missing output files: /home/user/MARTA/LABO/PULPO/PULPO_synthetic/results/SVs/Patients/Syntheticpatient7/Check/check_svs_done.txt
    wildcards: anonymised=Syntheticpatient7
    resources: tmpdir=/tmp

[Fri Jun 13 12:40:02 2025]
Finished job 8.
8 of 62 steps (13%) done
Select jobs to execute...

[Fri Jun 13 12:40:02 2025]
rule formatbedpe:
    input: /home/user/MARTA/LABO/PULPO/PULPO_synthetic/results/SVs/Patients/Syntheticpatient7/Check/check_svs_done.txt
    output: /home/user/MARTA/LABO/PULPO/PULPO_synthetic/results/SVs/Patients/Syntheticpatient7/ProcessData/Syntheticpatient7.bedpe
    log: /home/user/MARTA/LABO/PULPO/PULPO_synthetic/logs/SVs/Patients/Syntheticpatient7/formatbedpe/formatbedpe.log
    jobid: 18
    reason: Input files updated by another job: /home/user/MARTA/LABO/PULPO/PULPO_synthetic/results/SVs/Patients/Syntheticpatient7/Check/check_svs_done.txt
    wildcards: anonymised=Syntheticpatient7
    resources: tmpdir=/tmp

[Fri Jun 13 12:40:03 2025]
Finished job 18.
9 of 62 steps (15%) done
Select jobs to execute...

[Fri Jun 13 12:40:03 2025]
rule sigprofilermatrixgenerator:
    input: /home/user/MARTA/LABO/PULPO/PULPO_synthetic/results/SVs/Patients/Syntheticpatient3/SigProfiler/data/SigProfilerSVdf.bedpe
    output: /home/user/MARTA/LABO/PULPO/PULPO_synthetic/results/SVs/Patients/Syntheticpatient3/SigProfiler/results/MatrixGenerator, /home/user/MARTA/LABO/PULPO/PULPO_synthetic/results/SVs/Patients/Syntheticpatient3/SigProfiler/results/MatrixGenerator/Syntheticpatient3.SV32.matrix.tsv
    log: /home/user/MARTA/LABO/PULPO/PULPO_synthetic/logs/SVs/Patients/Syntheticpatient3/SigProfiler/sigprofilermatrix.log
    jobid: 34
    reason: Missing output files: /home/user/MARTA/LABO/PULPO/PULPO_synthetic/results/SVs/Patients/Syntheticpatient3/SigProfiler/results/MatrixGenerator/Syntheticpatient3.SV32.matrix.tsv, /home/user/MARTA/LABO/PULPO/PULPO_synthetic/results/SVs/Patients/Syntheticpatient3/SigProfiler/results/MatrixGenerator, /home/user/MARTA/LABO/PULPO/PULPO_synthetic/logs/SVs/Patients/Syntheticpatient3/SigProfiler/sigprofilermatrix.log; Input files updated by another job: /home/user/MARTA/LABO/PULPO/PULPO_synthetic/results/SVs/Patients/Syntheticpatient3/SigProfiler/data/SigProfilerSVdf.bedpe
    wildcards: anonymised=Syntheticpatient3
    resources: tmpdir=/tmp

[Fri Jun 13 12:40:03 2025]
Finished job 25.
10 of 62 steps (16%) done
Select jobs to execute...

[Fri Jun 13 12:40:03 2025]
rule sigprofilermatrixgenerator:
    input: /home/user/MARTA/LABO/PULPO/PULPO_synthetic/results/SVs/Patients/Syntheticpatient1/SigProfiler/data/SigProfilerSVdf.bedpe
    output: /home/user/MARTA/LABO/PULPO/PULPO_synthetic/results/SVs/Patients/Syntheticpatient1/SigProfiler/results/MatrixGenerator, /home/user/MARTA/LABO/PULPO/PULPO_synthetic/results/SVs/Patients/Syntheticpatient1/SigProfiler/results/MatrixGenerator/Syntheticpatient1.SV32.matrix.tsv
    log: /home/user/MARTA/LABO/PULPO/PULPO_synthetic/logs/SVs/Patients/Syntheticpatient1/SigProfiler/sigprofilermatrix.log
    jobid: 32
    reason: Missing output files: /home/user/MARTA/LABO/PULPO/PULPO_synthetic/results/SVs/Patients/Syntheticpatient1/SigProfiler/results/MatrixGenerator, /home/user/MARTA/LABO/PULPO/PULPO_synthetic/results/SVs/Patients/Syntheticpatient1/SigProfiler/results/MatrixGenerator/Syntheticpatient1.SV32.matrix.tsv, /home/user/MARTA/LABO/PULPO/PULPO_synthetic/logs/SVs/Patients/Syntheticpatient1/SigProfiler/sigprofilermatrix.log; Input files updated by another job: /home/user/MARTA/LABO/PULPO/PULPO_synthetic/results/SVs/Patients/Syntheticpatient1/SigProfiler/data/SigProfilerSVdf.bedpe
    wildcards: anonymised=Syntheticpatient1
    resources: tmpdir=/tmp

[Fri Jun 13 12:40:09 2025]
Finished job 40.
11 of 62 steps (18%) done
Select jobs to execute...

[Fri Jun 13 12:40:09 2025]
rule sigprofilermatrixgenerator:
    input: /home/user/MARTA/LABO/PULPO/PULPO_synthetic/results/SVs/Patients/Syntheticpatient10/SigProfiler/data/SigProfilerSVdf.bedpe
    output: /home/user/MARTA/LABO/PULPO/PULPO_synthetic/results/SVs/Patients/Syntheticpatient10/SigProfiler/results/MatrixGenerator, /home/user/MARTA/LABO/PULPO/PULPO_synthetic/results/SVs/Patients/Syntheticpatient10/SigProfiler/results/MatrixGenerator/Syntheticpatient10.SV32.matrix.tsv
    log: /home/user/MARTA/LABO/PULPO/PULPO_synthetic/logs/SVs/Patients/Syntheticpatient10/SigProfiler/sigprofilermatrix.log
    jobid: 41
    reason: Missing output files: /home/user/MARTA/LABO/PULPO/PULPO_synthetic/logs/SVs/Patients/Syntheticpatient10/SigProfiler/sigprofilermatrix.log, /home/user/MARTA/LABO/PULPO/PULPO_synthetic/results/SVs/Patients/Syntheticpatient10/SigProfiler/results/MatrixGenerator, /home/user/MARTA/LABO/PULPO/PULPO_synthetic/results/SVs/Patients/Syntheticpatient10/SigProfiler/results/MatrixGenerator/Syntheticpatient10.SV32.matrix.tsv; Input files updated by another job: /home/user/MARTA/LABO/PULPO/PULPO_synthetic/results/SVs/Patients/Syntheticpatient10/SigProfiler/data/SigProfilerSVdf.bedpe
    wildcards: anonymised=Syntheticpatient10
    resources: tmpdir=/tmp

[Fri Jun 13 12:40:09 2025]
Finished job 33.
12 of 62 steps (19%) done
Select jobs to execute...

[Fri Jun 13 12:40:09 2025]
rule bedpetosigprofiler:
    input: /home/user/MARTA/LABO/PULPO/PULPO_synthetic/results/SVs/Patients/Syntheticpatient5/ProcessData/Syntheticpatient5.bedpe
    output: /home/user/MARTA/LABO/PULPO/PULPO_synthetic/results/SVs/Patients/Syntheticpatient5/SigProfiler/data/SigProfilerSVdf.bedpe
    log: /home/user/MARTA/LABO/PULPO/PULPO_synthetic/logs/SVs/Patients/Syntheticpatient5/SigProfiler/bedpetosigprofilermatrix.log
    jobid: 26
    reason: Missing output files: /home/user/MARTA/LABO/PULPO/PULPO_synthetic/results/SVs/Patients/Syntheticpatient5/SigProfiler/data/SigProfilerSVdf.bedpe; Input files updated by another job: /home/user/MARTA/LABO/PULPO/PULPO_synthetic/results/SVs/Patients/Syntheticpatient5/ProcessData/Syntheticpatient5.bedpe
    wildcards: anonymised=Syntheticpatient5
    resources: tmpdir=/tmp

[Fri Jun 13 12:40:11 2025]
Finished job 26.
13 of 62 steps (21%) done
Select jobs to execute...

[Fri Jun 13 12:40:11 2025]
rule sigprofilermatrixgenerator:
    input: /home/user/MARTA/LABO/PULPO/PULPO_synthetic/results/SVs/Patients/Syntheticpatient5/SigProfiler/data/SigProfilerSVdf.bedpe
    output: /home/user/MARTA/LABO/PULPO/PULPO_synthetic/results/SVs/Patients/Syntheticpatient5/SigProfiler/results/MatrixGenerator, /home/user/MARTA/LABO/PULPO/PULPO_synthetic/results/SVs/Patients/Syntheticpatient5/SigProfiler/results/MatrixGenerator/Syntheticpatient5.SV32.matrix.tsv
    log: /home/user/MARTA/LABO/PULPO/PULPO_synthetic/logs/SVs/Patients/Syntheticpatient5/SigProfiler/sigprofilermatrix.log
    jobid: 36
    reason: Missing output files: /home/user/MARTA/LABO/PULPO/PULPO_synthetic/logs/SVs/Patients/Syntheticpatient5/SigProfiler/sigprofilermatrix.log, /home/user/MARTA/LABO/PULPO/PULPO_synthetic/results/SVs/Patients/Syntheticpatient5/SigProfiler/results/MatrixGenerator/Syntheticpatient5.SV32.matrix.tsv, /home/user/MARTA/LABO/PULPO/PULPO_synthetic/results/SVs/Patients/Syntheticpatient5/SigProfiler/results/MatrixGenerator; Input files updated by another job: /home/user/MARTA/LABO/PULPO/PULPO_synthetic/results/SVs/Patients/Syntheticpatient5/SigProfiler/data/SigProfilerSVdf.bedpe
    wildcards: anonymised=Syntheticpatient5
    resources: tmpdir=/tmp

[Fri Jun 13 12:40:12 2025]
Finished job 34.
14 of 62 steps (23%) done
Select jobs to execute...

[Fri Jun 13 12:40:12 2025]
rule sigprofilermatrixgenerator:
    input: /home/user/MARTA/LABO/PULPO/PULPO_synthetic/results/SVs/Patients/Syntheticpatient4/SigProfiler/data/SigProfilerSVdf.bedpe
    output: /home/user/MARTA/LABO/PULPO/PULPO_synthetic/results/SVs/Patients/Syntheticpatient4/SigProfiler/results/MatrixGenerator, /home/user/MARTA/LABO/PULPO/PULPO_synthetic/results/SVs/Patients/Syntheticpatient4/SigProfiler/results/MatrixGenerator/Syntheticpatient4.SV32.matrix.tsv
    log: /home/user/MARTA/LABO/PULPO/PULPO_synthetic/logs/SVs/Patients/Syntheticpatient4/SigProfiler/sigprofilermatrix.log
    jobid: 35
    reason: Missing output files: /home/user/MARTA/LABO/PULPO/PULPO_synthetic/results/SVs/Patients/Syntheticpatient4/SigProfiler/results/MatrixGenerator, /home/user/MARTA/LABO/PULPO/PULPO_synthetic/logs/SVs/Patients/Syntheticpatient4/SigProfiler/sigprofilermatrix.log, /home/user/MARTA/LABO/PULPO/PULPO_synthetic/results/SVs/Patients/Syntheticpatient4/SigProfiler/results/MatrixGenerator/Syntheticpatient4.SV32.matrix.tsv; Input files updated by another job: /home/user/MARTA/LABO/PULPO/PULPO_synthetic/results/SVs/Patients/Syntheticpatient4/SigProfiler/data/SigProfilerSVdf.bedpe
    wildcards: anonymised=Syntheticpatient4
    resources: tmpdir=/tmp

[Fri Jun 13 12:40:12 2025]
Finished job 32.
15 of 62 steps (24%) done
Select jobs to execute...

[Fri Jun 13 12:40:12 2025]
rule sigprofilermatrixgenerator:
    input: /home/user/MARTA/LABO/PULPO/PULPO_synthetic/results/SVs/Patients/Syntheticpatient8/SigProfiler/data/SigProfilerSVdf.bedpe
    output: /home/user/MARTA/LABO/PULPO/PULPO_synthetic/results/SVs/Patients/Syntheticpatient8/SigProfiler/results/MatrixGenerator, /home/user/MARTA/LABO/PULPO/PULPO_synthetic/results/SVs/Patients/Syntheticpatient8/SigProfiler/results/MatrixGenerator/Syntheticpatient8.SV32.matrix.tsv
    log: /home/user/MARTA/LABO/PULPO/PULPO_synthetic/logs/SVs/Patients/Syntheticpatient8/SigProfiler/sigprofilermatrix.log
    jobid: 39
    reason: Missing output files: /home/user/MARTA/LABO/PULPO/PULPO_synthetic/logs/SVs/Patients/Syntheticpatient8/SigProfiler/sigprofilermatrix.log, /home/user/MARTA/LABO/PULPO/PULPO_synthetic/results/SVs/Patients/Syntheticpatient8/SigProfiler/results/MatrixGenerator/Syntheticpatient8.SV32.matrix.tsv, /home/user/MARTA/LABO/PULPO/PULPO_synthetic/results/SVs/Patients/Syntheticpatient8/SigProfiler/results/MatrixGenerator; Input files updated by another job: /home/user/MARTA/LABO/PULPO/PULPO_synthetic/results/SVs/Patients/Syntheticpatient8/SigProfiler/data/SigProfilerSVdf.bedpe
    wildcards: anonymised=Syntheticpatient8
    resources: tmpdir=/tmp

[Fri Jun 13 12:40:18 2025]
Finished job 41.
16 of 62 steps (26%) done
Select jobs to execute...

[Fri Jun 13 12:40:18 2025]
rule bedpetosigprofiler:
    input: /home/user/MARTA/LABO/PULPO/PULPO_synthetic/results/SVs/Patients/Syntheticpatient7/ProcessData/Syntheticpatient7.bedpe
    output: /home/user/MARTA/LABO/PULPO/PULPO_synthetic/results/SVs/Patients/Syntheticpatient7/SigProfiler/data/SigProfilerSVdf.bedpe
    log: /home/user/MARTA/LABO/PULPO/PULPO_synthetic/logs/SVs/Patients/Syntheticpatient7/SigProfiler/bedpetosigprofilermatrix.log
    jobid: 28
    reason: Missing output files: /home/user/MARTA/LABO/PULPO/PULPO_synthetic/results/SVs/Patients/Syntheticpatient7/SigProfiler/data/SigProfilerSVdf.bedpe; Input files updated by another job: /home/user/MARTA/LABO/PULPO/PULPO_synthetic/results/SVs/Patients/Syntheticpatient7/ProcessData/Syntheticpatient7.bedpe
    wildcards: anonymised=Syntheticpatient7
    resources: tmpdir=/tmp

[Fri Jun 13 12:40:20 2025]
Finished job 36.
17 of 62 steps (27%) done
[Fri Jun 13 12:40:21 2025]
Finished job 28.
18 of 62 steps (29%) done
Select jobs to execute...

[Fri Jun 13 12:40:21 2025]
rule sigprofilermatrixgenerator:
    input: /home/user/MARTA/LABO/PULPO/PULPO_synthetic/results/SVs/Patients/Syntheticpatient7/SigProfiler/data/SigProfilerSVdf.bedpe
    output: /home/user/MARTA/LABO/PULPO/PULPO_synthetic/results/SVs/Patients/Syntheticpatient7/SigProfiler/results/MatrixGenerator, /home/user/MARTA/LABO/PULPO/PULPO_synthetic/results/SVs/Patients/Syntheticpatient7/SigProfiler/results/MatrixGenerator/Syntheticpatient7.SV32.matrix.tsv
    log: /home/user/MARTA/LABO/PULPO/PULPO_synthetic/logs/SVs/Patients/Syntheticpatient7/SigProfiler/sigprofilermatrix.log
    jobid: 38
    reason: Missing output files: /home/user/MARTA/LABO/PULPO/PULPO_synthetic/logs/SVs/Patients/Syntheticpatient7/SigProfiler/sigprofilermatrix.log, /home/user/MARTA/LABO/PULPO/PULPO_synthetic/results/SVs/Patients/Syntheticpatient7/SigProfiler/results/MatrixGenerator/Syntheticpatient7.SV32.matrix.tsv, /home/user/MARTA/LABO/PULPO/PULPO_synthetic/results/SVs/Patients/Syntheticpatient7/SigProfiler/results/MatrixGenerator; Input files updated by another job: /home/user/MARTA/LABO/PULPO/PULPO_synthetic/results/SVs/Patients/Syntheticpatient7/SigProfiler/data/SigProfilerSVdf.bedpe
    wildcards: anonymised=Syntheticpatient7
    resources: tmpdir=/tmp

[Fri Jun 13 12:40:22 2025]
Finished job 35.
19 of 62 steps (31%) done
[Fri Jun 13 12:40:22 2025]
Finished job 39.
20 of 62 steps (32%) done
[Fri Jun 13 12:40:28 2025]
Finished job 38.
21 of 62 steps (34%) done
Complete log: .snakemake/log/2025-06-13T123953.739599.snakemake.log
