Building DAG of jobs...
Using shell: /usr/bin/bash
Provided cores: 4
Rules claiming more threads will be scaled down.
Job stats:
job                               count
------------------------------  -------
all                                   1
bionanotosigprofilercnv              10
check_cnvs                           10
mergepatientcnvs                      1
prepare_ogm_data                      1
sigprofilerextractorcnv              10
sigprofilerextractorcnvscohort        1
sigprofilermatrixgeneratorcnv        10
total                                44

Select jobs to execute...

[Mon Jun 16 12:58:22 2025]
rule prepare_ogm_data:
    output: /home/user/MARTA/LABO/PULPO/PULPO_synthetic/CNVprueba/logs/DATA/descompressOGM/succesfulldescompresion.txt, /home/user/MARTA/LABO/PULPO/PULPO_synthetic/CNVprueba/results/DATA/Patients/Syntheticpatient1/OGMdata, /home/user/MARTA/LABO/PULPO/PULPO_synthetic/CNVprueba/results/DATA/Patients/Syntheticpatient2/OGMdata, /home/user/MARTA/LABO/PULPO/PULPO_synthetic/CNVprueba/results/DATA/Patients/Syntheticpatient3/OGMdata, /home/user/MARTA/LABO/PULPO/PULPO_synthetic/CNVprueba/results/DATA/Patients/Syntheticpatient4/OGMdata, /home/user/MARTA/LABO/PULPO/PULPO_synthetic/CNVprueba/results/DATA/Patients/Syntheticpatient5/OGMdata, /home/user/MARTA/LABO/PULPO/PULPO_synthetic/CNVprueba/results/DATA/Patients/Syntheticpatient6/OGMdata, /home/user/MARTA/LABO/PULPO/PULPO_synthetic/CNVprueba/results/DATA/Patients/Syntheticpatient7/OGMdata, /home/user/MARTA/LABO/PULPO/PULPO_synthetic/CNVprueba/results/DATA/Patients/Syntheticpatient8/OGMdata, /home/user/MARTA/LABO/PULPO/PULPO_synthetic/CNVprueba/results/DATA/Patients/Syntheticpatient9/OGMdata, /home/user/MARTA/LABO/PULPO/PULPO_synthetic/CNVprueba/results/DATA/Patients/Syntheticpatient10/OGMdata
    jobid: 1
    reason: Missing output files: /home/user/MARTA/LABO/PULPO/PULPO_synthetic/CNVprueba/results/DATA/Patients/Syntheticpatient8/OGMdata, /home/user/MARTA/LABO/PULPO/PULPO_synthetic/CNVprueba/results/DATA/Patients/Syntheticpatient4/OGMdata, /home/user/MARTA/LABO/PULPO/PULPO_synthetic/CNVprueba/results/DATA/Patients/Syntheticpatient10/OGMdata, /home/user/MARTA/LABO/PULPO/PULPO_synthetic/CNVprueba/results/DATA/Patients/Syntheticpatient5/OGMdata, /home/user/MARTA/LABO/PULPO/PULPO_synthetic/CNVprueba/results/DATA/Patients/Syntheticpatient9/OGMdata, /home/user/MARTA/LABO/PULPO/PULPO_synthetic/CNVprueba/results/DATA/Patients/Syntheticpatient3/OGMdata, /home/user/MARTA/LABO/PULPO/PULPO_synthetic/CNVprueba/results/DATA/Patients/Syntheticpatient7/OGMdata, /home/user/MARTA/LABO/PULPO/PULPO_synthetic/CNVprueba/results/DATA/Patients/Syntheticpatient2/OGMdata, /home/user/MARTA/LABO/PULPO/PULPO_synthetic/CNVprueba/logs/DATA/descompressOGM/succesfulldescompresion.txt, /home/user/MARTA/LABO/PULPO/PULPO_synthetic/CNVprueba/results/DATA/Patients/Syntheticpatient6/OGMdata, /home/user/MARTA/LABO/PULPO/PULPO_synthetic/CNVprueba/results/DATA/Patients/Syntheticpatient1/OGMdata
    resources: tmpdir=/tmp

[Mon Jun 16 12:58:24 2025]
Finished job 1.
1 of 44 steps (2%) done
Select jobs to execute...

[Mon Jun 16 12:58:24 2025]
rule check_cnvs:
    input: /home/user/MARTA/LABO/PULPO/PULPO_synthetic/CNVprueba/logs/DATA/descompressOGM/succesfulldescompresion.txt, /home/user/MARTA/LABO/PULPO/PULPO_synthetic/CNVprueba/results/DATA/Patients/Syntheticpatient1/OGMdata, /home/user/MARTA/LABO/PULPO/PULPO_synthetic/CNVprueba/results/DATA/Patients/Syntheticpatient2/OGMdata, /home/user/MARTA/LABO/PULPO/PULPO_synthetic/CNVprueba/results/DATA/Patients/Syntheticpatient3/OGMdata, /home/user/MARTA/LABO/PULPO/PULPO_synthetic/CNVprueba/results/DATA/Patients/Syntheticpatient4/OGMdata, /home/user/MARTA/LABO/PULPO/PULPO_synthetic/CNVprueba/results/DATA/Patients/Syntheticpatient5/OGMdata, /home/user/MARTA/LABO/PULPO/PULPO_synthetic/CNVprueba/results/DATA/Patients/Syntheticpatient6/OGMdata, /home/user/MARTA/LABO/PULPO/PULPO_synthetic/CNVprueba/results/DATA/Patients/Syntheticpatient7/OGMdata, /home/user/MARTA/LABO/PULPO/PULPO_synthetic/CNVprueba/results/DATA/Patients/Syntheticpatient8/OGMdata, /home/user/MARTA/LABO/PULPO/PULPO_synthetic/CNVprueba/results/DATA/Patients/Syntheticpatient9/OGMdata, /home/user/MARTA/LABO/PULPO/PULPO_synthetic/CNVprueba/results/DATA/Patients/Syntheticpatient10/OGMdata
    output: /home/user/MARTA/LABO/PULPO/PULPO_synthetic/CNVprueba/results/CNVs/Patients/Syntheticpatient2/Check/check_cnvs_done.txt
    jobid: 3
    reason: Missing output files: /home/user/MARTA/LABO/PULPO/PULPO_synthetic/CNVprueba/results/CNVs/Patients/Syntheticpatient2/Check/check_cnvs_done.txt; Input files updated by another job: /home/user/MARTA/LABO/PULPO/PULPO_synthetic/CNVprueba/results/DATA/Patients/Syntheticpatient8/OGMdata, /home/user/MARTA/LABO/PULPO/PULPO_synthetic/CNVprueba/results/DATA/Patients/Syntheticpatient4/OGMdata, /home/user/MARTA/LABO/PULPO/PULPO_synthetic/CNVprueba/results/DATA/Patients/Syntheticpatient10/OGMdata, /home/user/MARTA/LABO/PULPO/PULPO_synthetic/CNVprueba/results/DATA/Patients/Syntheticpatient5/OGMdata, /home/user/MARTA/LABO/PULPO/PULPO_synthetic/CNVprueba/results/DATA/Patients/Syntheticpatient9/OGMdata, /home/user/MARTA/LABO/PULPO/PULPO_synthetic/CNVprueba/results/DATA/Patients/Syntheticpatient3/OGMdata, /home/user/MARTA/LABO/PULPO/PULPO_synthetic/CNVprueba/results/DATA/Patients/Syntheticpatient7/OGMdata, /home/user/MARTA/LABO/PULPO/PULPO_synthetic/CNVprueba/results/DATA/Patients/Syntheticpatient2/OGMdata, /home/user/MARTA/LABO/PULPO/PULPO_synthetic/CNVprueba/logs/DATA/descompressOGM/succesfulldescompresion.txt, /home/user/MARTA/LABO/PULPO/PULPO_synthetic/CNVprueba/results/DATA/Patients/Syntheticpatient6/OGMdata, /home/user/MARTA/LABO/PULPO/PULPO_synthetic/CNVprueba/results/DATA/Patients/Syntheticpatient1/OGMdata
    wildcards: anonymised=Syntheticpatient2
    resources: tmpdir=/tmp


[Mon Jun 16 12:58:24 2025]
rule check_cnvs:
    input: /home/user/MARTA/LABO/PULPO/PULPO_synthetic/CNVprueba/logs/DATA/descompressOGM/succesfulldescompresion.txt, /home/user/MARTA/LABO/PULPO/PULPO_synthetic/CNVprueba/results/DATA/Patients/Syntheticpatient1/OGMdata, /home/user/MARTA/LABO/PULPO/PULPO_synthetic/CNVprueba/results/DATA/Patients/Syntheticpatient2/OGMdata, /home/user/MARTA/LABO/PULPO/PULPO_synthetic/CNVprueba/results/DATA/Patients/Syntheticpatient3/OGMdata, /home/user/MARTA/LABO/PULPO/PULPO_synthetic/CNVprueba/results/DATA/Patients/Syntheticpatient4/OGMdata, /home/user/MARTA/LABO/PULPO/PULPO_synthetic/CNVprueba/results/DATA/Patients/Syntheticpatient5/OGMdata, /home/user/MARTA/LABO/PULPO/PULPO_synthetic/CNVprueba/results/DATA/Patients/Syntheticpatient6/OGMdata, /home/user/MARTA/LABO/PULPO/PULPO_synthetic/CNVprueba/results/DATA/Patients/Syntheticpatient7/OGMdata, /home/user/MARTA/LABO/PULPO/PULPO_synthetic/CNVprueba/results/DATA/Patients/Syntheticpatient8/OGMdata, /home/user/MARTA/LABO/PULPO/PULPO_synthetic/CNVprueba/results/DATA/Patients/Syntheticpatient9/OGMdata, /home/user/MARTA/LABO/PULPO/PULPO_synthetic/CNVprueba/results/DATA/Patients/Syntheticpatient10/OGMdata
    output: /home/user/MARTA/LABO/PULPO/PULPO_synthetic/CNVprueba/results/CNVs/Patients/Syntheticpatient4/Check/check_cnvs_done.txt
    jobid: 5
    reason: Missing output files: /home/user/MARTA/LABO/PULPO/PULPO_synthetic/CNVprueba/results/CNVs/Patients/Syntheticpatient4/Check/check_cnvs_done.txt; Input files updated by another job: /home/user/MARTA/LABO/PULPO/PULPO_synthetic/CNVprueba/results/DATA/Patients/Syntheticpatient8/OGMdata, /home/user/MARTA/LABO/PULPO/PULPO_synthetic/CNVprueba/results/DATA/Patients/Syntheticpatient4/OGMdata, /home/user/MARTA/LABO/PULPO/PULPO_synthetic/CNVprueba/results/DATA/Patients/Syntheticpatient10/OGMdata, /home/user/MARTA/LABO/PULPO/PULPO_synthetic/CNVprueba/results/DATA/Patients/Syntheticpatient5/OGMdata, /home/user/MARTA/LABO/PULPO/PULPO_synthetic/CNVprueba/results/DATA/Patients/Syntheticpatient9/OGMdata, /home/user/MARTA/LABO/PULPO/PULPO_synthetic/CNVprueba/results/DATA/Patients/Syntheticpatient3/OGMdata, /home/user/MARTA/LABO/PULPO/PULPO_synthetic/CNVprueba/results/DATA/Patients/Syntheticpatient7/OGMdata, /home/user/MARTA/LABO/PULPO/PULPO_synthetic/CNVprueba/results/DATA/Patients/Syntheticpatient2/OGMdata, /home/user/MARTA/LABO/PULPO/PULPO_synthetic/CNVprueba/logs/DATA/descompressOGM/succesfulldescompresion.txt, /home/user/MARTA/LABO/PULPO/PULPO_synthetic/CNVprueba/results/DATA/Patients/Syntheticpatient6/OGMdata, /home/user/MARTA/LABO/PULPO/PULPO_synthetic/CNVprueba/results/DATA/Patients/Syntheticpatient1/OGMdata
    wildcards: anonymised=Syntheticpatient4
    resources: tmpdir=/tmp


[Mon Jun 16 12:58:24 2025]
rule check_cnvs:
    input: /home/user/MARTA/LABO/PULPO/PULPO_synthetic/CNVprueba/logs/DATA/descompressOGM/succesfulldescompresion.txt, /home/user/MARTA/LABO/PULPO/PULPO_synthetic/CNVprueba/results/DATA/Patients/Syntheticpatient1/OGMdata, /home/user/MARTA/LABO/PULPO/PULPO_synthetic/CNVprueba/results/DATA/Patients/Syntheticpatient2/OGMdata, /home/user/MARTA/LABO/PULPO/PULPO_synthetic/CNVprueba/results/DATA/Patients/Syntheticpatient3/OGMdata, /home/user/MARTA/LABO/PULPO/PULPO_synthetic/CNVprueba/results/DATA/Patients/Syntheticpatient4/OGMdata, /home/user/MARTA/LABO/PULPO/PULPO_synthetic/CNVprueba/results/DATA/Patients/Syntheticpatient5/OGMdata, /home/user/MARTA/LABO/PULPO/PULPO_synthetic/CNVprueba/results/DATA/Patients/Syntheticpatient6/OGMdata, /home/user/MARTA/LABO/PULPO/PULPO_synthetic/CNVprueba/results/DATA/Patients/Syntheticpatient7/OGMdata, /home/user/MARTA/LABO/PULPO/PULPO_synthetic/CNVprueba/results/DATA/Patients/Syntheticpatient8/OGMdata, /home/user/MARTA/LABO/PULPO/PULPO_synthetic/CNVprueba/results/DATA/Patients/Syntheticpatient9/OGMdata, /home/user/MARTA/LABO/PULPO/PULPO_synthetic/CNVprueba/results/DATA/Patients/Syntheticpatient10/OGMdata
    output: /home/user/MARTA/LABO/PULPO/PULPO_synthetic/CNVprueba/results/CNVs/Patients/Syntheticpatient6/Check/check_cnvs_done.txt
    jobid: 7
    reason: Missing output files: /home/user/MARTA/LABO/PULPO/PULPO_synthetic/CNVprueba/results/CNVs/Patients/Syntheticpatient6/Check/check_cnvs_done.txt; Input files updated by another job: /home/user/MARTA/LABO/PULPO/PULPO_synthetic/CNVprueba/results/DATA/Patients/Syntheticpatient8/OGMdata, /home/user/MARTA/LABO/PULPO/PULPO_synthetic/CNVprueba/results/DATA/Patients/Syntheticpatient4/OGMdata, /home/user/MARTA/LABO/PULPO/PULPO_synthetic/CNVprueba/results/DATA/Patients/Syntheticpatient10/OGMdata, /home/user/MARTA/LABO/PULPO/PULPO_synthetic/CNVprueba/results/DATA/Patients/Syntheticpatient5/OGMdata, /home/user/MARTA/LABO/PULPO/PULPO_synthetic/CNVprueba/results/DATA/Patients/Syntheticpatient9/OGMdata, /home/user/MARTA/LABO/PULPO/PULPO_synthetic/CNVprueba/results/DATA/Patients/Syntheticpatient3/OGMdata, /home/user/MARTA/LABO/PULPO/PULPO_synthetic/CNVprueba/results/DATA/Patients/Syntheticpatient7/OGMdata, /home/user/MARTA/LABO/PULPO/PULPO_synthetic/CNVprueba/results/DATA/Patients/Syntheticpatient2/OGMdata, /home/user/MARTA/LABO/PULPO/PULPO_synthetic/CNVprueba/logs/DATA/descompressOGM/succesfulldescompresion.txt, /home/user/MARTA/LABO/PULPO/PULPO_synthetic/CNVprueba/results/DATA/Patients/Syntheticpatient6/OGMdata, /home/user/MARTA/LABO/PULPO/PULPO_synthetic/CNVprueba/results/DATA/Patients/Syntheticpatient1/OGMdata
    wildcards: anonymised=Syntheticpatient6
    resources: tmpdir=/tmp


[Mon Jun 16 12:58:24 2025]
rule check_cnvs:
    input: /home/user/MARTA/LABO/PULPO/PULPO_synthetic/CNVprueba/logs/DATA/descompressOGM/succesfulldescompresion.txt, /home/user/MARTA/LABO/PULPO/PULPO_synthetic/CNVprueba/results/DATA/Patients/Syntheticpatient1/OGMdata, /home/user/MARTA/LABO/PULPO/PULPO_synthetic/CNVprueba/results/DATA/Patients/Syntheticpatient2/OGMdata, /home/user/MARTA/LABO/PULPO/PULPO_synthetic/CNVprueba/results/DATA/Patients/Syntheticpatient3/OGMdata, /home/user/MARTA/LABO/PULPO/PULPO_synthetic/CNVprueba/results/DATA/Patients/Syntheticpatient4/OGMdata, /home/user/MARTA/LABO/PULPO/PULPO_synthetic/CNVprueba/results/DATA/Patients/Syntheticpatient5/OGMdata, /home/user/MARTA/LABO/PULPO/PULPO_synthetic/CNVprueba/results/DATA/Patients/Syntheticpatient6/OGMdata, /home/user/MARTA/LABO/PULPO/PULPO_synthetic/CNVprueba/results/DATA/Patients/Syntheticpatient7/OGMdata, /home/user/MARTA/LABO/PULPO/PULPO_synthetic/CNVprueba/results/DATA/Patients/Syntheticpatient8/OGMdata, /home/user/MARTA/LABO/PULPO/PULPO_synthetic/CNVprueba/results/DATA/Patients/Syntheticpatient9/OGMdata, /home/user/MARTA/LABO/PULPO/PULPO_synthetic/CNVprueba/results/DATA/Patients/Syntheticpatient10/OGMdata
    output: /home/user/MARTA/LABO/PULPO/PULPO_synthetic/CNVprueba/results/CNVs/Patients/Syntheticpatient8/Check/check_cnvs_done.txt
    jobid: 9
    reason: Missing output files: /home/user/MARTA/LABO/PULPO/PULPO_synthetic/CNVprueba/results/CNVs/Patients/Syntheticpatient8/Check/check_cnvs_done.txt; Input files updated by another job: /home/user/MARTA/LABO/PULPO/PULPO_synthetic/CNVprueba/results/DATA/Patients/Syntheticpatient8/OGMdata, /home/user/MARTA/LABO/PULPO/PULPO_synthetic/CNVprueba/results/DATA/Patients/Syntheticpatient4/OGMdata, /home/user/MARTA/LABO/PULPO/PULPO_synthetic/CNVprueba/results/DATA/Patients/Syntheticpatient10/OGMdata, /home/user/MARTA/LABO/PULPO/PULPO_synthetic/CNVprueba/results/DATA/Patients/Syntheticpatient5/OGMdata, /home/user/MARTA/LABO/PULPO/PULPO_synthetic/CNVprueba/results/DATA/Patients/Syntheticpatient9/OGMdata, /home/user/MARTA/LABO/PULPO/PULPO_synthetic/CNVprueba/results/DATA/Patients/Syntheticpatient3/OGMdata, /home/user/MARTA/LABO/PULPO/PULPO_synthetic/CNVprueba/results/DATA/Patients/Syntheticpatient7/OGMdata, /home/user/MARTA/LABO/PULPO/PULPO_synthetic/CNVprueba/results/DATA/Patients/Syntheticpatient2/OGMdata, /home/user/MARTA/LABO/PULPO/PULPO_synthetic/CNVprueba/logs/DATA/descompressOGM/succesfulldescompresion.txt, /home/user/MARTA/LABO/PULPO/PULPO_synthetic/CNVprueba/results/DATA/Patients/Syntheticpatient6/OGMdata, /home/user/MARTA/LABO/PULPO/PULPO_synthetic/CNVprueba/results/DATA/Patients/Syntheticpatient1/OGMdata
    wildcards: anonymised=Syntheticpatient8
    resources: tmpdir=/tmp

[Mon Jun 16 12:58:24 2025]
Finished job 7.
2 of 44 steps (5%) done
Select jobs to execute...

[Mon Jun 16 12:58:24 2025]
rule check_cnvs:
    input: /home/user/MARTA/LABO/PULPO/PULPO_synthetic/CNVprueba/logs/DATA/descompressOGM/succesfulldescompresion.txt, /home/user/MARTA/LABO/PULPO/PULPO_synthetic/CNVprueba/results/DATA/Patients/Syntheticpatient1/OGMdata, /home/user/MARTA/LABO/PULPO/PULPO_synthetic/CNVprueba/results/DATA/Patients/Syntheticpatient2/OGMdata, /home/user/MARTA/LABO/PULPO/PULPO_synthetic/CNVprueba/results/DATA/Patients/Syntheticpatient3/OGMdata, /home/user/MARTA/LABO/PULPO/PULPO_synthetic/CNVprueba/results/DATA/Patients/Syntheticpatient4/OGMdata, /home/user/MARTA/LABO/PULPO/PULPO_synthetic/CNVprueba/results/DATA/Patients/Syntheticpatient5/OGMdata, /home/user/MARTA/LABO/PULPO/PULPO_synthetic/CNVprueba/results/DATA/Patients/Syntheticpatient6/OGMdata, /home/user/MARTA/LABO/PULPO/PULPO_synthetic/CNVprueba/results/DATA/Patients/Syntheticpatient7/OGMdata, /home/user/MARTA/LABO/PULPO/PULPO_synthetic/CNVprueba/results/DATA/Patients/Syntheticpatient8/OGMdata, /home/user/MARTA/LABO/PULPO/PULPO_synthetic/CNVprueba/results/DATA/Patients/Syntheticpatient9/OGMdata, /home/user/MARTA/LABO/PULPO/PULPO_synthetic/CNVprueba/results/DATA/Patients/Syntheticpatient10/OGMdata
    output: /home/user/MARTA/LABO/PULPO/PULPO_synthetic/CNVprueba/results/CNVs/Patients/Syntheticpatient9/Check/check_cnvs_done.txt
    jobid: 10
    reason: Missing output files: /home/user/MARTA/LABO/PULPO/PULPO_synthetic/CNVprueba/results/CNVs/Patients/Syntheticpatient9/Check/check_cnvs_done.txt; Input files updated by another job: /home/user/MARTA/LABO/PULPO/PULPO_synthetic/CNVprueba/results/DATA/Patients/Syntheticpatient8/OGMdata, /home/user/MARTA/LABO/PULPO/PULPO_synthetic/CNVprueba/results/DATA/Patients/Syntheticpatient4/OGMdata, /home/user/MARTA/LABO/PULPO/PULPO_synthetic/CNVprueba/results/DATA/Patients/Syntheticpatient10/OGMdata, /home/user/MARTA/LABO/PULPO/PULPO_synthetic/CNVprueba/results/DATA/Patients/Syntheticpatient5/OGMdata, /home/user/MARTA/LABO/PULPO/PULPO_synthetic/CNVprueba/results/DATA/Patients/Syntheticpatient9/OGMdata, /home/user/MARTA/LABO/PULPO/PULPO_synthetic/CNVprueba/results/DATA/Patients/Syntheticpatient3/OGMdata, /home/user/MARTA/LABO/PULPO/PULPO_synthetic/CNVprueba/results/DATA/Patients/Syntheticpatient7/OGMdata, /home/user/MARTA/LABO/PULPO/PULPO_synthetic/CNVprueba/results/DATA/Patients/Syntheticpatient2/OGMdata, /home/user/MARTA/LABO/PULPO/PULPO_synthetic/CNVprueba/logs/DATA/descompressOGM/succesfulldescompresion.txt, /home/user/MARTA/LABO/PULPO/PULPO_synthetic/CNVprueba/results/DATA/Patients/Syntheticpatient6/OGMdata, /home/user/MARTA/LABO/PULPO/PULPO_synthetic/CNVprueba/results/DATA/Patients/Syntheticpatient1/OGMdata
    wildcards: anonymised=Syntheticpatient9
    resources: tmpdir=/tmp

[Mon Jun 16 12:58:24 2025]
Finished job 5.
3 of 44 steps (7%) done
[Mon Jun 16 12:58:24 2025]
Finished job 3.
4 of 44 steps (9%) done
[Mon Jun 16 12:58:24 2025]
Finished job 9.
5 of 44 steps (11%) done
Select jobs to execute...

[Mon Jun 16 12:58:24 2025]
rule check_cnvs:
    input: /home/user/MARTA/LABO/PULPO/PULPO_synthetic/CNVprueba/logs/DATA/descompressOGM/succesfulldescompresion.txt, /home/user/MARTA/LABO/PULPO/PULPO_synthetic/CNVprueba/results/DATA/Patients/Syntheticpatient1/OGMdata, /home/user/MARTA/LABO/PULPO/PULPO_synthetic/CNVprueba/results/DATA/Patients/Syntheticpatient2/OGMdata, /home/user/MARTA/LABO/PULPO/PULPO_synthetic/CNVprueba/results/DATA/Patients/Syntheticpatient3/OGMdata, /home/user/MARTA/LABO/PULPO/PULPO_synthetic/CNVprueba/results/DATA/Patients/Syntheticpatient4/OGMdata, /home/user/MARTA/LABO/PULPO/PULPO_synthetic/CNVprueba/results/DATA/Patients/Syntheticpatient5/OGMdata, /home/user/MARTA/LABO/PULPO/PULPO_synthetic/CNVprueba/results/DATA/Patients/Syntheticpatient6/OGMdata, /home/user/MARTA/LABO/PULPO/PULPO_synthetic/CNVprueba/results/DATA/Patients/Syntheticpatient7/OGMdata, /home/user/MARTA/LABO/PULPO/PULPO_synthetic/CNVprueba/results/DATA/Patients/Syntheticpatient8/OGMdata, /home/user/MARTA/LABO/PULPO/PULPO_synthetic/CNVprueba/results/DATA/Patients/Syntheticpatient9/OGMdata, /home/user/MARTA/LABO/PULPO/PULPO_synthetic/CNVprueba/results/DATA/Patients/Syntheticpatient10/OGMdata
    output: /home/user/MARTA/LABO/PULPO/PULPO_synthetic/CNVprueba/results/CNVs/Patients/Syntheticpatient10/Check/check_cnvs_done.txt
    jobid: 11
    reason: Missing output files: /home/user/MARTA/LABO/PULPO/PULPO_synthetic/CNVprueba/results/CNVs/Patients/Syntheticpatient10/Check/check_cnvs_done.txt; Input files updated by another job: /home/user/MARTA/LABO/PULPO/PULPO_synthetic/CNVprueba/results/DATA/Patients/Syntheticpatient8/OGMdata, /home/user/MARTA/LABO/PULPO/PULPO_synthetic/CNVprueba/results/DATA/Patients/Syntheticpatient4/OGMdata, /home/user/MARTA/LABO/PULPO/PULPO_synthetic/CNVprueba/results/DATA/Patients/Syntheticpatient10/OGMdata, /home/user/MARTA/LABO/PULPO/PULPO_synthetic/CNVprueba/results/DATA/Patients/Syntheticpatient5/OGMdata, /home/user/MARTA/LABO/PULPO/PULPO_synthetic/CNVprueba/results/DATA/Patients/Syntheticpatient9/OGMdata, /home/user/MARTA/LABO/PULPO/PULPO_synthetic/CNVprueba/results/DATA/Patients/Syntheticpatient3/OGMdata, /home/user/MARTA/LABO/PULPO/PULPO_synthetic/CNVprueba/results/DATA/Patients/Syntheticpatient7/OGMdata, /home/user/MARTA/LABO/PULPO/PULPO_synthetic/CNVprueba/results/DATA/Patients/Syntheticpatient2/OGMdata, /home/user/MARTA/LABO/PULPO/PULPO_synthetic/CNVprueba/logs/DATA/descompressOGM/succesfulldescompresion.txt, /home/user/MARTA/LABO/PULPO/PULPO_synthetic/CNVprueba/results/DATA/Patients/Syntheticpatient6/OGMdata, /home/user/MARTA/LABO/PULPO/PULPO_synthetic/CNVprueba/results/DATA/Patients/Syntheticpatient1/OGMdata
    wildcards: anonymised=Syntheticpatient10
    resources: tmpdir=/tmp


[Mon Jun 16 12:58:24 2025]
rule bionanotosigprofilercnv:
    input: /home/user/MARTA/LABO/PULPO/PULPO_synthetic/CNVprueba/results/CNVs/Patients/Syntheticpatient2/Check/check_cnvs_done.txt
    output: /home/user/MARTA/LABO/PULPO/PULPO_synthetic/CNVprueba/results/CNVs/Patients/Syntheticpatient2/SigProfiler/data/SigProfilerCNVdf.tsv
    log: /home/user/MARTA/LABO/PULPO/PULPO_synthetic/CNVprueba/logs/CNVs/Patients/Syntheticpatient2/SigProfiler/bionanotosigprofilercnv.log
    jobid: 13
    reason: Missing output files: /home/user/MARTA/LABO/PULPO/PULPO_synthetic/CNVprueba/results/CNVs/Patients/Syntheticpatient2/SigProfiler/data/SigProfilerCNVdf.tsv; Input files updated by another job: /home/user/MARTA/LABO/PULPO/PULPO_synthetic/CNVprueba/results/CNVs/Patients/Syntheticpatient2/Check/check_cnvs_done.txt
    wildcards: anonymised=Syntheticpatient2
    resources: tmpdir=/tmp


[Mon Jun 16 12:58:24 2025]
rule bionanotosigprofilercnv:
    input: /home/user/MARTA/LABO/PULPO/PULPO_synthetic/CNVprueba/results/CNVs/Patients/Syntheticpatient4/Check/check_cnvs_done.txt
    output: /home/user/MARTA/LABO/PULPO/PULPO_synthetic/CNVprueba/results/CNVs/Patients/Syntheticpatient4/SigProfiler/data/SigProfilerCNVdf.tsv
    log: /home/user/MARTA/LABO/PULPO/PULPO_synthetic/CNVprueba/logs/CNVs/Patients/Syntheticpatient4/SigProfiler/bionanotosigprofilercnv.log
    jobid: 15
    reason: Missing output files: /home/user/MARTA/LABO/PULPO/PULPO_synthetic/CNVprueba/results/CNVs/Patients/Syntheticpatient4/SigProfiler/data/SigProfilerCNVdf.tsv; Input files updated by another job: /home/user/MARTA/LABO/PULPO/PULPO_synthetic/CNVprueba/results/CNVs/Patients/Syntheticpatient4/Check/check_cnvs_done.txt
    wildcards: anonymised=Syntheticpatient4
    resources: tmpdir=/tmp

Select jobs to execute...
[Mon Jun 16 12:58:24 2025]
Finished job 10.
6 of 44 steps (14%) done

[Mon Jun 16 12:58:25 2025]
rule check_cnvs:
    input: /home/user/MARTA/LABO/PULPO/PULPO_synthetic/CNVprueba/logs/DATA/descompressOGM/succesfulldescompresion.txt, /home/user/MARTA/LABO/PULPO/PULPO_synthetic/CNVprueba/results/DATA/Patients/Syntheticpatient1/OGMdata, /home/user/MARTA/LABO/PULPO/PULPO_synthetic/CNVprueba/results/DATA/Patients/Syntheticpatient2/OGMdata, /home/user/MARTA/LABO/PULPO/PULPO_synthetic/CNVprueba/results/DATA/Patients/Syntheticpatient3/OGMdata, /home/user/MARTA/LABO/PULPO/PULPO_synthetic/CNVprueba/results/DATA/Patients/Syntheticpatient4/OGMdata, /home/user/MARTA/LABO/PULPO/PULPO_synthetic/CNVprueba/results/DATA/Patients/Syntheticpatient5/OGMdata, /home/user/MARTA/LABO/PULPO/PULPO_synthetic/CNVprueba/results/DATA/Patients/Syntheticpatient6/OGMdata, /home/user/MARTA/LABO/PULPO/PULPO_synthetic/CNVprueba/results/DATA/Patients/Syntheticpatient7/OGMdata, /home/user/MARTA/LABO/PULPO/PULPO_synthetic/CNVprueba/results/DATA/Patients/Syntheticpatient8/OGMdata, /home/user/MARTA/LABO/PULPO/PULPO_synthetic/CNVprueba/results/DATA/Patients/Syntheticpatient9/OGMdata, /home/user/MARTA/LABO/PULPO/PULPO_synthetic/CNVprueba/results/DATA/Patients/Syntheticpatient10/OGMdata
    output: /home/user/MARTA/LABO/PULPO/PULPO_synthetic/CNVprueba/results/CNVs/Patients/Syntheticpatient7/Check/check_cnvs_done.txt
    jobid: 8
    reason: Missing output files: /home/user/MARTA/LABO/PULPO/PULPO_synthetic/CNVprueba/results/CNVs/Patients/Syntheticpatient7/Check/check_cnvs_done.txt; Input files updated by another job: /home/user/MARTA/LABO/PULPO/PULPO_synthetic/CNVprueba/results/DATA/Patients/Syntheticpatient8/OGMdata, /home/user/MARTA/LABO/PULPO/PULPO_synthetic/CNVprueba/results/DATA/Patients/Syntheticpatient4/OGMdata, /home/user/MARTA/LABO/PULPO/PULPO_synthetic/CNVprueba/results/DATA/Patients/Syntheticpatient10/OGMdata, /home/user/MARTA/LABO/PULPO/PULPO_synthetic/CNVprueba/results/DATA/Patients/Syntheticpatient5/OGMdata, /home/user/MARTA/LABO/PULPO/PULPO_synthetic/CNVprueba/results/DATA/Patients/Syntheticpatient9/OGMdata, /home/user/MARTA/LABO/PULPO/PULPO_synthetic/CNVprueba/results/DATA/Patients/Syntheticpatient3/OGMdata, /home/user/MARTA/LABO/PULPO/PULPO_synthetic/CNVprueba/results/DATA/Patients/Syntheticpatient7/OGMdata, /home/user/MARTA/LABO/PULPO/PULPO_synthetic/CNVprueba/results/DATA/Patients/Syntheticpatient2/OGMdata, /home/user/MARTA/LABO/PULPO/PULPO_synthetic/CNVprueba/logs/DATA/descompressOGM/succesfulldescompresion.txt, /home/user/MARTA/LABO/PULPO/PULPO_synthetic/CNVprueba/results/DATA/Patients/Syntheticpatient6/OGMdata, /home/user/MARTA/LABO/PULPO/PULPO_synthetic/CNVprueba/results/DATA/Patients/Syntheticpatient1/OGMdata
    wildcards: anonymised=Syntheticpatient7
    resources: tmpdir=/tmp

[Mon Jun 16 12:58:25 2025]
Finished job 11.
7 of 44 steps (16%) done
Select jobs to execute...

[Mon Jun 16 12:58:25 2025]
rule check_cnvs:
    input: /home/user/MARTA/LABO/PULPO/PULPO_synthetic/CNVprueba/logs/DATA/descompressOGM/succesfulldescompresion.txt, /home/user/MARTA/LABO/PULPO/PULPO_synthetic/CNVprueba/results/DATA/Patients/Syntheticpatient1/OGMdata, /home/user/MARTA/LABO/PULPO/PULPO_synthetic/CNVprueba/results/DATA/Patients/Syntheticpatient2/OGMdata, /home/user/MARTA/LABO/PULPO/PULPO_synthetic/CNVprueba/results/DATA/Patients/Syntheticpatient3/OGMdata, /home/user/MARTA/LABO/PULPO/PULPO_synthetic/CNVprueba/results/DATA/Patients/Syntheticpatient4/OGMdata, /home/user/MARTA/LABO/PULPO/PULPO_synthetic/CNVprueba/results/DATA/Patients/Syntheticpatient5/OGMdata, /home/user/MARTA/LABO/PULPO/PULPO_synthetic/CNVprueba/results/DATA/Patients/Syntheticpatient6/OGMdata, /home/user/MARTA/LABO/PULPO/PULPO_synthetic/CNVprueba/results/DATA/Patients/Syntheticpatient7/OGMdata, /home/user/MARTA/LABO/PULPO/PULPO_synthetic/CNVprueba/results/DATA/Patients/Syntheticpatient8/OGMdata, /home/user/MARTA/LABO/PULPO/PULPO_synthetic/CNVprueba/results/DATA/Patients/Syntheticpatient9/OGMdata, /home/user/MARTA/LABO/PULPO/PULPO_synthetic/CNVprueba/results/DATA/Patients/Syntheticpatient10/OGMdata
    output: /home/user/MARTA/LABO/PULPO/PULPO_synthetic/CNVprueba/results/CNVs/Patients/Syntheticpatient5/Check/check_cnvs_done.txt
    jobid: 6
    reason: Missing output files: /home/user/MARTA/LABO/PULPO/PULPO_synthetic/CNVprueba/results/CNVs/Patients/Syntheticpatient5/Check/check_cnvs_done.txt; Input files updated by another job: /home/user/MARTA/LABO/PULPO/PULPO_synthetic/CNVprueba/results/DATA/Patients/Syntheticpatient8/OGMdata, /home/user/MARTA/LABO/PULPO/PULPO_synthetic/CNVprueba/results/DATA/Patients/Syntheticpatient4/OGMdata, /home/user/MARTA/LABO/PULPO/PULPO_synthetic/CNVprueba/results/DATA/Patients/Syntheticpatient10/OGMdata, /home/user/MARTA/LABO/PULPO/PULPO_synthetic/CNVprueba/results/DATA/Patients/Syntheticpatient5/OGMdata, /home/user/MARTA/LABO/PULPO/PULPO_synthetic/CNVprueba/results/DATA/Patients/Syntheticpatient9/OGMdata, /home/user/MARTA/LABO/PULPO/PULPO_synthetic/CNVprueba/results/DATA/Patients/Syntheticpatient3/OGMdata, /home/user/MARTA/LABO/PULPO/PULPO_synthetic/CNVprueba/results/DATA/Patients/Syntheticpatient7/OGMdata, /home/user/MARTA/LABO/PULPO/PULPO_synthetic/CNVprueba/results/DATA/Patients/Syntheticpatient2/OGMdata, /home/user/MARTA/LABO/PULPO/PULPO_synthetic/CNVprueba/logs/DATA/descompressOGM/succesfulldescompresion.txt, /home/user/MARTA/LABO/PULPO/PULPO_synthetic/CNVprueba/results/DATA/Patients/Syntheticpatient6/OGMdata, /home/user/MARTA/LABO/PULPO/PULPO_synthetic/CNVprueba/results/DATA/Patients/Syntheticpatient1/OGMdata
    wildcards: anonymised=Syntheticpatient5
    resources: tmpdir=/tmp

[Mon Jun 16 12:58:25 2025]
Finished job 8.
8 of 44 steps (18%) done
Select jobs to execute...

[Mon Jun 16 12:58:25 2025]
rule bionanotosigprofilercnv:
    input: /home/user/MARTA/LABO/PULPO/PULPO_synthetic/CNVprueba/results/CNVs/Patients/Syntheticpatient7/Check/check_cnvs_done.txt
    output: /home/user/MARTA/LABO/PULPO/PULPO_synthetic/CNVprueba/results/CNVs/Patients/Syntheticpatient7/SigProfiler/data/SigProfilerCNVdf.tsv
    log: /home/user/MARTA/LABO/PULPO/PULPO_synthetic/CNVprueba/logs/CNVs/Patients/Syntheticpatient7/SigProfiler/bionanotosigprofilercnv.log
    jobid: 18
    reason: Missing output files: /home/user/MARTA/LABO/PULPO/PULPO_synthetic/CNVprueba/results/CNVs/Patients/Syntheticpatient7/SigProfiler/data/SigProfilerCNVdf.tsv; Input files updated by another job: /home/user/MARTA/LABO/PULPO/PULPO_synthetic/CNVprueba/results/CNVs/Patients/Syntheticpatient7/Check/check_cnvs_done.txt
    wildcards: anonymised=Syntheticpatient7
    resources: tmpdir=/tmp

[Mon Jun 16 12:58:25 2025]
Finished job 6.
9 of 44 steps (20%) done
Select jobs to execute...

[Mon Jun 16 12:58:25 2025]
rule bionanotosigprofilercnv:
    input: /home/user/MARTA/LABO/PULPO/PULPO_synthetic/CNVprueba/results/CNVs/Patients/Syntheticpatient5/Check/check_cnvs_done.txt
    output: /home/user/MARTA/LABO/PULPO/PULPO_synthetic/CNVprueba/results/CNVs/Patients/Syntheticpatient5/SigProfiler/data/SigProfilerCNVdf.tsv
    log: /home/user/MARTA/LABO/PULPO/PULPO_synthetic/CNVprueba/logs/CNVs/Patients/Syntheticpatient5/SigProfiler/bionanotosigprofilercnv.log
    jobid: 16
    reason: Missing output files: /home/user/MARTA/LABO/PULPO/PULPO_synthetic/CNVprueba/results/CNVs/Patients/Syntheticpatient5/SigProfiler/data/SigProfilerCNVdf.tsv; Input files updated by another job: /home/user/MARTA/LABO/PULPO/PULPO_synthetic/CNVprueba/results/CNVs/Patients/Syntheticpatient5/Check/check_cnvs_done.txt
    wildcards: anonymised=Syntheticpatient5
    resources: tmpdir=/tmp

[Mon Jun 16 12:58:25 2025]
Finished job 15.
10 of 44 steps (23%) done
Select jobs to execute...

[Mon Jun 16 12:58:25 2025]
rule sigprofilermatrixgeneratorcnv:
    input: /home/user/MARTA/LABO/PULPO/PULPO_synthetic/CNVprueba/results/CNVs/Patients/Syntheticpatient4/SigProfiler/data/SigProfilerCNVdf.tsv
    output: /home/user/MARTA/LABO/PULPO/PULPO_synthetic/CNVprueba/results/CNVs/Patients/Syntheticpatient4/SigProfiler/results/MatrixGenerator, /home/user/MARTA/LABO/PULPO/PULPO_synthetic/CNVprueba/results/CNVs/Patients/Syntheticpatient4/SigProfiler/results/MatrixGenerator/Syntheticpatient4.CNV48.matrix.tsv, /home/user/MARTA/LABO/PULPO/PULPO_synthetic/CNVprueba/logs/CNVs/Patients/Syntheticpatient4/SigProfiler/sigprofilercnvmatrixgenerator.log
    jobid: 25
    reason: Missing output files: /home/user/MARTA/LABO/PULPO/PULPO_synthetic/CNVprueba/results/CNVs/Patients/Syntheticpatient4/SigProfiler/results/MatrixGenerator/Syntheticpatient4.CNV48.matrix.tsv, /home/user/MARTA/LABO/PULPO/PULPO_synthetic/CNVprueba/logs/CNVs/Patients/Syntheticpatient4/SigProfiler/sigprofilercnvmatrixgenerator.log; Input files updated by another job: /home/user/MARTA/LABO/PULPO/PULPO_synthetic/CNVprueba/results/CNVs/Patients/Syntheticpatient4/SigProfiler/data/SigProfilerCNVdf.tsv
    wildcards: anonymised=Syntheticpatient4
    resources: tmpdir=/tmp

[Mon Jun 16 12:58:25 2025]
Finished job 13.
11 of 44 steps (25%) done
Select jobs to execute...

[Mon Jun 16 12:58:25 2025]
rule sigprofilermatrixgeneratorcnv:
    input: /home/user/MARTA/LABO/PULPO/PULPO_synthetic/CNVprueba/results/CNVs/Patients/Syntheticpatient2/SigProfiler/data/SigProfilerCNVdf.tsv
    output: /home/user/MARTA/LABO/PULPO/PULPO_synthetic/CNVprueba/results/CNVs/Patients/Syntheticpatient2/SigProfiler/results/MatrixGenerator, /home/user/MARTA/LABO/PULPO/PULPO_synthetic/CNVprueba/results/CNVs/Patients/Syntheticpatient2/SigProfiler/results/MatrixGenerator/Syntheticpatient2.CNV48.matrix.tsv, /home/user/MARTA/LABO/PULPO/PULPO_synthetic/CNVprueba/logs/CNVs/Patients/Syntheticpatient2/SigProfiler/sigprofilercnvmatrixgenerator.log
    jobid: 23
    reason: Missing output files: /home/user/MARTA/LABO/PULPO/PULPO_synthetic/CNVprueba/logs/CNVs/Patients/Syntheticpatient2/SigProfiler/sigprofilercnvmatrixgenerator.log, /home/user/MARTA/LABO/PULPO/PULPO_synthetic/CNVprueba/results/CNVs/Patients/Syntheticpatient2/SigProfiler/results/MatrixGenerator/Syntheticpatient2.CNV48.matrix.tsv; Input files updated by another job: /home/user/MARTA/LABO/PULPO/PULPO_synthetic/CNVprueba/results/CNVs/Patients/Syntheticpatient2/SigProfiler/data/SigProfilerCNVdf.tsv
    wildcards: anonymised=Syntheticpatient2
    resources: tmpdir=/tmp

[Mon Jun 16 12:58:25 2025]
Finished job 16.
12 of 44 steps (27%) done
Select jobs to execute...

[Mon Jun 16 12:58:25 2025]
rule bionanotosigprofilercnv:
    input: /home/user/MARTA/LABO/PULPO/PULPO_synthetic/CNVprueba/results/CNVs/Patients/Syntheticpatient10/Check/check_cnvs_done.txt
    output: /home/user/MARTA/LABO/PULPO/PULPO_synthetic/CNVprueba/results/CNVs/Patients/Syntheticpatient10/SigProfiler/data/SigProfilerCNVdf.tsv
    log: /home/user/MARTA/LABO/PULPO/PULPO_synthetic/CNVprueba/logs/CNVs/Patients/Syntheticpatient10/SigProfiler/bionanotosigprofilercnv.log
    jobid: 21
    reason: Missing output files: /home/user/MARTA/LABO/PULPO/PULPO_synthetic/CNVprueba/results/CNVs/Patients/Syntheticpatient10/SigProfiler/data/SigProfilerCNVdf.tsv; Input files updated by another job: /home/user/MARTA/LABO/PULPO/PULPO_synthetic/CNVprueba/results/CNVs/Patients/Syntheticpatient10/Check/check_cnvs_done.txt
    wildcards: anonymised=Syntheticpatient10
    resources: tmpdir=/tmp

[Mon Jun 16 12:58:25 2025]
Finished job 18.
13 of 44 steps (30%) done
Select jobs to execute...

[Mon Jun 16 12:58:25 2025]
rule check_cnvs:
    input: /home/user/MARTA/LABO/PULPO/PULPO_synthetic/CNVprueba/logs/DATA/descompressOGM/succesfulldescompresion.txt, /home/user/MARTA/LABO/PULPO/PULPO_synthetic/CNVprueba/results/DATA/Patients/Syntheticpatient1/OGMdata, /home/user/MARTA/LABO/PULPO/PULPO_synthetic/CNVprueba/results/DATA/Patients/Syntheticpatient2/OGMdata, /home/user/MARTA/LABO/PULPO/PULPO_synthetic/CNVprueba/results/DATA/Patients/Syntheticpatient3/OGMdata, /home/user/MARTA/LABO/PULPO/PULPO_synthetic/CNVprueba/results/DATA/Patients/Syntheticpatient4/OGMdata, /home/user/MARTA/LABO/PULPO/PULPO_synthetic/CNVprueba/results/DATA/Patients/Syntheticpatient5/OGMdata, /home/user/MARTA/LABO/PULPO/PULPO_synthetic/CNVprueba/results/DATA/Patients/Syntheticpatient6/OGMdata, /home/user/MARTA/LABO/PULPO/PULPO_synthetic/CNVprueba/results/DATA/Patients/Syntheticpatient7/OGMdata, /home/user/MARTA/LABO/PULPO/PULPO_synthetic/CNVprueba/results/DATA/Patients/Syntheticpatient8/OGMdata, /home/user/MARTA/LABO/PULPO/PULPO_synthetic/CNVprueba/results/DATA/Patients/Syntheticpatient9/OGMdata, /home/user/MARTA/LABO/PULPO/PULPO_synthetic/CNVprueba/results/DATA/Patients/Syntheticpatient10/OGMdata
    output: /home/user/MARTA/LABO/PULPO/PULPO_synthetic/CNVprueba/results/CNVs/Patients/Syntheticpatient3/Check/check_cnvs_done.txt
    jobid: 4
    reason: Missing output files: /home/user/MARTA/LABO/PULPO/PULPO_synthetic/CNVprueba/results/CNVs/Patients/Syntheticpatient3/Check/check_cnvs_done.txt; Input files updated by another job: /home/user/MARTA/LABO/PULPO/PULPO_synthetic/CNVprueba/results/DATA/Patients/Syntheticpatient8/OGMdata, /home/user/MARTA/LABO/PULPO/PULPO_synthetic/CNVprueba/results/DATA/Patients/Syntheticpatient4/OGMdata, /home/user/MARTA/LABO/PULPO/PULPO_synthetic/CNVprueba/results/DATA/Patients/Syntheticpatient10/OGMdata, /home/user/MARTA/LABO/PULPO/PULPO_synthetic/CNVprueba/results/DATA/Patients/Syntheticpatient5/OGMdata, /home/user/MARTA/LABO/PULPO/PULPO_synthetic/CNVprueba/results/DATA/Patients/Syntheticpatient9/OGMdata, /home/user/MARTA/LABO/PULPO/PULPO_synthetic/CNVprueba/results/DATA/Patients/Syntheticpatient3/OGMdata, /home/user/MARTA/LABO/PULPO/PULPO_synthetic/CNVprueba/results/DATA/Patients/Syntheticpatient7/OGMdata, /home/user/MARTA/LABO/PULPO/PULPO_synthetic/CNVprueba/results/DATA/Patients/Syntheticpatient2/OGMdata, /home/user/MARTA/LABO/PULPO/PULPO_synthetic/CNVprueba/logs/DATA/descompressOGM/succesfulldescompresion.txt, /home/user/MARTA/LABO/PULPO/PULPO_synthetic/CNVprueba/results/DATA/Patients/Syntheticpatient6/OGMdata, /home/user/MARTA/LABO/PULPO/PULPO_synthetic/CNVprueba/results/DATA/Patients/Syntheticpatient1/OGMdata
    wildcards: anonymised=Syntheticpatient3
    resources: tmpdir=/tmp

[Mon Jun 16 12:58:26 2025]
Finished job 4.
14 of 44 steps (32%) done
Select jobs to execute...

[Mon Jun 16 12:58:26 2025]
rule bionanotosigprofilercnv:
    input: /home/user/MARTA/LABO/PULPO/PULPO_synthetic/CNVprueba/results/CNVs/Patients/Syntheticpatient3/Check/check_cnvs_done.txt
    output: /home/user/MARTA/LABO/PULPO/PULPO_synthetic/CNVprueba/results/CNVs/Patients/Syntheticpatient3/SigProfiler/data/SigProfilerCNVdf.tsv
    log: /home/user/MARTA/LABO/PULPO/PULPO_synthetic/CNVprueba/logs/CNVs/Patients/Syntheticpatient3/SigProfiler/bionanotosigprofilercnv.log
    jobid: 14
    reason: Missing output files: /home/user/MARTA/LABO/PULPO/PULPO_synthetic/CNVprueba/results/CNVs/Patients/Syntheticpatient3/SigProfiler/data/SigProfilerCNVdf.tsv; Input files updated by another job: /home/user/MARTA/LABO/PULPO/PULPO_synthetic/CNVprueba/results/CNVs/Patients/Syntheticpatient3/Check/check_cnvs_done.txt
    wildcards: anonymised=Syntheticpatient3
    resources: tmpdir=/tmp

[Mon Jun 16 12:58:26 2025]
Finished job 21.
15 of 44 steps (34%) done
Select jobs to execute...

[Mon Jun 16 12:58:26 2025]
rule sigprofilermatrixgeneratorcnv:
    input: /home/user/MARTA/LABO/PULPO/PULPO_synthetic/CNVprueba/results/CNVs/Patients/Syntheticpatient10/SigProfiler/data/SigProfilerCNVdf.tsv
    output: /home/user/MARTA/LABO/PULPO/PULPO_synthetic/CNVprueba/results/CNVs/Patients/Syntheticpatient10/SigProfiler/results/MatrixGenerator, /home/user/MARTA/LABO/PULPO/PULPO_synthetic/CNVprueba/results/CNVs/Patients/Syntheticpatient10/SigProfiler/results/MatrixGenerator/Syntheticpatient10.CNV48.matrix.tsv, /home/user/MARTA/LABO/PULPO/PULPO_synthetic/CNVprueba/logs/CNVs/Patients/Syntheticpatient10/SigProfiler/sigprofilercnvmatrixgenerator.log
    jobid: 31
    reason: Missing output files: /home/user/MARTA/LABO/PULPO/PULPO_synthetic/CNVprueba/results/CNVs/Patients/Syntheticpatient10/SigProfiler/results/MatrixGenerator/Syntheticpatient10.CNV48.matrix.tsv, /home/user/MARTA/LABO/PULPO/PULPO_synthetic/CNVprueba/logs/CNVs/Patients/Syntheticpatient10/SigProfiler/sigprofilercnvmatrixgenerator.log; Input files updated by another job: /home/user/MARTA/LABO/PULPO/PULPO_synthetic/CNVprueba/results/CNVs/Patients/Syntheticpatient10/SigProfiler/data/SigProfilerCNVdf.tsv
    wildcards: anonymised=Syntheticpatient10
    resources: tmpdir=/tmp

[Mon Jun 16 12:58:26 2025]
Finished job 14.
16 of 44 steps (36%) done
Select jobs to execute...

[Mon Jun 16 12:58:26 2025]
rule bionanotosigprofilercnv:
    input: /home/user/MARTA/LABO/PULPO/PULPO_synthetic/CNVprueba/results/CNVs/Patients/Syntheticpatient8/Check/check_cnvs_done.txt
    output: /home/user/MARTA/LABO/PULPO/PULPO_synthetic/CNVprueba/results/CNVs/Patients/Syntheticpatient8/SigProfiler/data/SigProfilerCNVdf.tsv
    log: /home/user/MARTA/LABO/PULPO/PULPO_synthetic/CNVprueba/logs/CNVs/Patients/Syntheticpatient8/SigProfiler/bionanotosigprofilercnv.log
    jobid: 19
    reason: Missing output files: /home/user/MARTA/LABO/PULPO/PULPO_synthetic/CNVprueba/results/CNVs/Patients/Syntheticpatient8/SigProfiler/data/SigProfilerCNVdf.tsv; Input files updated by another job: /home/user/MARTA/LABO/PULPO/PULPO_synthetic/CNVprueba/results/CNVs/Patients/Syntheticpatient8/Check/check_cnvs_done.txt
    wildcards: anonymised=Syntheticpatient8
    resources: tmpdir=/tmp

[Mon Jun 16 12:58:27 2025]
Finished job 19.
17 of 44 steps (39%) done
Select jobs to execute...

[Mon Jun 16 12:58:27 2025]
rule sigprofilermatrixgeneratorcnv:
    input: /home/user/MARTA/LABO/PULPO/PULPO_synthetic/CNVprueba/results/CNVs/Patients/Syntheticpatient8/SigProfiler/data/SigProfilerCNVdf.tsv
    output: /home/user/MARTA/LABO/PULPO/PULPO_synthetic/CNVprueba/results/CNVs/Patients/Syntheticpatient8/SigProfiler/results/MatrixGenerator, /home/user/MARTA/LABO/PULPO/PULPO_synthetic/CNVprueba/results/CNVs/Patients/Syntheticpatient8/SigProfiler/results/MatrixGenerator/Syntheticpatient8.CNV48.matrix.tsv, /home/user/MARTA/LABO/PULPO/PULPO_synthetic/CNVprueba/logs/CNVs/Patients/Syntheticpatient8/SigProfiler/sigprofilercnvmatrixgenerator.log
    jobid: 29
    reason: Missing output files: /home/user/MARTA/LABO/PULPO/PULPO_synthetic/CNVprueba/results/CNVs/Patients/Syntheticpatient8/SigProfiler/results/MatrixGenerator/Syntheticpatient8.CNV48.matrix.tsv, /home/user/MARTA/LABO/PULPO/PULPO_synthetic/CNVprueba/logs/CNVs/Patients/Syntheticpatient8/SigProfiler/sigprofilercnvmatrixgenerator.log; Input files updated by another job: /home/user/MARTA/LABO/PULPO/PULPO_synthetic/CNVprueba/results/CNVs/Patients/Syntheticpatient8/SigProfiler/data/SigProfilerCNVdf.tsv
    wildcards: anonymised=Syntheticpatient8
    resources: tmpdir=/tmp

[Mon Jun 16 12:58:33 2025]
Finished job 25.
18 of 44 steps (41%) done
Select jobs to execute...

[Mon Jun 16 12:58:33 2025]
rule check_cnvs:
    input: /home/user/MARTA/LABO/PULPO/PULPO_synthetic/CNVprueba/logs/DATA/descompressOGM/succesfulldescompresion.txt, /home/user/MARTA/LABO/PULPO/PULPO_synthetic/CNVprueba/results/DATA/Patients/Syntheticpatient1/OGMdata, /home/user/MARTA/LABO/PULPO/PULPO_synthetic/CNVprueba/results/DATA/Patients/Syntheticpatient2/OGMdata, /home/user/MARTA/LABO/PULPO/PULPO_synthetic/CNVprueba/results/DATA/Patients/Syntheticpatient3/OGMdata, /home/user/MARTA/LABO/PULPO/PULPO_synthetic/CNVprueba/results/DATA/Patients/Syntheticpatient4/OGMdata, /home/user/MARTA/LABO/PULPO/PULPO_synthetic/CNVprueba/results/DATA/Patients/Syntheticpatient5/OGMdata, /home/user/MARTA/LABO/PULPO/PULPO_synthetic/CNVprueba/results/DATA/Patients/Syntheticpatient6/OGMdata, /home/user/MARTA/LABO/PULPO/PULPO_synthetic/CNVprueba/results/DATA/Patients/Syntheticpatient7/OGMdata, /home/user/MARTA/LABO/PULPO/PULPO_synthetic/CNVprueba/results/DATA/Patients/Syntheticpatient8/OGMdata, /home/user/MARTA/LABO/PULPO/PULPO_synthetic/CNVprueba/results/DATA/Patients/Syntheticpatient9/OGMdata, /home/user/MARTA/LABO/PULPO/PULPO_synthetic/CNVprueba/results/DATA/Patients/Syntheticpatient10/OGMdata
    output: /home/user/MARTA/LABO/PULPO/PULPO_synthetic/CNVprueba/results/CNVs/Patients/Syntheticpatient1/Check/check_cnvs_done.txt
    jobid: 2
    reason: Missing output files: /home/user/MARTA/LABO/PULPO/PULPO_synthetic/CNVprueba/results/CNVs/Patients/Syntheticpatient1/Check/check_cnvs_done.txt; Input files updated by another job: /home/user/MARTA/LABO/PULPO/PULPO_synthetic/CNVprueba/results/DATA/Patients/Syntheticpatient8/OGMdata, /home/user/MARTA/LABO/PULPO/PULPO_synthetic/CNVprueba/results/DATA/Patients/Syntheticpatient4/OGMdata, /home/user/MARTA/LABO/PULPO/PULPO_synthetic/CNVprueba/results/DATA/Patients/Syntheticpatient10/OGMdata, /home/user/MARTA/LABO/PULPO/PULPO_synthetic/CNVprueba/results/DATA/Patients/Syntheticpatient5/OGMdata, /home/user/MARTA/LABO/PULPO/PULPO_synthetic/CNVprueba/results/DATA/Patients/Syntheticpatient9/OGMdata, /home/user/MARTA/LABO/PULPO/PULPO_synthetic/CNVprueba/results/DATA/Patients/Syntheticpatient3/OGMdata, /home/user/MARTA/LABO/PULPO/PULPO_synthetic/CNVprueba/results/DATA/Patients/Syntheticpatient7/OGMdata, /home/user/MARTA/LABO/PULPO/PULPO_synthetic/CNVprueba/results/DATA/Patients/Syntheticpatient2/OGMdata, /home/user/MARTA/LABO/PULPO/PULPO_synthetic/CNVprueba/logs/DATA/descompressOGM/succesfulldescompresion.txt, /home/user/MARTA/LABO/PULPO/PULPO_synthetic/CNVprueba/results/DATA/Patients/Syntheticpatient6/OGMdata, /home/user/MARTA/LABO/PULPO/PULPO_synthetic/CNVprueba/results/DATA/Patients/Syntheticpatient1/OGMdata
    wildcards: anonymised=Syntheticpatient1
    resources: tmpdir=/tmp

[Mon Jun 16 12:58:33 2025]
Finished job 23.
19 of 44 steps (43%) done
Select jobs to execute...

[Mon Jun 16 12:58:33 2025]
rule sigprofilerextractorcnv:
    input: /home/user/MARTA/LABO/PULPO/PULPO_synthetic/CNVprueba/results/CNVs/Patients/Syntheticpatient2/SigProfiler/results/MatrixGenerator/Syntheticpatient2.CNV48.matrix.tsv
    output: /home/user/MARTA/LABO/PULPO/PULPO_synthetic/CNVprueba/results/CNVs/Patients/Syntheticpatient2/SigProfiler/results/Extractor
    jobid: 33
    reason: Missing output files: /home/user/MARTA/LABO/PULPO/PULPO_synthetic/CNVprueba/results/CNVs/Patients/Syntheticpatient2/SigProfiler/results/Extractor; Input files updated by another job: /home/user/MARTA/LABO/PULPO/PULPO_synthetic/CNVprueba/results/CNVs/Patients/Syntheticpatient2/SigProfiler/results/MatrixGenerator/Syntheticpatient2.CNV48.matrix.tsv
    wildcards: anonymised=Syntheticpatient2
    resources: tmpdir=/tmp

[Mon Jun 16 12:58:33 2025]
Finished job 2.
20 of 44 steps (45%) done
Select jobs to execute...

[Mon Jun 16 12:58:33 2025]
rule bionanotosigprofilercnv:
    input: /home/user/MARTA/LABO/PULPO/PULPO_synthetic/CNVprueba/results/CNVs/Patients/Syntheticpatient1/Check/check_cnvs_done.txt
    output: /home/user/MARTA/LABO/PULPO/PULPO_synthetic/CNVprueba/results/CNVs/Patients/Syntheticpatient1/SigProfiler/data/SigProfilerCNVdf.tsv
    log: /home/user/MARTA/LABO/PULPO/PULPO_synthetic/CNVprueba/logs/CNVs/Patients/Syntheticpatient1/SigProfiler/bionanotosigprofilercnv.log
    jobid: 12
    reason: Missing output files: /home/user/MARTA/LABO/PULPO/PULPO_synthetic/CNVprueba/results/CNVs/Patients/Syntheticpatient1/SigProfiler/data/SigProfilerCNVdf.tsv; Input files updated by another job: /home/user/MARTA/LABO/PULPO/PULPO_synthetic/CNVprueba/results/CNVs/Patients/Syntheticpatient1/Check/check_cnvs_done.txt
    wildcards: anonymised=Syntheticpatient1
    resources: tmpdir=/tmp

[Mon Jun 16 12:58:33 2025]
Finished job 31.
21 of 44 steps (48%) done
Select jobs to execute...

[Mon Jun 16 12:58:33 2025]
rule bionanotosigprofilercnv:
    input: /home/user/MARTA/LABO/PULPO/PULPO_synthetic/CNVprueba/results/CNVs/Patients/Syntheticpatient6/Check/check_cnvs_done.txt
    output: /home/user/MARTA/LABO/PULPO/PULPO_synthetic/CNVprueba/results/CNVs/Patients/Syntheticpatient6/SigProfiler/data/SigProfilerCNVdf.tsv
    log: /home/user/MARTA/LABO/PULPO/PULPO_synthetic/CNVprueba/logs/CNVs/Patients/Syntheticpatient6/SigProfiler/bionanotosigprofilercnv.log
    jobid: 17
    reason: Missing output files: /home/user/MARTA/LABO/PULPO/PULPO_synthetic/CNVprueba/results/CNVs/Patients/Syntheticpatient6/SigProfiler/data/SigProfilerCNVdf.tsv; Input files updated by another job: /home/user/MARTA/LABO/PULPO/PULPO_synthetic/CNVprueba/results/CNVs/Patients/Syntheticpatient6/Check/check_cnvs_done.txt
    wildcards: anonymised=Syntheticpatient6
    resources: tmpdir=/tmp

[Mon Jun 16 12:58:33 2025]
Finished job 12.
22 of 44 steps (50%) done
Select jobs to execute...

[Mon Jun 16 12:58:33 2025]
rule sigprofilerextractorcnv:
    input: /home/user/MARTA/LABO/PULPO/PULPO_synthetic/CNVprueba/results/CNVs/Patients/Syntheticpatient10/SigProfiler/results/MatrixGenerator/Syntheticpatient10.CNV48.matrix.tsv
    output: /home/user/MARTA/LABO/PULPO/PULPO_synthetic/CNVprueba/results/CNVs/Patients/Syntheticpatient10/SigProfiler/results/Extractor
    jobid: 41
    reason: Missing output files: /home/user/MARTA/LABO/PULPO/PULPO_synthetic/CNVprueba/results/CNVs/Patients/Syntheticpatient10/SigProfiler/results/Extractor; Input files updated by another job: /home/user/MARTA/LABO/PULPO/PULPO_synthetic/CNVprueba/results/CNVs/Patients/Syntheticpatient10/SigProfiler/results/MatrixGenerator/Syntheticpatient10.CNV48.matrix.tsv
    wildcards: anonymised=Syntheticpatient10
    resources: tmpdir=/tmp

[Mon Jun 16 12:58:34 2025]
Finished job 17.
23 of 44 steps (52%) done
Select jobs to execute...

[Mon Jun 16 12:58:34 2025]
rule sigprofilermatrixgeneratorcnv:
    input: /home/user/MARTA/LABO/PULPO/PULPO_synthetic/CNVprueba/results/CNVs/Patients/Syntheticpatient6/SigProfiler/data/SigProfilerCNVdf.tsv
    output: /home/user/MARTA/LABO/PULPO/PULPO_synthetic/CNVprueba/results/CNVs/Patients/Syntheticpatient6/SigProfiler/results/MatrixGenerator, /home/user/MARTA/LABO/PULPO/PULPO_synthetic/CNVprueba/results/CNVs/Patients/Syntheticpatient6/SigProfiler/results/MatrixGenerator/Syntheticpatient6.CNV48.matrix.tsv, /home/user/MARTA/LABO/PULPO/PULPO_synthetic/CNVprueba/logs/CNVs/Patients/Syntheticpatient6/SigProfiler/sigprofilercnvmatrixgenerator.log
    jobid: 27
    reason: Missing output files: /home/user/MARTA/LABO/PULPO/PULPO_synthetic/CNVprueba/logs/CNVs/Patients/Syntheticpatient6/SigProfiler/sigprofilercnvmatrixgenerator.log, /home/user/MARTA/LABO/PULPO/PULPO_synthetic/CNVprueba/results/CNVs/Patients/Syntheticpatient6/SigProfiler/results/MatrixGenerator/Syntheticpatient6.CNV48.matrix.tsv; Input files updated by another job: /home/user/MARTA/LABO/PULPO/PULPO_synthetic/CNVprueba/results/CNVs/Patients/Syntheticpatient6/SigProfiler/data/SigProfilerCNVdf.tsv
    wildcards: anonymised=Syntheticpatient6
    resources: tmpdir=/tmp

[Mon Jun 16 12:58:34 2025]
Finished job 29.
24 of 44 steps (55%) done
Select jobs to execute...

[Mon Jun 16 12:58:34 2025]
rule sigprofilermatrixgeneratorcnv:
    input: /home/user/MARTA/LABO/PULPO/PULPO_synthetic/CNVprueba/results/CNVs/Patients/Syntheticpatient7/SigProfiler/data/SigProfilerCNVdf.tsv
    output: /home/user/MARTA/LABO/PULPO/PULPO_synthetic/CNVprueba/results/CNVs/Patients/Syntheticpatient7/SigProfiler/results/MatrixGenerator, /home/user/MARTA/LABO/PULPO/PULPO_synthetic/CNVprueba/results/CNVs/Patients/Syntheticpatient7/SigProfiler/results/MatrixGenerator/Syntheticpatient7.CNV48.matrix.tsv, /home/user/MARTA/LABO/PULPO/PULPO_synthetic/CNVprueba/logs/CNVs/Patients/Syntheticpatient7/SigProfiler/sigprofilercnvmatrixgenerator.log
    jobid: 28
    reason: Missing output files: /home/user/MARTA/LABO/PULPO/PULPO_synthetic/CNVprueba/results/CNVs/Patients/Syntheticpatient7/SigProfiler/results/MatrixGenerator/Syntheticpatient7.CNV48.matrix.tsv, /home/user/MARTA/LABO/PULPO/PULPO_synthetic/CNVprueba/logs/CNVs/Patients/Syntheticpatient7/SigProfiler/sigprofilercnvmatrixgenerator.log; Input files updated by another job: /home/user/MARTA/LABO/PULPO/PULPO_synthetic/CNVprueba/results/CNVs/Patients/Syntheticpatient7/SigProfiler/data/SigProfilerCNVdf.tsv
    wildcards: anonymised=Syntheticpatient7
    resources: tmpdir=/tmp

[Mon Jun 16 12:58:44 2025]
Finished job 27.
25 of 44 steps (57%) done
Select jobs to execute...

[Mon Jun 16 12:58:44 2025]
rule sigprofilerextractorcnv:
    input: /home/user/MARTA/LABO/PULPO/PULPO_synthetic/CNVprueba/results/CNVs/Patients/Syntheticpatient8/SigProfiler/results/MatrixGenerator/Syntheticpatient8.CNV48.matrix.tsv
    output: /home/user/MARTA/LABO/PULPO/PULPO_synthetic/CNVprueba/results/CNVs/Patients/Syntheticpatient8/SigProfiler/results/Extractor
    jobid: 39
    reason: Missing output files: /home/user/MARTA/LABO/PULPO/PULPO_synthetic/CNVprueba/results/CNVs/Patients/Syntheticpatient8/SigProfiler/results/Extractor; Input files updated by another job: /home/user/MARTA/LABO/PULPO/PULPO_synthetic/CNVprueba/results/CNVs/Patients/Syntheticpatient8/SigProfiler/results/MatrixGenerator/Syntheticpatient8.CNV48.matrix.tsv
    wildcards: anonymised=Syntheticpatient8
    resources: tmpdir=/tmp

[Mon Jun 16 12:58:44 2025]
Finished job 28.
26 of 44 steps (59%) done
Select jobs to execute...

[Mon Jun 16 12:58:44 2025]
rule sigprofilerextractorcnv:
    input: /home/user/MARTA/LABO/PULPO/PULPO_synthetic/CNVprueba/results/CNVs/Patients/Syntheticpatient7/SigProfiler/results/MatrixGenerator/Syntheticpatient7.CNV48.matrix.tsv
    output: /home/user/MARTA/LABO/PULPO/PULPO_synthetic/CNVprueba/results/CNVs/Patients/Syntheticpatient7/SigProfiler/results/Extractor
    jobid: 38
    reason: Missing output files: /home/user/MARTA/LABO/PULPO/PULPO_synthetic/CNVprueba/results/CNVs/Patients/Syntheticpatient7/SigProfiler/results/Extractor; Input files updated by another job: /home/user/MARTA/LABO/PULPO/PULPO_synthetic/CNVprueba/results/CNVs/Patients/Syntheticpatient7/SigProfiler/results/MatrixGenerator/Syntheticpatient7.CNV48.matrix.tsv
    wildcards: anonymised=Syntheticpatient7
    resources: tmpdir=/tmp

[Mon Jun 16 12:59:32 2025]
Finished job 33.
27 of 44 steps (61%) done
Select jobs to execute...

[Mon Jun 16 12:59:33 2025]
rule sigprofilermatrixgeneratorcnv:
    input: /home/user/MARTA/LABO/PULPO/PULPO_synthetic/CNVprueba/results/CNVs/Patients/Syntheticpatient5/SigProfiler/data/SigProfilerCNVdf.tsv
    output: /home/user/MARTA/LABO/PULPO/PULPO_synthetic/CNVprueba/results/CNVs/Patients/Syntheticpatient5/SigProfiler/results/MatrixGenerator, /home/user/MARTA/LABO/PULPO/PULPO_synthetic/CNVprueba/results/CNVs/Patients/Syntheticpatient5/SigProfiler/results/MatrixGenerator/Syntheticpatient5.CNV48.matrix.tsv, /home/user/MARTA/LABO/PULPO/PULPO_synthetic/CNVprueba/logs/CNVs/Patients/Syntheticpatient5/SigProfiler/sigprofilercnvmatrixgenerator.log
    jobid: 26
    reason: Missing output files: /home/user/MARTA/LABO/PULPO/PULPO_synthetic/CNVprueba/logs/CNVs/Patients/Syntheticpatient5/SigProfiler/sigprofilercnvmatrixgenerator.log, /home/user/MARTA/LABO/PULPO/PULPO_synthetic/CNVprueba/results/CNVs/Patients/Syntheticpatient5/SigProfiler/results/MatrixGenerator/Syntheticpatient5.CNV48.matrix.tsv; Input files updated by another job: /home/user/MARTA/LABO/PULPO/PULPO_synthetic/CNVprueba/results/CNVs/Patients/Syntheticpatient5/SigProfiler/data/SigProfilerCNVdf.tsv
    wildcards: anonymised=Syntheticpatient5
    resources: tmpdir=/tmp

[Mon Jun 16 12:59:40 2025]
Finished job 41.
28 of 44 steps (64%) done
Select jobs to execute...

[Mon Jun 16 12:59:40 2025]
rule sigprofilerextractorcnv:
    input: /home/user/MARTA/LABO/PULPO/PULPO_synthetic/CNVprueba/results/CNVs/Patients/Syntheticpatient6/SigProfiler/results/MatrixGenerator/Syntheticpatient6.CNV48.matrix.tsv
    output: /home/user/MARTA/LABO/PULPO/PULPO_synthetic/CNVprueba/results/CNVs/Patients/Syntheticpatient6/SigProfiler/results/Extractor
    jobid: 37
    reason: Missing output files: /home/user/MARTA/LABO/PULPO/PULPO_synthetic/CNVprueba/results/CNVs/Patients/Syntheticpatient6/SigProfiler/results/Extractor; Input files updated by another job: /home/user/MARTA/LABO/PULPO/PULPO_synthetic/CNVprueba/results/CNVs/Patients/Syntheticpatient6/SigProfiler/results/MatrixGenerator/Syntheticpatient6.CNV48.matrix.tsv
    wildcards: anonymised=Syntheticpatient6
    resources: tmpdir=/tmp

[Mon Jun 16 12:59:45 2025]
Finished job 26.
29 of 44 steps (66%) done
Select jobs to execute...

[Mon Jun 16 12:59:45 2025]
rule sigprofilerextractorcnv:
    input: /home/user/MARTA/LABO/PULPO/PULPO_synthetic/CNVprueba/results/CNVs/Patients/Syntheticpatient5/SigProfiler/results/MatrixGenerator/Syntheticpatient5.CNV48.matrix.tsv
    output: /home/user/MARTA/LABO/PULPO/PULPO_synthetic/CNVprueba/results/CNVs/Patients/Syntheticpatient5/SigProfiler/results/Extractor
    jobid: 36
    reason: Missing output files: /home/user/MARTA/LABO/PULPO/PULPO_synthetic/CNVprueba/results/CNVs/Patients/Syntheticpatient5/SigProfiler/results/Extractor; Input files updated by another job: /home/user/MARTA/LABO/PULPO/PULPO_synthetic/CNVprueba/results/CNVs/Patients/Syntheticpatient5/SigProfiler/results/MatrixGenerator/Syntheticpatient5.CNV48.matrix.tsv
    wildcards: anonymised=Syntheticpatient5
    resources: tmpdir=/tmp

[Mon Jun 16 12:59:48 2025]
Finished job 38.
30 of 44 steps (68%) done
Select jobs to execute...

[Mon Jun 16 12:59:48 2025]
rule sigprofilermatrixgeneratorcnv:
    input: /home/user/MARTA/LABO/PULPO/PULPO_synthetic/CNVprueba/results/CNVs/Patients/Syntheticpatient3/SigProfiler/data/SigProfilerCNVdf.tsv
    output: /home/user/MARTA/LABO/PULPO/PULPO_synthetic/CNVprueba/results/CNVs/Patients/Syntheticpatient3/SigProfiler/results/MatrixGenerator, /home/user/MARTA/LABO/PULPO/PULPO_synthetic/CNVprueba/results/CNVs/Patients/Syntheticpatient3/SigProfiler/results/MatrixGenerator/Syntheticpatient3.CNV48.matrix.tsv, /home/user/MARTA/LABO/PULPO/PULPO_synthetic/CNVprueba/logs/CNVs/Patients/Syntheticpatient3/SigProfiler/sigprofilercnvmatrixgenerator.log
    jobid: 24
    reason: Missing output files: /home/user/MARTA/LABO/PULPO/PULPO_synthetic/CNVprueba/logs/CNVs/Patients/Syntheticpatient3/SigProfiler/sigprofilercnvmatrixgenerator.log, /home/user/MARTA/LABO/PULPO/PULPO_synthetic/CNVprueba/results/CNVs/Patients/Syntheticpatient3/SigProfiler/results/MatrixGenerator/Syntheticpatient3.CNV48.matrix.tsv; Input files updated by another job: /home/user/MARTA/LABO/PULPO/PULPO_synthetic/CNVprueba/results/CNVs/Patients/Syntheticpatient3/SigProfiler/data/SigProfilerCNVdf.tsv
    wildcards: anonymised=Syntheticpatient3
    resources: tmpdir=/tmp

[Mon Jun 16 12:59:49 2025]
Finished job 39.
31 of 44 steps (70%) done
Select jobs to execute...

[Mon Jun 16 12:59:49 2025]
rule sigprofilerextractorcnv:
    input: /home/user/MARTA/LABO/PULPO/PULPO_synthetic/CNVprueba/results/CNVs/Patients/Syntheticpatient4/SigProfiler/results/MatrixGenerator/Syntheticpatient4.CNV48.matrix.tsv
    output: /home/user/MARTA/LABO/PULPO/PULPO_synthetic/CNVprueba/results/CNVs/Patients/Syntheticpatient4/SigProfiler/results/Extractor
    jobid: 35
    reason: Missing output files: /home/user/MARTA/LABO/PULPO/PULPO_synthetic/CNVprueba/results/CNVs/Patients/Syntheticpatient4/SigProfiler/results/Extractor; Input files updated by another job: /home/user/MARTA/LABO/PULPO/PULPO_synthetic/CNVprueba/results/CNVs/Patients/Syntheticpatient4/SigProfiler/results/MatrixGenerator/Syntheticpatient4.CNV48.matrix.tsv
    wildcards: anonymised=Syntheticpatient4
    resources: tmpdir=/tmp

[Mon Jun 16 12:59:58 2025]
Finished job 24.
32 of 44 steps (73%) done
Select jobs to execute...

[Mon Jun 16 12:59:58 2025]
rule sigprofilerextractorcnv:
    input: /home/user/MARTA/LABO/PULPO/PULPO_synthetic/CNVprueba/results/CNVs/Patients/Syntheticpatient3/SigProfiler/results/MatrixGenerator/Syntheticpatient3.CNV48.matrix.tsv
    output: /home/user/MARTA/LABO/PULPO/PULPO_synthetic/CNVprueba/results/CNVs/Patients/Syntheticpatient3/SigProfiler/results/Extractor
    jobid: 34
    reason: Missing output files: /home/user/MARTA/LABO/PULPO/PULPO_synthetic/CNVprueba/results/CNVs/Patients/Syntheticpatient3/SigProfiler/results/Extractor; Input files updated by another job: /home/user/MARTA/LABO/PULPO/PULPO_synthetic/CNVprueba/results/CNVs/Patients/Syntheticpatient3/SigProfiler/results/MatrixGenerator/Syntheticpatient3.CNV48.matrix.tsv
    wildcards: anonymised=Syntheticpatient3
    resources: tmpdir=/tmp

[Mon Jun 16 13:00:38 2025]
Finished job 36.
33 of 44 steps (75%) done
Select jobs to execute...

[Mon Jun 16 13:00:38 2025]
rule bionanotosigprofilercnv:
    input: /home/user/MARTA/LABO/PULPO/PULPO_synthetic/CNVprueba/results/CNVs/Patients/Syntheticpatient9/Check/check_cnvs_done.txt
    output: /home/user/MARTA/LABO/PULPO/PULPO_synthetic/CNVprueba/results/CNVs/Patients/Syntheticpatient9/SigProfiler/data/SigProfilerCNVdf.tsv
    log: /home/user/MARTA/LABO/PULPO/PULPO_synthetic/CNVprueba/logs/CNVs/Patients/Syntheticpatient9/SigProfiler/bionanotosigprofilercnv.log
    jobid: 20
    reason: Missing output files: /home/user/MARTA/LABO/PULPO/PULPO_synthetic/CNVprueba/results/CNVs/Patients/Syntheticpatient9/SigProfiler/data/SigProfilerCNVdf.tsv; Input files updated by another job: /home/user/MARTA/LABO/PULPO/PULPO_synthetic/CNVprueba/results/CNVs/Patients/Syntheticpatient9/Check/check_cnvs_done.txt
    wildcards: anonymised=Syntheticpatient9
    resources: tmpdir=/tmp

[Mon Jun 16 13:00:38 2025]
Finished job 37.
34 of 44 steps (77%) done
Select jobs to execute...

[Mon Jun 16 13:00:38 2025]
rule sigprofilermatrixgeneratorcnv:
    input: /home/user/MARTA/LABO/PULPO/PULPO_synthetic/CNVprueba/results/CNVs/Patients/Syntheticpatient1/SigProfiler/data/SigProfilerCNVdf.tsv
    output: /home/user/MARTA/LABO/PULPO/PULPO_synthetic/CNVprueba/results/CNVs/Patients/Syntheticpatient1/SigProfiler/results/MatrixGenerator, /home/user/MARTA/LABO/PULPO/PULPO_synthetic/CNVprueba/results/CNVs/Patients/Syntheticpatient1/SigProfiler/results/MatrixGenerator/Syntheticpatient1.CNV48.matrix.tsv, /home/user/MARTA/LABO/PULPO/PULPO_synthetic/CNVprueba/logs/CNVs/Patients/Syntheticpatient1/SigProfiler/sigprofilercnvmatrixgenerator.log
    jobid: 22
    reason: Missing output files: /home/user/MARTA/LABO/PULPO/PULPO_synthetic/CNVprueba/logs/CNVs/Patients/Syntheticpatient1/SigProfiler/sigprofilercnvmatrixgenerator.log, /home/user/MARTA/LABO/PULPO/PULPO_synthetic/CNVprueba/results/CNVs/Patients/Syntheticpatient1/SigProfiler/results/MatrixGenerator/Syntheticpatient1.CNV48.matrix.tsv; Input files updated by another job: /home/user/MARTA/LABO/PULPO/PULPO_synthetic/CNVprueba/results/CNVs/Patients/Syntheticpatient1/SigProfiler/data/SigProfilerCNVdf.tsv
    wildcards: anonymised=Syntheticpatient1
    resources: tmpdir=/tmp

[Mon Jun 16 13:00:38 2025]
Finished job 20.
35 of 44 steps (80%) done
Select jobs to execute...

[Mon Jun 16 13:00:38 2025]
rule sigprofilermatrixgeneratorcnv:
    input: /home/user/MARTA/LABO/PULPO/PULPO_synthetic/CNVprueba/results/CNVs/Patients/Syntheticpatient9/SigProfiler/data/SigProfilerCNVdf.tsv
    output: /home/user/MARTA/LABO/PULPO/PULPO_synthetic/CNVprueba/results/CNVs/Patients/Syntheticpatient9/SigProfiler/results/MatrixGenerator, /home/user/MARTA/LABO/PULPO/PULPO_synthetic/CNVprueba/results/CNVs/Patients/Syntheticpatient9/SigProfiler/results/MatrixGenerator/Syntheticpatient9.CNV48.matrix.tsv, /home/user/MARTA/LABO/PULPO/PULPO_synthetic/CNVprueba/logs/CNVs/Patients/Syntheticpatient9/SigProfiler/sigprofilercnvmatrixgenerator.log
    jobid: 30
    reason: Missing output files: /home/user/MARTA/LABO/PULPO/PULPO_synthetic/CNVprueba/results/CNVs/Patients/Syntheticpatient9/SigProfiler/results/MatrixGenerator/Syntheticpatient9.CNV48.matrix.tsv, /home/user/MARTA/LABO/PULPO/PULPO_synthetic/CNVprueba/logs/CNVs/Patients/Syntheticpatient9/SigProfiler/sigprofilercnvmatrixgenerator.log; Input files updated by another job: /home/user/MARTA/LABO/PULPO/PULPO_synthetic/CNVprueba/results/CNVs/Patients/Syntheticpatient9/SigProfiler/data/SigProfilerCNVdf.tsv
    wildcards: anonymised=Syntheticpatient9
    resources: tmpdir=/tmp

[Mon Jun 16 13:00:51 2025]
Finished job 35.
36 of 44 steps (82%) done
[Mon Jun 16 13:00:51 2025]
Finished job 22.
37 of 44 steps (84%) done
Select jobs to execute...

[Mon Jun 16 13:00:51 2025]
rule sigprofilerextractorcnv:
    input: /home/user/MARTA/LABO/PULPO/PULPO_synthetic/CNVprueba/results/CNVs/Patients/Syntheticpatient1/SigProfiler/results/MatrixGenerator/Syntheticpatient1.CNV48.matrix.tsv
    output: /home/user/MARTA/LABO/PULPO/PULPO_synthetic/CNVprueba/results/CNVs/Patients/Syntheticpatient1/SigProfiler/results/Extractor
    jobid: 32
    reason: Missing output files: /home/user/MARTA/LABO/PULPO/PULPO_synthetic/CNVprueba/results/CNVs/Patients/Syntheticpatient1/SigProfiler/results/Extractor; Input files updated by another job: /home/user/MARTA/LABO/PULPO/PULPO_synthetic/CNVprueba/results/CNVs/Patients/Syntheticpatient1/SigProfiler/results/MatrixGenerator/Syntheticpatient1.CNV48.matrix.tsv
    wildcards: anonymised=Syntheticpatient1
    resources: tmpdir=/tmp

[Mon Jun 16 13:00:51 2025]
Finished job 30.
38 of 44 steps (86%) done
Select jobs to execute...

[Mon Jun 16 13:00:51 2025]
rule sigprofilerextractorcnv:
    input: /home/user/MARTA/LABO/PULPO/PULPO_synthetic/CNVprueba/results/CNVs/Patients/Syntheticpatient9/SigProfiler/results/MatrixGenerator/Syntheticpatient9.CNV48.matrix.tsv
    output: /home/user/MARTA/LABO/PULPO/PULPO_synthetic/CNVprueba/results/CNVs/Patients/Syntheticpatient9/SigProfiler/results/Extractor
    jobid: 40
    reason: Missing output files: /home/user/MARTA/LABO/PULPO/PULPO_synthetic/CNVprueba/results/CNVs/Patients/Syntheticpatient9/SigProfiler/results/Extractor; Input files updated by another job: /home/user/MARTA/LABO/PULPO/PULPO_synthetic/CNVprueba/results/CNVs/Patients/Syntheticpatient9/SigProfiler/results/MatrixGenerator/Syntheticpatient9.CNV48.matrix.tsv
    wildcards: anonymised=Syntheticpatient9
    resources: tmpdir=/tmp


[Mon Jun 16 13:00:51 2025]
rule mergepatientcnvs:
    input: /home/user/MARTA/LABO/PULPO/PULPO_synthetic/CNVprueba/results/CNVs/Patients/Syntheticpatient1/SigProfiler/results/MatrixGenerator/Syntheticpatient1.CNV48.matrix.tsv, /home/user/MARTA/LABO/PULPO/PULPO_synthetic/CNVprueba/results/CNVs/Patients/Syntheticpatient2/SigProfiler/results/MatrixGenerator/Syntheticpatient2.CNV48.matrix.tsv, /home/user/MARTA/LABO/PULPO/PULPO_synthetic/CNVprueba/results/CNVs/Patients/Syntheticpatient3/SigProfiler/results/MatrixGenerator/Syntheticpatient3.CNV48.matrix.tsv, /home/user/MARTA/LABO/PULPO/PULPO_synthetic/CNVprueba/results/CNVs/Patients/Syntheticpatient4/SigProfiler/results/MatrixGenerator/Syntheticpatient4.CNV48.matrix.tsv, /home/user/MARTA/LABO/PULPO/PULPO_synthetic/CNVprueba/results/CNVs/Patients/Syntheticpatient5/SigProfiler/results/MatrixGenerator/Syntheticpatient5.CNV48.matrix.tsv, /home/user/MARTA/LABO/PULPO/PULPO_synthetic/CNVprueba/results/CNVs/Patients/Syntheticpatient6/SigProfiler/results/MatrixGenerator/Syntheticpatient6.CNV48.matrix.tsv, /home/user/MARTA/LABO/PULPO/PULPO_synthetic/CNVprueba/results/CNVs/Patients/Syntheticpatient7/SigProfiler/results/MatrixGenerator/Syntheticpatient7.CNV48.matrix.tsv, /home/user/MARTA/LABO/PULPO/PULPO_synthetic/CNVprueba/results/CNVs/Patients/Syntheticpatient8/SigProfiler/results/MatrixGenerator/Syntheticpatient8.CNV48.matrix.tsv, /home/user/MARTA/LABO/PULPO/PULPO_synthetic/CNVprueba/results/CNVs/Patients/Syntheticpatient9/SigProfiler/results/MatrixGenerator/Syntheticpatient9.CNV48.matrix.tsv, /home/user/MARTA/LABO/PULPO/PULPO_synthetic/CNVprueba/results/CNVs/Patients/Syntheticpatient10/SigProfiler/results/MatrixGenerator/Syntheticpatient10.CNV48.matrix.tsv, /home/user/MARTA/LABO/PULPO/PULPO_synthetic/CNVprueba/logs/CNVs/Patients/Syntheticpatient1/SigProfiler/sigprofilercnvmatrixgenerator.log, /home/user/MARTA/LABO/PULPO/PULPO_synthetic/CNVprueba/logs/CNVs/Patients/Syntheticpatient2/SigProfiler/sigprofilercnvmatrixgenerator.log, /home/user/MARTA/LABO/PULPO/PULPO_synthetic/CNVprueba/logs/CNVs/Patients/Syntheticpatient3/SigProfiler/sigprofilercnvmatrixgenerator.log, /home/user/MARTA/LABO/PULPO/PULPO_synthetic/CNVprueba/logs/CNVs/Patients/Syntheticpatient4/SigProfiler/sigprofilercnvmatrixgenerator.log, /home/user/MARTA/LABO/PULPO/PULPO_synthetic/CNVprueba/logs/CNVs/Patients/Syntheticpatient5/SigProfiler/sigprofilercnvmatrixgenerator.log, /home/user/MARTA/LABO/PULPO/PULPO_synthetic/CNVprueba/logs/CNVs/Patients/Syntheticpatient6/SigProfiler/sigprofilercnvmatrixgenerator.log, /home/user/MARTA/LABO/PULPO/PULPO_synthetic/CNVprueba/logs/CNVs/Patients/Syntheticpatient7/SigProfiler/sigprofilercnvmatrixgenerator.log, /home/user/MARTA/LABO/PULPO/PULPO_synthetic/CNVprueba/logs/CNVs/Patients/Syntheticpatient8/SigProfiler/sigprofilercnvmatrixgenerator.log, /home/user/MARTA/LABO/PULPO/PULPO_synthetic/CNVprueba/logs/CNVs/Patients/Syntheticpatient9/SigProfiler/sigprofilercnvmatrixgenerator.log, /home/user/MARTA/LABO/PULPO/PULPO_synthetic/CNVprueba/logs/CNVs/Patients/Syntheticpatient10/SigProfiler/sigprofilercnvmatrixgenerator.log
    output: /home/user/MARTA/LABO/PULPO/PULPO_synthetic/CNVprueba/results/CNVs/Cohort/SigProfiler/MatrixGenerator/Cohort.CNV48.matrix.tsv
    log: /home/user/MARTA/LABO/PULPO/PULPO_synthetic/CNVprueba/logs/CNVs/Cohort/mergepatients/mergepatientscnvs.log
    jobid: 42
    reason: Missing output files: /home/user/MARTA/LABO/PULPO/PULPO_synthetic/CNVprueba/results/CNVs/Cohort/SigProfiler/MatrixGenerator/Cohort.CNV48.matrix.tsv; Input files updated by another job: /home/user/MARTA/LABO/PULPO/PULPO_synthetic/CNVprueba/logs/CNVs/Patients/Syntheticpatient10/SigProfiler/sigprofilercnvmatrixgenerator.log, /home/user/MARTA/LABO/PULPO/PULPO_synthetic/CNVprueba/results/CNVs/Patients/Syntheticpatient5/SigProfiler/results/MatrixGenerator/Syntheticpatient5.CNV48.matrix.tsv, /home/user/MARTA/LABO/PULPO/PULPO_synthetic/CNVprueba/results/CNVs/Patients/Syntheticpatient3/SigProfiler/results/MatrixGenerator/Syntheticpatient3.CNV48.matrix.tsv, /home/user/MARTA/LABO/PULPO/PULPO_synthetic/CNVprueba/logs/CNVs/Patients/Syntheticpatient4/SigProfiler/sigprofilercnvmatrixgenerator.log, /home/user/MARTA/LABO/PULPO/PULPO_synthetic/CNVprueba/results/CNVs/Patients/Syntheticpatient1/SigProfiler/results/MatrixGenerator/Syntheticpatient1.CNV48.matrix.tsv, /home/user/MARTA/LABO/PULPO/PULPO_synthetic/CNVprueba/logs/CNVs/Patients/Syntheticpatient9/SigProfiler/sigprofilercnvmatrixgenerator.log, /home/user/MARTA/LABO/PULPO/PULPO_synthetic/CNVprueba/logs/CNVs/Patients/Syntheticpatient3/SigProfiler/sigprofilercnvmatrixgenerator.log, /home/user/MARTA/LABO/PULPO/PULPO_synthetic/CNVprueba/results/CNVs/Patients/Syntheticpatient2/SigProfiler/results/MatrixGenerator/Syntheticpatient2.CNV48.matrix.tsv, /home/user/MARTA/LABO/PULPO/PULPO_synthetic/CNVprueba/results/CNVs/Patients/Syntheticpatient10/SigProfiler/results/MatrixGenerator/Syntheticpatient10.CNV48.matrix.tsv, /home/user/MARTA/LABO/PULPO/PULPO_synthetic/CNVprueba/logs/CNVs/Patients/Syntheticpatient6/SigProfiler/sigprofilercnvmatrixgenerator.log, /home/user/MARTA/LABO/PULPO/PULPO_synthetic/CNVprueba/logs/CNVs/Patients/Syntheticpatient1/SigProfiler/sigprofilercnvmatrixgenerator.log, /home/user/MARTA/LABO/PULPO/PULPO_synthetic/CNVprueba/results/CNVs/Patients/Syntheticpatient7/SigProfiler/results/MatrixGenerator/Syntheticpatient7.CNV48.matrix.tsv, /home/user/MARTA/LABO/PULPO/PULPO_synthetic/CNVprueba/results/CNVs/Patients/Syntheticpatient4/SigProfiler/results/MatrixGenerator/Syntheticpatient4.CNV48.matrix.tsv, /home/user/MARTA/LABO/PULPO/PULPO_synthetic/CNVprueba/logs/CNVs/Patients/Syntheticpatient5/SigProfiler/sigprofilercnvmatrixgenerator.log, /home/user/MARTA/LABO/PULPO/PULPO_synthetic/CNVprueba/logs/CNVs/Patients/Syntheticpatient8/SigProfiler/sigprofilercnvmatrixgenerator.log, /home/user/MARTA/LABO/PULPO/PULPO_synthetic/CNVprueba/results/CNVs/Patients/Syntheticpatient6/SigProfiler/results/MatrixGenerator/Syntheticpatient6.CNV48.matrix.tsv, /home/user/MARTA/LABO/PULPO/PULPO_synthetic/CNVprueba/logs/CNVs/Patients/Syntheticpatient2/SigProfiler/sigprofilercnvmatrixgenerator.log, /home/user/MARTA/LABO/PULPO/PULPO_synthetic/CNVprueba/results/CNVs/Patients/Syntheticpatient8/SigProfiler/results/MatrixGenerator/Syntheticpatient8.CNV48.matrix.tsv, /home/user/MARTA/LABO/PULPO/PULPO_synthetic/CNVprueba/results/CNVs/Patients/Syntheticpatient9/SigProfiler/results/MatrixGenerator/Syntheticpatient9.CNV48.matrix.tsv, /home/user/MARTA/LABO/PULPO/PULPO_synthetic/CNVprueba/logs/CNVs/Patients/Syntheticpatient7/SigProfiler/sigprofilercnvmatrixgenerator.log
    resources: tmpdir=/tmp

[Mon Jun 16 13:00:51 2025]
Finished job 42.
39 of 44 steps (89%) done
Select jobs to execute...

[Mon Jun 16 13:00:51 2025]
rule sigprofilerextractorcnvscohort:
    input: /home/user/MARTA/LABO/PULPO/PULPO_synthetic/CNVprueba/results/CNVs/Cohort/SigProfiler/MatrixGenerator/Cohort.CNV48.matrix.tsv
    output: /home/user/MARTA/LABO/PULPO/PULPO_synthetic/CNVprueba/results/CNVs/Cohort/SigProfiler/Extractor
    log: /home/user/MARTA/LABO/PULPO/PULPO_synthetic/CNVprueba/logs/CNVs/Cohort/SigProfiler/sigprofilercnvextractorcnvscohort.log
    jobid: 43
    reason: Missing output files: /home/user/MARTA/LABO/PULPO/PULPO_synthetic/CNVprueba/results/CNVs/Cohort/SigProfiler/Extractor; Input files updated by another job: /home/user/MARTA/LABO/PULPO/PULPO_synthetic/CNVprueba/results/CNVs/Cohort/SigProfiler/MatrixGenerator/Cohort.CNV48.matrix.tsv
    resources: tmpdir=/tmp

[Mon Jun 16 13:00:55 2025]
Finished job 34.
40 of 44 steps (91%) done
[Mon Jun 16 13:01:51 2025]
Finished job 32.
41 of 44 steps (93%) done
[Mon Jun 16 13:01:53 2025]
Finished job 40.
42 of 44 steps (95%) done
[Mon Jun 16 13:07:37 2025]
Finished job 43.
43 of 44 steps (98%) done
Select jobs to execute...

[Mon Jun 16 13:07:37 2025]
localrule all:
    input: /home/user/MARTA/LABO/PULPO/PULPO_synthetic/CNVprueba/logs/DATA/descompressOGM/succesfulldescompresion.txt, /home/user/MARTA/LABO/PULPO/PULPO_synthetic/CNVprueba/logs/DATA/descompressOGM/succesfulldescompresion.txt, /home/user/MARTA/LABO/PULPO/PULPO_synthetic/CNVprueba/results/CNVs/Patients/Syntheticpatient1/Check/check_cnvs_done.txt, /home/user/MARTA/LABO/PULPO/PULPO_synthetic/CNVprueba/results/CNVs/Patients/Syntheticpatient2/Check/check_cnvs_done.txt, /home/user/MARTA/LABO/PULPO/PULPO_synthetic/CNVprueba/results/CNVs/Patients/Syntheticpatient3/Check/check_cnvs_done.txt, /home/user/MARTA/LABO/PULPO/PULPO_synthetic/CNVprueba/results/CNVs/Patients/Syntheticpatient4/Check/check_cnvs_done.txt, /home/user/MARTA/LABO/PULPO/PULPO_synthetic/CNVprueba/results/CNVs/Patients/Syntheticpatient5/Check/check_cnvs_done.txt, /home/user/MARTA/LABO/PULPO/PULPO_synthetic/CNVprueba/results/CNVs/Patients/Syntheticpatient6/Check/check_cnvs_done.txt, /home/user/MARTA/LABO/PULPO/PULPO_synthetic/CNVprueba/results/CNVs/Patients/Syntheticpatient7/Check/check_cnvs_done.txt, /home/user/MARTA/LABO/PULPO/PULPO_synthetic/CNVprueba/results/CNVs/Patients/Syntheticpatient8/Check/check_cnvs_done.txt, /home/user/MARTA/LABO/PULPO/PULPO_synthetic/CNVprueba/results/CNVs/Patients/Syntheticpatient9/Check/check_cnvs_done.txt, /home/user/MARTA/LABO/PULPO/PULPO_synthetic/CNVprueba/results/CNVs/Patients/Syntheticpatient10/Check/check_cnvs_done.txt, /home/user/MARTA/LABO/PULPO/PULPO_synthetic/CNVprueba/results/CNVs/Patients/Syntheticpatient1/SigProfiler/data/SigProfilerCNVdf.tsv, /home/user/MARTA/LABO/PULPO/PULPO_synthetic/CNVprueba/results/CNVs/Patients/Syntheticpatient2/SigProfiler/data/SigProfilerCNVdf.tsv, /home/user/MARTA/LABO/PULPO/PULPO_synthetic/CNVprueba/results/CNVs/Patients/Syntheticpatient3/SigProfiler/data/SigProfilerCNVdf.tsv, /home/user/MARTA/LABO/PULPO/PULPO_synthetic/CNVprueba/results/CNVs/Patients/Syntheticpatient4/SigProfiler/data/SigProfilerCNVdf.tsv, /home/user/MARTA/LABO/PULPO/PULPO_synthetic/CNVprueba/results/CNVs/Patients/Syntheticpatient5/SigProfiler/data/SigProfilerCNVdf.tsv, /home/user/MARTA/LABO/PULPO/PULPO_synthetic/CNVprueba/results/CNVs/Patients/Syntheticpatient6/SigProfiler/data/SigProfilerCNVdf.tsv, /home/user/MARTA/LABO/PULPO/PULPO_synthetic/CNVprueba/results/CNVs/Patients/Syntheticpatient7/SigProfiler/data/SigProfilerCNVdf.tsv, /home/user/MARTA/LABO/PULPO/PULPO_synthetic/CNVprueba/results/CNVs/Patients/Syntheticpatient8/SigProfiler/data/SigProfilerCNVdf.tsv, /home/user/MARTA/LABO/PULPO/PULPO_synthetic/CNVprueba/results/CNVs/Patients/Syntheticpatient9/SigProfiler/data/SigProfilerCNVdf.tsv, /home/user/MARTA/LABO/PULPO/PULPO_synthetic/CNVprueba/results/CNVs/Patients/Syntheticpatient10/SigProfiler/data/SigProfilerCNVdf.tsv, /home/user/MARTA/LABO/PULPO/PULPO_synthetic/CNVprueba/logs/CNVs/Patients/Syntheticpatient1/SigProfiler/sigprofilercnvmatrixgenerator.log, /home/user/MARTA/LABO/PULPO/PULPO_synthetic/CNVprueba/logs/CNVs/Patients/Syntheticpatient2/SigProfiler/sigprofilercnvmatrixgenerator.log, /home/user/MARTA/LABO/PULPO/PULPO_synthetic/CNVprueba/logs/CNVs/Patients/Syntheticpatient3/SigProfiler/sigprofilercnvmatrixgenerator.log, /home/user/MARTA/LABO/PULPO/PULPO_synthetic/CNVprueba/logs/CNVs/Patients/Syntheticpatient4/SigProfiler/sigprofilercnvmatrixgenerator.log, /home/user/MARTA/LABO/PULPO/PULPO_synthetic/CNVprueba/logs/CNVs/Patients/Syntheticpatient5/SigProfiler/sigprofilercnvmatrixgenerator.log, /home/user/MARTA/LABO/PULPO/PULPO_synthetic/CNVprueba/logs/CNVs/Patients/Syntheticpatient6/SigProfiler/sigprofilercnvmatrixgenerator.log, /home/user/MARTA/LABO/PULPO/PULPO_synthetic/CNVprueba/logs/CNVs/Patients/Syntheticpatient7/SigProfiler/sigprofilercnvmatrixgenerator.log, /home/user/MARTA/LABO/PULPO/PULPO_synthetic/CNVprueba/logs/CNVs/Patients/Syntheticpatient8/SigProfiler/sigprofilercnvmatrixgenerator.log, /home/user/MARTA/LABO/PULPO/PULPO_synthetic/CNVprueba/logs/CNVs/Patients/Syntheticpatient9/SigProfiler/sigprofilercnvmatrixgenerator.log, /home/user/MARTA/LABO/PULPO/PULPO_synthetic/CNVprueba/logs/CNVs/Patients/Syntheticpatient10/SigProfiler/sigprofilercnvmatrixgenerator.log, /home/user/MARTA/LABO/PULPO/PULPO_synthetic/CNVprueba/results/CNVs/Patients/Syntheticpatient1/SigProfiler/results/MatrixGenerator/Syntheticpatient1.CNV48.matrix.tsv, /home/user/MARTA/LABO/PULPO/PULPO_synthetic/CNVprueba/results/CNVs/Patients/Syntheticpatient2/SigProfiler/results/MatrixGenerator/Syntheticpatient2.CNV48.matrix.tsv, /home/user/MARTA/LABO/PULPO/PULPO_synthetic/CNVprueba/results/CNVs/Patients/Syntheticpatient3/SigProfiler/results/MatrixGenerator/Syntheticpatient3.CNV48.matrix.tsv, /home/user/MARTA/LABO/PULPO/PULPO_synthetic/CNVprueba/results/CNVs/Patients/Syntheticpatient4/SigProfiler/results/MatrixGenerator/Syntheticpatient4.CNV48.matrix.tsv, /home/user/MARTA/LABO/PULPO/PULPO_synthetic/CNVprueba/results/CNVs/Patients/Syntheticpatient5/SigProfiler/results/MatrixGenerator/Syntheticpatient5.CNV48.matrix.tsv, /home/user/MARTA/LABO/PULPO/PULPO_synthetic/CNVprueba/results/CNVs/Patients/Syntheticpatient6/SigProfiler/results/MatrixGenerator/Syntheticpatient6.CNV48.matrix.tsv, /home/user/MARTA/LABO/PULPO/PULPO_synthetic/CNVprueba/results/CNVs/Patients/Syntheticpatient7/SigProfiler/results/MatrixGenerator/Syntheticpatient7.CNV48.matrix.tsv, /home/user/MARTA/LABO/PULPO/PULPO_synthetic/CNVprueba/results/CNVs/Patients/Syntheticpatient8/SigProfiler/results/MatrixGenerator/Syntheticpatient8.CNV48.matrix.tsv, /home/user/MARTA/LABO/PULPO/PULPO_synthetic/CNVprueba/results/CNVs/Patients/Syntheticpatient9/SigProfiler/results/MatrixGenerator/Syntheticpatient9.CNV48.matrix.tsv, /home/user/MARTA/LABO/PULPO/PULPO_synthetic/CNVprueba/results/CNVs/Patients/Syntheticpatient10/SigProfiler/results/MatrixGenerator/Syntheticpatient10.CNV48.matrix.tsv, /home/user/MARTA/LABO/PULPO/PULPO_synthetic/CNVprueba/results/CNVs/Patients/Syntheticpatient1/SigProfiler/results/MatrixGenerator/Syntheticpatient1.CNV48.matrix.tsv, /home/user/MARTA/LABO/PULPO/PULPO_synthetic/CNVprueba/results/CNVs/Patients/Syntheticpatient2/SigProfiler/results/MatrixGenerator/Syntheticpatient2.CNV48.matrix.tsv, /home/user/MARTA/LABO/PULPO/PULPO_synthetic/CNVprueba/results/CNVs/Patients/Syntheticpatient3/SigProfiler/results/MatrixGenerator/Syntheticpatient3.CNV48.matrix.tsv, /home/user/MARTA/LABO/PULPO/PULPO_synthetic/CNVprueba/results/CNVs/Patients/Syntheticpatient4/SigProfiler/results/MatrixGenerator/Syntheticpatient4.CNV48.matrix.tsv, /home/user/MARTA/LABO/PULPO/PULPO_synthetic/CNVprueba/results/CNVs/Patients/Syntheticpatient5/SigProfiler/results/MatrixGenerator/Syntheticpatient5.CNV48.matrix.tsv, /home/user/MARTA/LABO/PULPO/PULPO_synthetic/CNVprueba/results/CNVs/Patients/Syntheticpatient6/SigProfiler/results/MatrixGenerator/Syntheticpatient6.CNV48.matrix.tsv, /home/user/MARTA/LABO/PULPO/PULPO_synthetic/CNVprueba/results/CNVs/Patients/Syntheticpatient7/SigProfiler/results/MatrixGenerator/Syntheticpatient7.CNV48.matrix.tsv, /home/user/MARTA/LABO/PULPO/PULPO_synthetic/CNVprueba/results/CNVs/Patients/Syntheticpatient8/SigProfiler/results/MatrixGenerator/Syntheticpatient8.CNV48.matrix.tsv, /home/user/MARTA/LABO/PULPO/PULPO_synthetic/CNVprueba/results/CNVs/Patients/Syntheticpatient9/SigProfiler/results/MatrixGenerator/Syntheticpatient9.CNV48.matrix.tsv, /home/user/MARTA/LABO/PULPO/PULPO_synthetic/CNVprueba/results/CNVs/Patients/Syntheticpatient10/SigProfiler/results/MatrixGenerator/Syntheticpatient10.CNV48.matrix.tsv, /home/user/MARTA/LABO/PULPO/PULPO_synthetic/CNVprueba/results/CNVs/Patients/Syntheticpatient1/SigProfiler/results/Extractor, /home/user/MARTA/LABO/PULPO/PULPO_synthetic/CNVprueba/results/CNVs/Patients/Syntheticpatient2/SigProfiler/results/Extractor, /home/user/MARTA/LABO/PULPO/PULPO_synthetic/CNVprueba/results/CNVs/Patients/Syntheticpatient3/SigProfiler/results/Extractor, /home/user/MARTA/LABO/PULPO/PULPO_synthetic/CNVprueba/results/CNVs/Patients/Syntheticpatient4/SigProfiler/results/Extractor, /home/user/MARTA/LABO/PULPO/PULPO_synthetic/CNVprueba/results/CNVs/Patients/Syntheticpatient5/SigProfiler/results/Extractor, /home/user/MARTA/LABO/PULPO/PULPO_synthetic/CNVprueba/results/CNVs/Patients/Syntheticpatient6/SigProfiler/results/Extractor, /home/user/MARTA/LABO/PULPO/PULPO_synthetic/CNVprueba/results/CNVs/Patients/Syntheticpatient7/SigProfiler/results/Extractor, /home/user/MARTA/LABO/PULPO/PULPO_synthetic/CNVprueba/results/CNVs/Patients/Syntheticpatient8/SigProfiler/results/Extractor, /home/user/MARTA/LABO/PULPO/PULPO_synthetic/CNVprueba/results/CNVs/Patients/Syntheticpatient9/SigProfiler/results/Extractor, /home/user/MARTA/LABO/PULPO/PULPO_synthetic/CNVprueba/results/CNVs/Patients/Syntheticpatient10/SigProfiler/results/Extractor, /home/user/MARTA/LABO/PULPO/PULPO_synthetic/CNVprueba/results/CNVs/Cohort/SigProfiler/MatrixGenerator/Cohort.CNV48.matrix.tsv, /home/user/MARTA/LABO/PULPO/PULPO_synthetic/CNVprueba/results/CNVs/Cohort/SigProfiler/Extractor
    jobid: 0
    reason: Input files updated by another job: /home/user/MARTA/LABO/PULPO/PULPO_synthetic/CNVprueba/results/CNVs/Patients/Syntheticpatient5/Check/check_cnvs_done.txt, /home/user/MARTA/LABO/PULPO/PULPO_synthetic/CNVprueba/results/CNVs/Patients/Syntheticpatient5/SigProfiler/results/MatrixGenerator/Syntheticpatient5.CNV48.matrix.tsv, /home/user/MARTA/LABO/PULPO/PULPO_synthetic/CNVprueba/logs/CNVs/Patients/Syntheticpatient4/SigProfiler/sigprofilercnvmatrixgenerator.log, /home/user/MARTA/LABO/PULPO/PULPO_synthetic/CNVprueba/results/CNVs/Cohort/SigProfiler/MatrixGenerator/Cohort.CNV48.matrix.tsv, /home/user/MARTA/LABO/PULPO/PULPO_synthetic/CNVprueba/results/CNVs/Patients/Syntheticpatient9/Check/check_cnvs_done.txt, /home/user/MARTA/LABO/PULPO/PULPO_synthetic/CNVprueba/results/CNVs/Patients/Syntheticpatient1/SigProfiler/results/MatrixGenerator/Syntheticpatient1.CNV48.matrix.tsv, /home/user/MARTA/LABO/PULPO/PULPO_synthetic/CNVprueba/logs/CNVs/Patients/Syntheticpatient3/SigProfiler/sigprofilercnvmatrixgenerator.log, /home/user/MARTA/LABO/PULPO/PULPO_synthetic/CNVprueba/results/CNVs/Patients/Syntheticpatient10/Check/check_cnvs_done.txt, /home/user/MARTA/LABO/PULPO/PULPO_synthetic/CNVprueba/results/CNVs/Patients/Syntheticpatient2/SigProfiler/results/MatrixGenerator/Syntheticpatient2.CNV48.matrix.tsv, /home/user/MARTA/LABO/PULPO/PULPO_synthetic/CNVprueba/results/CNVs/Patients/Syntheticpatient10/SigProfiler/results/MatrixGenerator/Syntheticpatient10.CNV48.matrix.tsv, /home/user/MARTA/LABO/PULPO/PULPO_synthetic/CNVprueba/results/CNVs/Patients/Syntheticpatient6/SigProfiler/data/SigProfilerCNVdf.tsv, /home/user/MARTA/LABO/PULPO/PULPO_synthetic/CNVprueba/results/CNVs/Patients/Syntheticpatient2/Check/check_cnvs_done.txt, /home/user/MARTA/LABO/PULPO/PULPO_synthetic/CNVprueba/logs/CNVs/Patients/Syntheticpatient1/SigProfiler/sigprofilercnvmatrixgenerator.log, /home/user/MARTA/LABO/PULPO/PULPO_synthetic/CNVprueba/results/CNVs/Patients/Syntheticpatient7/SigProfiler/results/MatrixGenerator/Syntheticpatient7.CNV48.matrix.tsv, /home/user/MARTA/LABO/PULPO/PULPO_synthetic/CNVprueba/results/CNVs/Patients/Syntheticpatient4/SigProfiler/results/Extractor, /home/user/MARTA/LABO/PULPO/PULPO_synthetic/CNVprueba/results/CNVs/Patients/Syntheticpatient6/SigProfiler/results/MatrixGenerator/Syntheticpatient6.CNV48.matrix.tsv, /home/user/MARTA/LABO/PULPO/PULPO_synthetic/CNVprueba/results/CNVs/Patients/Syntheticpatient8/Check/check_cnvs_done.txt, /home/user/MARTA/LABO/PULPO/PULPO_synthetic/CNVprueba/results/CNVs/Cohort/SigProfiler/Extractor, /home/user/MARTA/LABO/PULPO/PULPO_synthetic/CNVprueba/results/CNVs/Patients/Syntheticpatient4/SigProfiler/data/SigProfilerCNVdf.tsv, /home/user/MARTA/LABO/PULPO/PULPO_synthetic/CNVprueba/results/CNVs/Patients/Syntheticpatient6/SigProfiler/results/Extractor, /home/user/MARTA/LABO/PULPO/PULPO_synthetic/CNVprueba/logs/DATA/descompressOGM/succesfulldescompresion.txt, /home/user/MARTA/LABO/PULPO/PULPO_synthetic/CNVprueba/results/CNVs/Patients/Syntheticpatient10/SigProfiler/data/SigProfilerCNVdf.tsv, /home/user/MARTA/LABO/PULPO/PULPO_synthetic/CNVprueba/results/CNVs/Patients/Syntheticpatient5/SigProfiler/results/Extractor, /home/user/MARTA/LABO/PULPO/PULPO_synthetic/CNVprueba/results/CNVs/Patients/Syntheticpatient9/SigProfiler/results/MatrixGenerator/Syntheticpatient9.CNV48.matrix.tsv, /home/user/MARTA/LABO/PULPO/PULPO_synthetic/CNVprueba/results/CNVs/Patients/Syntheticpatient7/SigProfiler/data/SigProfilerCNVdf.tsv, /home/user/MARTA/LABO/PULPO/PULPO_synthetic/CNVprueba/results/CNVs/Patients/Syntheticpatient4/Check/check_cnvs_done.txt, /home/user/MARTA/LABO/PULPO/PULPO_synthetic/CNVprueba/logs/CNVs/Patients/Syntheticpatient7/SigProfiler/sigprofilercnvmatrixgenerator.log, /home/user/MARTA/LABO/PULPO/PULPO_synthetic/CNVprueba/results/CNVs/Patients/Syntheticpatient8/SigProfiler/results/Extractor, /home/user/MARTA/LABO/PULPO/PULPO_synthetic/CNVprueba/logs/CNVs/Patients/Syntheticpatient10/SigProfiler/sigprofilercnvmatrixgenerator.log, /home/user/MARTA/LABO/PULPO/PULPO_synthetic/CNVprueba/results/CNVs/Patients/Syntheticpatient3/SigProfiler/results/MatrixGenerator/Syntheticpatient3.CNV48.matrix.tsv, /home/user/MARTA/LABO/PULPO/PULPO_synthetic/CNVprueba/results/CNVs/Patients/Syntheticpatient3/Check/check_cnvs_done.txt, /home/user/MARTA/LABO/PULPO/PULPO_synthetic/CNVprueba/results/CNVs/Patients/Syntheticpatient1/SigProfiler/results/Extractor, /home/user/MARTA/LABO/PULPO/PULPO_synthetic/CNVprueba/logs/CNVs/Patients/Syntheticpatient9/SigProfiler/sigprofilercnvmatrixgenerator.log, /home/user/MARTA/LABO/PULPO/PULPO_synthetic/CNVprueba/results/CNVs/Patients/Syntheticpatient1/SigProfiler/data/SigProfilerCNVdf.tsv, /home/user/MARTA/LABO/PULPO/PULPO_synthetic/CNVprueba/results/CNVs/Patients/Syntheticpatient6/Check/check_cnvs_done.txt, /home/user/MARTA/LABO/PULPO/PULPO_synthetic/CNVprueba/results/CNVs/Patients/Syntheticpatient5/SigProfiler/data/SigProfilerCNVdf.tsv, /home/user/MARTA/LABO/PULPO/PULPO_synthetic/CNVprueba/results/CNVs/Patients/Syntheticpatient1/Check/check_cnvs_done.txt, /home/user/MARTA/LABO/PULPO/PULPO_synthetic/CNVprueba/logs/CNVs/Patients/Syntheticpatient6/SigProfiler/sigprofilercnvmatrixgenerator.log, /home/user/MARTA/LABO/PULPO/PULPO_synthetic/CNVprueba/results/CNVs/Patients/Syntheticpatient8/SigProfiler/data/SigProfilerCNVdf.tsv, /home/user/MARTA/LABO/PULPO/PULPO_synthetic/CNVprueba/results/CNVs/Patients/Syntheticpatient2/SigProfiler/data/SigProfilerCNVdf.tsv, /home/user/MARTA/LABO/PULPO/PULPO_synthetic/CNVprueba/results/CNVs/Patients/Syntheticpatient4/SigProfiler/results/MatrixGenerator/Syntheticpatient4.CNV48.matrix.tsv, /home/user/MARTA/LABO/PULPO/PULPO_synthetic/CNVprueba/logs/CNVs/Patients/Syntheticpatient5/SigProfiler/sigprofilercnvmatrixgenerator.log, /home/user/MARTA/LABO/PULPO/PULPO_synthetic/CNVprueba/logs/CNVs/Patients/Syntheticpatient8/SigProfiler/sigprofilercnvmatrixgenerator.log, /home/user/MARTA/LABO/PULPO/PULPO_synthetic/CNVprueba/results/CNVs/Patients/Syntheticpatient10/SigProfiler/results/Extractor, /home/user/MARTA/LABO/PULPO/PULPO_synthetic/CNVprueba/results/CNVs/Patients/Syntheticpatient3/SigProfiler/results/Extractor, /home/user/MARTA/LABO/PULPO/PULPO_synthetic/CNVprueba/results/CNVs/Patients/Syntheticpatient7/Check/check_cnvs_done.txt, /home/user/MARTA/LABO/PULPO/PULPO_synthetic/CNVprueba/results/CNVs/Patients/Syntheticpatient3/SigProfiler/data/SigProfilerCNVdf.tsv, /home/user/MARTA/LABO/PULPO/PULPO_synthetic/CNVprueba/logs/CNVs/Patients/Syntheticpatient2/SigProfiler/sigprofilercnvmatrixgenerator.log, /home/user/MARTA/LABO/PULPO/PULPO_synthetic/CNVprueba/results/CNVs/Patients/Syntheticpatient8/SigProfiler/results/MatrixGenerator/Syntheticpatient8.CNV48.matrix.tsv, /home/user/MARTA/LABO/PULPO/PULPO_synthetic/CNVprueba/results/CNVs/Patients/Syntheticpatient9/SigProfiler/data/SigProfilerCNVdf.tsv, /home/user/MARTA/LABO/PULPO/PULPO_synthetic/CNVprueba/results/CNVs/Patients/Syntheticpatient7/SigProfiler/results/Extractor, /home/user/MARTA/LABO/PULPO/PULPO_synthetic/CNVprueba/results/CNVs/Patients/Syntheticpatient9/SigProfiler/results/Extractor, /home/user/MARTA/LABO/PULPO/PULPO_synthetic/CNVprueba/results/CNVs/Patients/Syntheticpatient2/SigProfiler/results/Extractor
    resources: tmpdir=/tmp

[Mon Jun 16 13:07:37 2025]
Finished job 0.
44 of 44 steps (100%) done
Complete log: .snakemake/log/2025-06-16T125819.132935.snakemake.log
