Building DAG of jobs...
Using shell: /usr/bin/bash
Provided cores: 4
Rules claiming more threads will be scaled down.
Job stats:
job                               count
------------------------------  -------
all                                   1
bedpetosigprofiler                    8
bionanotosigprofilercnv               4
check_svs                             2
formatbedpe                           2
mergepatientcnvs                      1
mergepatients                         1
sigprofilerextractor                 10
sigprofilerextractorcnv              10
sigprofilerextractorcnvscohort        1
sigprofilerextractorcohort            1
sigprofilermatrixgenerator           10
sigprofilermatrixgeneratorcnv        10
total                                61

Select jobs to execute...

[Thu Jun 12 17:41:01 2025]
rule bedpetosigprofiler:
    input: /home/user/MARTA/LABO/PULPO/PULPO_synthetic/results/SVs/Patients/Syntheticpatient4/ProcessData/Syntheticpatient4.bedpe
    output: /home/user/MARTA/LABO/PULPO/PULPO_synthetic/results/SVs/Patients/Syntheticpatient4/SigProfiler/data/SigProfilerSVdf.bedpe
    log: /home/user/MARTA/LABO/PULPO/PULPO_synthetic/logs/SVs/Patients/Syntheticpatient4/SigProfiler/bedpetosigprofilermatrix.log
    jobid: 25
    reason: Missing output files: /home/user/MARTA/LABO/PULPO/PULPO_synthetic/results/SVs/Patients/Syntheticpatient4/SigProfiler/data/SigProfilerSVdf.bedpe
    wildcards: anonymised=Syntheticpatient4
    resources: tmpdir=/tmp


[Thu Jun 12 17:41:02 2025]
rule bedpetosigprofiler:
    input: /home/user/MARTA/LABO/PULPO/PULPO_synthetic/results/SVs/Patients/Syntheticpatient1/ProcessData/Syntheticpatient1.bedpe
    output: /home/user/MARTA/LABO/PULPO/PULPO_synthetic/results/SVs/Patients/Syntheticpatient1/SigProfiler/data/SigProfilerSVdf.bedpe
    log: /home/user/MARTA/LABO/PULPO/PULPO_synthetic/logs/SVs/Patients/Syntheticpatient1/SigProfiler/bedpetosigprofilermatrix.log
    jobid: 22
    reason: Missing output files: /home/user/MARTA/LABO/PULPO/PULPO_synthetic/results/SVs/Patients/Syntheticpatient1/SigProfiler/data/SigProfilerSVdf.bedpe
    wildcards: anonymised=Syntheticpatient1
    resources: tmpdir=/tmp


[Thu Jun 12 17:41:02 2025]
rule bionanotosigprofilercnv:
    input: /home/user/MARTA/LABO/PULPO/PULPO_synthetic/results/CNVs/Patients/Syntheticpatient4/Check/check_cnvs_done.txt
    output: /home/user/MARTA/LABO/PULPO/PULPO_synthetic/results/CNVs/Patients/Syntheticpatient4/SigProfiler/data/SigProfilerCNVdf.tsv
    log: /home/user/MARTA/LABO/PULPO/PULPO_synthetic/logs/CNVs/Patients/Syntheticpatient4/SigProfiler/bionanotosigprofilercnv.log
    jobid: 67
    reason: Missing output files: /home/user/MARTA/LABO/PULPO/PULPO_synthetic/results/CNVs/Patients/Syntheticpatient4/SigProfiler/data/SigProfilerCNVdf.tsv
    wildcards: anonymised=Syntheticpatient4
    resources: tmpdir=/tmp


[Thu Jun 12 17:41:02 2025]
rule sigprofilermatrixgenerator:
    input: /home/user/MARTA/LABO/PULPO/PULPO_synthetic/results/SVs/Patients/Syntheticpatient6/SigProfiler/data/SigProfilerSVdf.bedpe
    output: /home/user/MARTA/LABO/PULPO/PULPO_synthetic/results/SVs/Patients/Syntheticpatient6/SigProfiler/results/MatrixGenerator, /home/user/MARTA/LABO/PULPO/PULPO_synthetic/results/SVs/Patients/Syntheticpatient6/SigProfiler/results/MatrixGenerator/Syntheticpatient6.SV32.matrix.tsv
    log: /home/user/MARTA/LABO/PULPO/PULPO_synthetic/logs/SVs/Patients/Syntheticpatient6/SigProfiler/sigprofilermatrix.log
    jobid: 37
    reason: Missing output files: /home/user/MARTA/LABO/PULPO/PULPO_synthetic/results/SVs/Patients/Syntheticpatient6/SigProfiler/results/MatrixGenerator, /home/user/MARTA/LABO/PULPO/PULPO_synthetic/results/SVs/Patients/Syntheticpatient6/SigProfiler/results/MatrixGenerator/Syntheticpatient6.SV32.matrix.tsv
    wildcards: anonymised=Syntheticpatient6
    resources: tmpdir=/tmp

[Thu Jun 12 17:41:03 2025]
Finished job 67.
1 of 61 steps (2%) done
Select jobs to execute...

[Thu Jun 12 17:41:03 2025]
rule sigprofilermatrixgeneratorcnv:
    input: /home/user/MARTA/LABO/PULPO/PULPO_synthetic/results/CNVs/Patients/Syntheticpatient9/SigProfiler/data/SigProfilerCNVdf.tsv
    output: /home/user/MARTA/LABO/PULPO/PULPO_synthetic/results/CNVs/Patients/Syntheticpatient9/SigProfiler/results/MatrixGenerator, /home/user/MARTA/LABO/PULPO/PULPO_synthetic/results/CNVs/Patients/Syntheticpatient9/SigProfiler/results/MatrixGenerator/Syntheticpatient9.CNV48.matrix.tsv, /home/user/MARTA/LABO/PULPO/PULPO_synthetic/logs/CNVs/Patients/Syntheticpatient9/SigProfiler/sigprofilercnvmatrixgenerator.log
    jobid: 82
    reason: Missing output files: /home/user/MARTA/LABO/PULPO/PULPO_synthetic/results/CNVs/Patients/Syntheticpatient9/SigProfiler/results/MatrixGenerator/Syntheticpatient9.CNV48.matrix.tsv, /home/user/MARTA/LABO/PULPO/PULPO_synthetic/logs/CNVs/Patients/Syntheticpatient9/SigProfiler/sigprofilercnvmatrixgenerator.log
    wildcards: anonymised=Syntheticpatient9
    resources: tmpdir=/tmp

[Thu Jun 12 17:41:04 2025]
Finished job 25.
2 of 61 steps (3%) done
Select jobs to execute...

[Thu Jun 12 17:41:04 2025]
rule sigprofilermatrixgenerator:
    input: /home/user/MARTA/LABO/PULPO/PULPO_synthetic/results/SVs/Patients/Syntheticpatient4/SigProfiler/data/SigProfilerSVdf.bedpe
    output: /home/user/MARTA/LABO/PULPO/PULPO_synthetic/results/SVs/Patients/Syntheticpatient4/SigProfiler/results/MatrixGenerator, /home/user/MARTA/LABO/PULPO/PULPO_synthetic/results/SVs/Patients/Syntheticpatient4/SigProfiler/results/MatrixGenerator/Syntheticpatient4.SV32.matrix.tsv
    log: /home/user/MARTA/LABO/PULPO/PULPO_synthetic/logs/SVs/Patients/Syntheticpatient4/SigProfiler/sigprofilermatrix.log
    jobid: 35
    reason: Missing output files: /home/user/MARTA/LABO/PULPO/PULPO_synthetic/results/SVs/Patients/Syntheticpatient4/SigProfiler/results/MatrixGenerator, /home/user/MARTA/LABO/PULPO/PULPO_synthetic/logs/SVs/Patients/Syntheticpatient4/SigProfiler/sigprofilermatrix.log, /home/user/MARTA/LABO/PULPO/PULPO_synthetic/results/SVs/Patients/Syntheticpatient4/SigProfiler/results/MatrixGenerator/Syntheticpatient4.SV32.matrix.tsv; Input files updated by another job: /home/user/MARTA/LABO/PULPO/PULPO_synthetic/results/SVs/Patients/Syntheticpatient4/SigProfiler/data/SigProfilerSVdf.bedpe
    wildcards: anonymised=Syntheticpatient4
    resources: tmpdir=/tmp

[Thu Jun 12 17:41:04 2025]
Finished job 22.
3 of 61 steps (5%) done
Select jobs to execute...

[Thu Jun 12 17:41:04 2025]
rule bedpetosigprofiler:
    input: /home/user/MARTA/LABO/PULPO/PULPO_synthetic/results/SVs/Patients/Syntheticpatient3/ProcessData/Syntheticpatient3.bedpe
    output: /home/user/MARTA/LABO/PULPO/PULPO_synthetic/results/SVs/Patients/Syntheticpatient3/SigProfiler/data/SigProfilerSVdf.bedpe
    log: /home/user/MARTA/LABO/PULPO/PULPO_synthetic/logs/SVs/Patients/Syntheticpatient3/SigProfiler/bedpetosigprofilermatrix.log
    jobid: 24
    reason: Missing output files: /home/user/MARTA/LABO/PULPO/PULPO_synthetic/results/SVs/Patients/Syntheticpatient3/SigProfiler/data/SigProfilerSVdf.bedpe
    wildcards: anonymised=Syntheticpatient3
    resources: tmpdir=/tmp

[Thu Jun 12 17:41:06 2025]
Finished job 24.
4 of 61 steps (7%) done
Select jobs to execute...

[Thu Jun 12 17:41:06 2025]
rule bionanotosigprofilercnv:
    input: /home/user/MARTA/LABO/PULPO/PULPO_synthetic/results/CNVs/Patients/Syntheticpatient6/Check/check_cnvs_done.txt
    output: /home/user/MARTA/LABO/PULPO/PULPO_synthetic/results/CNVs/Patients/Syntheticpatient6/SigProfiler/data/SigProfilerCNVdf.tsv
    log: /home/user/MARTA/LABO/PULPO/PULPO_synthetic/logs/CNVs/Patients/Syntheticpatient6/SigProfiler/bionanotosigprofilercnv.log
    jobid: 69
    reason: Missing output files: /home/user/MARTA/LABO/PULPO/PULPO_synthetic/results/CNVs/Patients/Syntheticpatient6/SigProfiler/data/SigProfilerCNVdf.tsv
    wildcards: anonymised=Syntheticpatient6
    resources: tmpdir=/tmp

[Thu Jun 12 17:41:07 2025]
Finished job 69.
5 of 61 steps (8%) done
Select jobs to execute...

[Thu Jun 12 17:41:07 2025]
rule sigprofilermatrixgeneratorcnv:
    input: /home/user/MARTA/LABO/PULPO/PULPO_synthetic/results/CNVs/Patients/Syntheticpatient2/SigProfiler/data/SigProfilerCNVdf.tsv
    output: /home/user/MARTA/LABO/PULPO/PULPO_synthetic/results/CNVs/Patients/Syntheticpatient2/SigProfiler/results/MatrixGenerator, /home/user/MARTA/LABO/PULPO/PULPO_synthetic/results/CNVs/Patients/Syntheticpatient2/SigProfiler/results/MatrixGenerator/Syntheticpatient2.CNV48.matrix.tsv, /home/user/MARTA/LABO/PULPO/PULPO_synthetic/logs/CNVs/Patients/Syntheticpatient2/SigProfiler/sigprofilercnvmatrixgenerator.log
    jobid: 75
    reason: Missing output files: /home/user/MARTA/LABO/PULPO/PULPO_synthetic/results/CNVs/Patients/Syntheticpatient2/SigProfiler/results/MatrixGenerator/Syntheticpatient2.CNV48.matrix.tsv, /home/user/MARTA/LABO/PULPO/PULPO_synthetic/logs/CNVs/Patients/Syntheticpatient2/SigProfiler/sigprofilercnvmatrixgenerator.log
    wildcards: anonymised=Syntheticpatient2
    resources: tmpdir=/tmp

Waiting at most 5 seconds for missing files.
MissingOutputException in rule sigprofilermatrixgenerator in file /home/user/MARTA/LABO/PULPO/PULPO_synthetic/rules/2.1_Individualanalysis_SVs.smk, line 1:
Job 37  completed successfully, but some output files are missing. Missing files after 5 seconds. This might be due to filesystem latency. If that is the case, consider to increase the wait time with --latency-wait:
/home/user/MARTA/LABO/PULPO/PULPO_synthetic/results/SVs/Patients/Syntheticpatient6/SigProfiler/results/MatrixGenerator/Syntheticpatient6.SV32.matrix.tsv
Removing output files of failed job sigprofilermatrixgenerator since they might be corrupted:
/home/user/MARTA/LABO/PULPO/PULPO_synthetic/results/SVs/Patients/Syntheticpatient6/SigProfiler/results/MatrixGenerator
Waiting at most 5 seconds for missing files.
MissingOutputException in rule sigprofilermatrixgeneratorcnv in file /home/user/MARTA/LABO/PULPO/PULPO_synthetic/rules/2.2_Individualanalysis_CNVs.smk, line 1:
Job 82  completed successfully, but some output files are missing. Missing files after 5 seconds. This might be due to filesystem latency. If that is the case, consider to increase the wait time with --latency-wait:
/home/user/MARTA/LABO/PULPO/PULPO_synthetic/results/CNVs/Patients/Syntheticpatient9/SigProfiler/results/MatrixGenerator/Syntheticpatient9.CNV48.matrix.tsv
Removing output files of failed job sigprofilermatrixgeneratorcnv since they might be corrupted:
/home/user/MARTA/LABO/PULPO/PULPO_synthetic/results/CNVs/Patients/Syntheticpatient9/SigProfiler/results/MatrixGenerator, /home/user/MARTA/LABO/PULPO/PULPO_synthetic/logs/CNVs/Patients/Syntheticpatient9/SigProfiler/sigprofilercnvmatrixgenerator.log
Waiting at most 5 seconds for missing files.
MissingOutputException in rule sigprofilermatrixgeneratorcnv in file /home/user/MARTA/LABO/PULPO/PULPO_synthetic/rules/2.2_Individualanalysis_CNVs.smk, line 1:
Job 75  completed successfully, but some output files are missing. Missing files after 5 seconds. This might be due to filesystem latency. If that is the case, consider to increase the wait time with --latency-wait:
/home/user/MARTA/LABO/PULPO/PULPO_synthetic/results/CNVs/Patients/Syntheticpatient2/SigProfiler/results/MatrixGenerator/Syntheticpatient2.CNV48.matrix.tsv
Removing output files of failed job sigprofilermatrixgeneratorcnv since they might be corrupted:
/home/user/MARTA/LABO/PULPO/PULPO_synthetic/results/CNVs/Patients/Syntheticpatient2/SigProfiler/results/MatrixGenerator, /home/user/MARTA/LABO/PULPO/PULPO_synthetic/logs/CNVs/Patients/Syntheticpatient2/SigProfiler/sigprofilercnvmatrixgenerator.log
Waiting at most 5 seconds for missing files.
MissingOutputException in rule sigprofilermatrixgenerator in file /home/user/MARTA/LABO/PULPO/PULPO_synthetic/rules/2.1_Individualanalysis_SVs.smk, line 1:
Job 35  completed successfully, but some output files are missing. Missing files after 5 seconds. This might be due to filesystem latency. If that is the case, consider to increase the wait time with --latency-wait:
/home/user/MARTA/LABO/PULPO/PULPO_synthetic/results/SVs/Patients/Syntheticpatient4/SigProfiler/results/MatrixGenerator/Syntheticpatient4.SV32.matrix.tsv
Removing output files of failed job sigprofilermatrixgenerator since they might be corrupted:
/home/user/MARTA/LABO/PULPO/PULPO_synthetic/results/SVs/Patients/Syntheticpatient4/SigProfiler/results/MatrixGenerator
Shutting down, this might take some time.
Exiting because a job execution failed. Look above for error message
Complete log: .snakemake/log/2025-06-12T174058.099320.snakemake.log
