Building DAG of jobs...
Using shell: /usr/bin/bash
Provided cores: 1 (use --cores to define parallelism)
Rules claiming more threads will be scaled down.
Job stats:
job                 count
----------------  -------
all                     1
unzip_bionanocnv       13
total                  14

Select jobs to execute...

[Mon Dec  2 15:59:31 2024]
rule unzip_bionanocnv:
    input: /media/marta/MartaSSD/analisis_final/Bionanozips/Cells_1739
    output: /home/marta/TESIS/OGM+WES/PULPO_ejecutadoprueba/logs/unzip_bionanocnv/Cells_1739.log
    log: /home/marta/TESIS/OGM+WES/PULPO_ejecutadoprueba/logs/unzip_bionanocnv/Cells_1739.log
    jobid: 7
    reason: Code has changed since last execution
    wildcards: bionano=Cells_1739
    resources: tmpdir=/tmp

[Mon Dec  2 15:59:39 2024]
Finished job 7.
1 of 14 steps (7%) done
Select jobs to execute...

[Mon Dec  2 15:59:39 2024]
rule unzip_bionanocnv:
    input: /media/marta/MartaSSD/analisis_final/Bionanozips/Cells_3256
    output: /home/marta/TESIS/OGM+WES/PULPO_ejecutadoprueba/logs/unzip_bionanocnv/Cells_3256.log
    log: /home/marta/TESIS/OGM+WES/PULPO_ejecutadoprueba/logs/unzip_bionanocnv/Cells_3256.log
    jobid: 9
    reason: Code has changed since last execution
    wildcards: bionano=Cells_3256
    resources: tmpdir=/tmp

[Mon Dec  2 15:59:42 2024]
Finished job 9.
2 of 14 steps (14%) done
Select jobs to execute...

[Mon Dec  2 15:59:42 2024]
rule unzip_bionanocnv:
    input: /media/marta/MartaSSD/analisis_final/Bionanozips/Cells_3488
    output: /home/marta/TESIS/OGM+WES/PULPO_ejecutadoprueba/logs/unzip_bionanocnv/Cells_3488.log
    log: /home/marta/TESIS/OGM+WES/PULPO_ejecutadoprueba/logs/unzip_bionanocnv/Cells_3488.log
    jobid: 11
    reason: Code has changed since last execution
    wildcards: bionano=Cells_3488
    resources: tmpdir=/tmp

[Mon Dec  2 15:59:44 2024]
Finished job 11.
3 of 14 steps (21%) done
Select jobs to execute...

[Mon Dec  2 15:59:44 2024]
rule unzip_bionanocnv:
    input: /media/marta/MartaSSD/analisis_final/Bionanozips/Cells_3358
    output: /home/marta/TESIS/OGM+WES/PULPO_ejecutadoprueba/logs/unzip_bionanocnv/Cells_3358.log
    log: /home/marta/TESIS/OGM+WES/PULPO_ejecutadoprueba/logs/unzip_bionanocnv/Cells_3358.log
    jobid: 13
    reason: Code has changed since last execution
    wildcards: bionano=Cells_3358
    resources: tmpdir=/tmp

[Mon Dec  2 15:59:46 2024]
Finished job 13.
4 of 14 steps (29%) done
Select jobs to execute...

[Mon Dec  2 15:59:46 2024]
rule unzip_bionanocnv:
    input: /media/marta/MartaSSD/analisis_final/Bionanozips/Cells_2073
    output: /home/marta/TESIS/OGM+WES/PULPO_ejecutadoprueba/logs/unzip_bionanocnv/Cells_2073.log
    log: /home/marta/TESIS/OGM+WES/PULPO_ejecutadoprueba/logs/unzip_bionanocnv/Cells_2073.log
    jobid: 5
    reason: Code has changed since last execution
    wildcards: bionano=Cells_2073
    resources: tmpdir=/tmp

[Mon Dec  2 15:59:48 2024]
Finished job 5.
5 of 14 steps (36%) done
Select jobs to execute...

[Mon Dec  2 15:59:48 2024]
rule unzip_bionanocnv:
    input: /media/marta/MartaSSD/analisis_final/Bionanozips/Cells_3227
    output: /home/marta/TESIS/OGM+WES/PULPO_ejecutadoprueba/logs/unzip_bionanocnv/Cells_3227.log
    log: /home/marta/TESIS/OGM+WES/PULPO_ejecutadoprueba/logs/unzip_bionanocnv/Cells_3227.log
    jobid: 3
    reason: Code has changed since last execution
    wildcards: bionano=Cells_3227
    resources: tmpdir=/tmp

[Mon Dec  2 15:59:50 2024]
Finished job 3.
6 of 14 steps (43%) done
Select jobs to execute...

[Mon Dec  2 15:59:50 2024]
rule unzip_bionanocnv:
    input: /media/marta/MartaSSD/analisis_final/Bionanozips/Cells_3011
    output: /home/marta/TESIS/OGM+WES/PULPO_ejecutadoprueba/logs/unzip_bionanocnv/Cells_3011.log
    log: /home/marta/TESIS/OGM+WES/PULPO_ejecutadoprueba/logs/unzip_bionanocnv/Cells_3011.log
    jobid: 2
    reason: Code has changed since last execution
    wildcards: bionano=Cells_3011
    resources: tmpdir=/tmp

[Mon Dec  2 15:59:52 2024]
Finished job 2.
7 of 14 steps (50%) done
Select jobs to execute...

[Mon Dec  2 15:59:52 2024]
rule unzip_bionanocnv:
    input: /media/marta/MartaSSD/analisis_final/Bionanozips/Cells_1975
    output: /home/marta/TESIS/OGM+WES/PULPO_ejecutadoprueba/logs/unzip_bionanocnv/Cells_1975.log
    log: /home/marta/TESIS/OGM+WES/PULPO_ejecutadoprueba/logs/unzip_bionanocnv/Cells_1975.log
    jobid: 12
    reason: Code has changed since last execution
    wildcards: bionano=Cells_1975
    resources: tmpdir=/tmp

[Mon Dec  2 15:59:54 2024]
Finished job 12.
8 of 14 steps (57%) done
Select jobs to execute...

[Mon Dec  2 15:59:54 2024]
rule unzip_bionanocnv:
    input: /media/marta/MartaSSD/analisis_final/Bionanozips/Cells_3361_BM5
    output: /home/marta/TESIS/OGM+WES/PULPO_ejecutadoprueba/logs/unzip_bionanocnv/Cells_3361_BM5.log
    log: /home/marta/TESIS/OGM+WES/PULPO_ejecutadoprueba/logs/unzip_bionanocnv/Cells_3361_BM5.log
    jobid: 10
    reason: Code has changed since last execution
    wildcards: bionano=Cells_3361_BM5
    resources: tmpdir=/tmp

[Mon Dec  2 15:59:55 2024]
Finished job 10.
9 of 14 steps (64%) done
Select jobs to execute...

[Mon Dec  2 15:59:55 2024]
rule unzip_bionanocnv:
    input: /media/marta/MartaSSD/analisis_final/Bionanozips/Cells_3239
    output: /home/marta/TESIS/OGM+WES/PULPO_ejecutadoprueba/logs/unzip_bionanocnv/Cells_3239.log
    log: /home/marta/TESIS/OGM+WES/PULPO_ejecutadoprueba/logs/unzip_bionanocnv/Cells_3239.log
    jobid: 8
    reason: Code has changed since last execution
    wildcards: bionano=Cells_3239
    resources: tmpdir=/tmp

[Mon Dec  2 15:59:58 2024]
Finished job 8.
10 of 14 steps (71%) done
Select jobs to execute...

[Mon Dec  2 15:59:58 2024]
rule unzip_bionanocnv:
    input: /media/marta/MartaSSD/analisis_final/Bionanozips/Cells_3282
    output: /home/marta/TESIS/OGM+WES/PULPO_ejecutadoprueba/logs/unzip_bionanocnv/Cells_3282.log
    log: /home/marta/TESIS/OGM+WES/PULPO_ejecutadoprueba/logs/unzip_bionanocnv/Cells_3282.log
    jobid: 6
    reason: Code has changed since last execution
    wildcards: bionano=Cells_3282
    resources: tmpdir=/tmp

[Mon Dec  2 15:59:59 2024]
Finished job 6.
11 of 14 steps (79%) done
Select jobs to execute...

[Mon Dec  2 15:59:59 2024]
rule unzip_bionanocnv:
    input: /media/marta/MartaSSD/analisis_final/Bionanozips/Cells_1573
    output: /home/marta/TESIS/OGM+WES/PULPO_ejecutadoprueba/logs/unzip_bionanocnv/Cells_1573.log
    log: /home/marta/TESIS/OGM+WES/PULPO_ejecutadoprueba/logs/unzip_bionanocnv/Cells_1573.log
    jobid: 1
    reason: Code has changed since last execution
    wildcards: bionano=Cells_1573
    resources: tmpdir=/tmp

[Mon Dec  2 16:00:01 2024]
Finished job 1.
12 of 14 steps (86%) done
Select jobs to execute...

[Mon Dec  2 16:00:01 2024]
rule unzip_bionanocnv:
    input: /media/marta/MartaSSD/analisis_final/Bionanozips/Cells_3287
    output: /home/marta/TESIS/OGM+WES/PULPO_ejecutadoprueba/logs/unzip_bionanocnv/Cells_3287.log
    log: /home/marta/TESIS/OGM+WES/PULPO_ejecutadoprueba/logs/unzip_bionanocnv/Cells_3287.log
    jobid: 4
    reason: Code has changed since last execution
    wildcards: bionano=Cells_3287
    resources: tmpdir=/tmp

[Mon Dec  2 16:00:03 2024]
Finished job 4.
13 of 14 steps (93%) done
Select jobs to execute...

[Mon Dec  2 16:00:03 2024]
localrule all:
    input: /home/marta/TESIS/OGM+WES/PULPO_ejecutadoprueba/logs/unzip_bionanocnv/Cells_1573.log, /home/marta/TESIS/OGM+WES/PULPO_ejecutadoprueba/logs/unzip_bionanocnv/Cells_1573.log, /home/marta/TESIS/OGM+WES/PULPO_ejecutadoprueba/logs/unzip_bionanocnv/Cells_3011.log, /home/marta/TESIS/OGM+WES/PULPO_ejecutadoprueba/logs/unzip_bionanocnv/Cells_3011.log, /home/marta/TESIS/OGM+WES/PULPO_ejecutadoprueba/logs/unzip_bionanocnv/Cells_3227.log, /home/marta/TESIS/OGM+WES/PULPO_ejecutadoprueba/logs/unzip_bionanocnv/Cells_3227.log, /home/marta/TESIS/OGM+WES/PULPO_ejecutadoprueba/logs/unzip_bionanocnv/Cells_3287.log, /home/marta/TESIS/OGM+WES/PULPO_ejecutadoprueba/logs/unzip_bionanocnv/Cells_3287.log, /home/marta/TESIS/OGM+WES/PULPO_ejecutadoprueba/logs/unzip_bionanocnv/Cells_2073.log, /home/marta/TESIS/OGM+WES/PULPO_ejecutadoprueba/logs/unzip_bionanocnv/Cells_2073.log, /home/marta/TESIS/OGM+WES/PULPO_ejecutadoprueba/logs/unzip_bionanocnv/Cells_3282.log, /home/marta/TESIS/OGM+WES/PULPO_ejecutadoprueba/logs/unzip_bionanocnv/Cells_3282.log, /home/marta/TESIS/OGM+WES/PULPO_ejecutadoprueba/logs/unzip_bionanocnv/Cells_1739.log, /home/marta/TESIS/OGM+WES/PULPO_ejecutadoprueba/logs/unzip_bionanocnv/Cells_1739.log, /home/marta/TESIS/OGM+WES/PULPO_ejecutadoprueba/logs/unzip_bionanocnv/Cells_3239.log, /home/marta/TESIS/OGM+WES/PULPO_ejecutadoprueba/logs/unzip_bionanocnv/Cells_3239.log, /home/marta/TESIS/OGM+WES/PULPO_ejecutadoprueba/logs/unzip_bionanocnv/Cells_3256.log, /home/marta/TESIS/OGM+WES/PULPO_ejecutadoprueba/logs/unzip_bionanocnv/Cells_3256.log, /home/marta/TESIS/OGM+WES/PULPO_ejecutadoprueba/logs/unzip_bionanocnv/Cells_3361_BM5.log, /home/marta/TESIS/OGM+WES/PULPO_ejecutadoprueba/logs/unzip_bionanocnv/Cells_3361_BM5.log, /home/marta/TESIS/OGM+WES/PULPO_ejecutadoprueba/logs/unzip_bionanocnv/Cells_3488.log, /home/marta/TESIS/OGM+WES/PULPO_ejecutadoprueba/logs/unzip_bionanocnv/Cells_3488.log, /home/marta/TESIS/OGM+WES/PULPO_ejecutadoprueba/logs/unzip_bionanocnv/Cells_1975.log, /home/marta/TESIS/OGM+WES/PULPO_ejecutadoprueba/logs/unzip_bionanocnv/Cells_1975.log, /home/marta/TESIS/OGM+WES/PULPO_ejecutadoprueba/logs/unzip_bionanocnv/Cells_3358.log, /home/marta/TESIS/OGM+WES/PULPO_ejecutadoprueba/logs/unzip_bionanocnv/Cells_3358.log
    jobid: 0
    reason: Input files updated by another job: /home/marta/TESIS/OGM+WES/PULPO_ejecutadoprueba/logs/unzip_bionanocnv/Cells_3282.log, /home/marta/TESIS/OGM+WES/PULPO_ejecutadoprueba/logs/unzip_bionanocnv/Cells_3239.log, /home/marta/TESIS/OGM+WES/PULPO_ejecutadoprueba/logs/unzip_bionanocnv/Cells_1739.log, /home/marta/TESIS/OGM+WES/PULPO_ejecutadoprueba/logs/unzip_bionanocnv/Cells_3361_BM5.log, /home/marta/TESIS/OGM+WES/PULPO_ejecutadoprueba/logs/unzip_bionanocnv/Cells_3358.log, /home/marta/TESIS/OGM+WES/PULPO_ejecutadoprueba/logs/unzip_bionanocnv/Cells_3011.log, /home/marta/TESIS/OGM+WES/PULPO_ejecutadoprueba/logs/unzip_bionanocnv/Cells_1573.log, /home/marta/TESIS/OGM+WES/PULPO_ejecutadoprueba/logs/unzip_bionanocnv/Cells_3287.log, /home/marta/TESIS/OGM+WES/PULPO_ejecutadoprueba/logs/unzip_bionanocnv/Cells_2073.log, /home/marta/TESIS/OGM+WES/PULPO_ejecutadoprueba/logs/unzip_bionanocnv/Cells_3227.log, /home/marta/TESIS/OGM+WES/PULPO_ejecutadoprueba/logs/unzip_bionanocnv/Cells_3488.log, /home/marta/TESIS/OGM+WES/PULPO_ejecutadoprueba/logs/unzip_bionanocnv/Cells_1975.log, /home/marta/TESIS/OGM+WES/PULPO_ejecutadoprueba/logs/unzip_bionanocnv/Cells_3256.log
    resources: tmpdir=/tmp

[Mon Dec  2 16:00:03 2024]
Finished job 0.
14 of 14 steps (100%) done
Complete log: .snakemake/log/2024-12-02T155930.740783.snakemake.log
